Removed Pin From Net: NetName=GND Pin=C64-1
Removed Pin From Net: NetName=5V0_INT Pin=C64-2
Removed Pin From Net: NetName=VDD_MCU Pin=PROG-1
Removed Pin From Net: NetName=NetC29_2 Pin=PROG-4
Removed Pin From Net: NetName=GND Pin=PROG-5
Removed Pin From Net: NetName=NetLED27_1 Pin=R159-1
Removed Pin From Net: NetName=NetJ9_5 Pin=U5-19
Removed Member From Class: ClassName=RGB LEDs Member=C52
Removed Member From Class: ClassName=RGB LEDs Member=C53
Removed Member From Class: ClassName=RGB LEDs Member=C54
Removed Member From Class: ClassName=RGB LEDs Member=C55
Removed Member From Class: ClassName=RGB LEDs Member=C56
Removed Member From Class: ClassName=RGB LEDs Member=C57
Removed Member From Class: ClassName=RGB LEDs Member=C58
Removed Member From Class: ClassName=RGB LEDs Member=C59
Removed Member From Class: ClassName=RGB LEDs Member=C60
Removed Member From Class: ClassName=RGB LEDs Member=C61
Removed Member From Class: ClassName=RGB LEDs Member=C62
Removed Member From Class: ClassName=RGB LEDs Member=C63
Removed Member From Class: ClassName=RGB LEDs Member=C64
Removed Member From Class: ClassName=RGB LEDs Member=C65
Removed Member From Class: ClassName=RGB LEDs Member=C66
Removed Member From Class: ClassName=RGB LEDs Member=LED13
Removed Member From Class: ClassName=RGB LEDs Member=LED14
Removed Member From Class: ClassName=RGB LEDs Member=LED15
Removed Member From Class: ClassName=RGB LEDs Member=LED16
Removed Member From Class: ClassName=RGB LEDs Member=LED17
Removed Member From Class: ClassName=RGB LEDs Member=LED18
Removed Member From Class: ClassName=RGB LEDs Member=LED19
Removed Member From Class: ClassName=RGB LEDs Member=LED20
Removed Member From Class: ClassName=RGB LEDs Member=LED21
Removed Member From Class: ClassName=RGB LEDs Member=LED22
Removed Member From Class: ClassName=RGB LEDs Member=LED23
Removed Member From Class: ClassName=RGB LEDs Member=LED24
Removed Member From Class: ClassName=RGB LEDs Member=LED25
Removed Member From Class: ClassName=RGB LEDs Member=LED26
Removed Member From Class: ClassName=RGB LEDs Member=LED27
Removed Member From Class: ClassName=CONNECTORs Member=PROG
Removed Member From Class: ClassName=RGB LEDs Member=R159
Change Component Comment : Designator=J_EXTRA Old Comment=125SH-B-05-TS New Comment=533980771
Change Component Designator: OldDesignator=C65 NewDesignator=C64
Change Component Designator: OldDesignator=C66 NewDesignator=C65
Change component parameters: Designator = "DEVICE_ID"; Footprint = "218-8LPST"; UniqueID = "\WSSXFLLN"
Change component parameters. Clean all parameters for all variants
Change component parameters (AddParameter): Name = "Manufacturer"; Value = "CST"; VariantName = "[No Variations]"
Change component parameters (AddParameter): Name = "Operating Temp."; Value = "-40°C ~ 85°C "; VariantName = "[No Variations]"
Change component parameters (AddParameter): Name = "Package"; Value = "218-8LPST"; VariantName = "[No Variations]"
Change component parameters (AddParameter): Name = "Part Number"; Value = "218-8LPST"; VariantName = "[No Variations]"
Change component parameters (AddParameter): Name = "Place"; Value = "POP"; VariantName = "[No Variations]"
Change component parameters (AddParameter): Name = "Power"; Value = "N/A"; VariantName = "[No Variations]"
Change component parameters (AddParameter): Name = "Tolerance"; Value = "N/A"; VariantName = "[No Variations]"
Change component parameters (AddParameter): Name = "Value"; Value = "SPST-8POS"; VariantName = "[No Variations]"
Change component parameters (AddParameter): Name = "Voltage"; Value = "N/A"; VariantName = "[No Variations]"
Change component parameters: Designator = "LED1"; Footprint = "RGB_IN-PI22TAT5R5G5B"; UniqueID = "\MXUGYMDA"
Change component parameters. Clean all parameters for all variants
Change component parameters (AddParameter): Name = "Manufacturer"; Value = "Inolux"; VariantName = "[No Variations]"
Change component parameters (AddParameter): Name = "Operating Temp."; Value = "-40°C ~ 85°C "; VariantName = "[No Variations]"
Change component parameters (AddParameter): Name = "Package"; Value = "IN-PI22TAT5R5G5B"; VariantName = "[No Variations]"
Change component parameters (AddParameter): Name = "Part Number"; Value = "IN-PI22TAT5R5G5B"; VariantName = "[No Variations]"
Change component parameters (AddParameter): Name = "Place"; Value = "P"; VariantName = "[No Variations]"
Change component parameters (AddParameter): Name = "Power"; Value = "N/A"; VariantName = "[No Variations]"
Change component parameters (AddParameter): Name = "Tolerance"; Value = "N/A"; VariantName = "[No Variations]"
Change component parameters (AddParameter): Name = "Value"; Value = "N/A"; VariantName = "[No Variations]"
Change component parameters (AddParameter): Name = "Voltage"; Value = "N/A"; VariantName = "[No Variations]"
Change component parameters: Designator = "LED2"; Footprint = "RGB_IN-PI22TAT5R5G5B"; UniqueID = "\VKEYIPKL"
Change component parameters. Clean all parameters for all variants
Change component parameters (AddParameter): Name = "Manufacturer"; Value = "Inolux"; VariantName = "[No Variations]"
Change component parameters (AddParameter): Name = "Operating Temp."; Value = "-40°C ~ 85°C "; VariantName = "[No Variations]"
Change component parameters (AddParameter): Name = "Package"; Value = "IN-PI22TAT5R5G5B"; VariantName = "[No Variations]"
Change component parameters (AddParameter): Name = "Part Number"; Value = "IN-PI22TAT5R5G5B"; VariantName = "[No Variations]"
Change component parameters (AddParameter): Name = "Place"; Value = "P"; VariantName = "[No Variations]"
Change component parameters (AddParameter): Name = "Power"; Value = "N/A"; VariantName = "[No Variations]"
Change component parameters (AddParameter): Name = "Tolerance"; Value = "N/A"; VariantName = "[No Variations]"
Change component parameters (AddParameter): Name = "Value"; Value = "N/A"; VariantName = "[No Variations]"
Change component parameters (AddParameter): Name = "Voltage"; Value = "N/A"; VariantName = "[No Variations]"
Change component parameters: Designator = "LED3"; Footprint = "RGB_IN-PI22TAT5R5G5B"; UniqueID = "\OGVQJYBP"
Change component parameters. Clean all parameters for all variants
Change component parameters (AddParameter): Name = "Manufacturer"; Value = "Inolux"; VariantName = "[No Variations]"
Change component parameters (AddParameter): Name = "Operating Temp."; Value = "-40°C ~ 85°C "; VariantName = "[No Variations]"
Change component parameters (AddParameter): Name = "Package"; Value = "IN-PI22TAT5R5G5B"; VariantName = "[No Variations]"
Change component parameters (AddParameter): Name = "Part Number"; Value = "IN-PI22TAT5R5G5B"; VariantName = "[No Variations]"
Change component parameters (AddParameter): Name = "Place"; Value = "P"; VariantName = "[No Variations]"
Change component parameters (AddParameter): Name = "Power"; Value = "N/A"; VariantName = "[No Variations]"
Change component parameters (AddParameter): Name = "Tolerance"; Value = "N/A"; VariantName = "[No Variations]"
Change component parameters (AddParameter): Name = "Value"; Value = "N/A"; VariantName = "[No Variations]"
Change component parameters (AddParameter): Name = "Voltage"; Value = "N/A"; VariantName = "[No Variations]"
Change component parameters: Designator = "LED4"; Footprint = "RGB_IN-PI22TAT5R5G5B"; UniqueID = "\AFVKEJFY"
Change component parameters. Clean all parameters for all variants
Change component parameters (AddParameter): Name = "Manufacturer"; Value = "Inolux"; VariantName = "[No Variations]"
Change component parameters (AddParameter): Name = "Operating Temp."; Value = "-40°C ~ 85°C "; VariantName = "[No Variations]"
Change component parameters (AddParameter): Name = "Package"; Value = "IN-PI22TAT5R5G5B"; VariantName = "[No Variations]"
Change component parameters (AddParameter): Name = "Part Number"; Value = "IN-PI22TAT5R5G5B"; VariantName = "[No Variations]"
Change component parameters (AddParameter): Name = "Place"; Value = "P"; VariantName = "[No Variations]"
Change component parameters (AddParameter): Name = "Power"; Value = "N/A"; VariantName = "[No Variations]"
Change component parameters (AddParameter): Name = "Tolerance"; Value = "N/A"; VariantName = "[No Variations]"
Change component parameters (AddParameter): Name = "Value"; Value = "N/A"; VariantName = "[No Variations]"
Change component parameters (AddParameter): Name = "Voltage"; Value = "N/A"; VariantName = "[No Variations]"
Change component parameters: Designator = "LED5"; Footprint = "RGB_IN-PI22TAT5R5G5B"; UniqueID = "\GABVSXFM"
Change component parameters. Clean all parameters for all variants
Change component parameters (AddParameter): Name = "Manufacturer"; Value = "Inolux"; VariantName = "[No Variations]"
Change component parameters (AddParameter): Name = "Operating Temp."; Value = "-40°C ~ 85°C "; VariantName = "[No Variations]"
Change component parameters (AddParameter): Name = "Package"; Value = "IN-PI22TAT5R5G5B"; VariantName = "[No Variations]"
Change component parameters (AddParameter): Name = "Part Number"; Value = "IN-PI22TAT5R5G5B"; VariantName = "[No Variations]"
Change component parameters (AddParameter): Name = "Place"; Value = "P"; VariantName = "[No Variations]"
Change component parameters (AddParameter): Name = "Power"; Value = "N/A"; VariantName = "[No Variations]"
Change component parameters (AddParameter): Name = "Tolerance"; Value = "N/A"; VariantName = "[No Variations]"
Change component parameters (AddParameter): Name = "Value"; Value = "N/A"; VariantName = "[No Variations]"
Change component parameters (AddParameter): Name = "Voltage"; Value = "N/A"; VariantName = "[No Variations]"
Change component parameters: Designator = "LED6"; Footprint = "RGB_IN-PI22TAT5R5G5B"; UniqueID = "\DPKTPFIE"
Change component parameters. Clean all parameters for all variants
Change component parameters (AddParameter): Name = "Manufacturer"; Value = "Inolux"; VariantName = "[No Variations]"
Change component parameters (AddParameter): Name = "Operating Temp."; Value = "-40°C ~ 85°C "; VariantName = "[No Variations]"
Change component parameters (AddParameter): Name = "Package"; Value = "IN-PI22TAT5R5G5B"; VariantName = "[No Variations]"
Change component parameters (AddParameter): Name = "Part Number"; Value = "IN-PI22TAT5R5G5B"; VariantName = "[No Variations]"
Change component parameters (AddParameter): Name = "Place"; Value = "P"; VariantName = "[No Variations]"
Change component parameters (AddParameter): Name = "Power"; Value = "N/A"; VariantName = "[No Variations]"
Change component parameters (AddParameter): Name = "Tolerance"; Value = "N/A"; VariantName = "[No Variations]"
Change component parameters (AddParameter): Name = "Value"; Value = "N/A"; VariantName = "[No Variations]"
Change component parameters (AddParameter): Name = "Voltage"; Value = "N/A"; VariantName = "[No Variations]"
Change component parameters: Designator = "LED7"; Footprint = "RGB_IN-PI22TAT5R5G5B"; UniqueID = "\AWRDIHRO"
Change component parameters. Clean all parameters for all variants
Change component parameters (AddParameter): Name = "Manufacturer"; Value = "Inolux"; VariantName = "[No Variations]"
Change component parameters (AddParameter): Name = "Operating Temp."; Value = "-40°C ~ 85°C "; VariantName = "[No Variations]"
Change component parameters (AddParameter): Name = "Package"; Value = "IN-PI22TAT5R5G5B"; VariantName = "[No Variations]"
Change component parameters (AddParameter): Name = "Part Number"; Value = "IN-PI22TAT5R5G5B"; VariantName = "[No Variations]"
Change component parameters (AddParameter): Name = "Place"; Value = "P"; VariantName = "[No Variations]"
Change component parameters (AddParameter): Name = "Power"; Value = "N/A"; VariantName = "[No Variations]"
Change component parameters (AddParameter): Name = "Tolerance"; Value = "N/A"; VariantName = "[No Variations]"
Change component parameters (AddParameter): Name = "Value"; Value = "N/A"; VariantName = "[No Variations]"
Change component parameters (AddParameter): Name = "Voltage"; Value = "N/A"; VariantName = "[No Variations]"
Change component parameters: Designator = "LED8"; Footprint = "RGB_IN-PI22TAT5R5G5B"; UniqueID = "\CPQZZFYQ"
Change component parameters. Clean all parameters for all variants
Change component parameters (AddParameter): Name = "Manufacturer"; Value = "Inolux"; VariantName = "[No Variations]"
Change component parameters (AddParameter): Name = "Operating Temp."; Value = "-40°C ~ 85°C "; VariantName = "[No Variations]"
Change component parameters (AddParameter): Name = "Package"; Value = "IN-PI22TAT5R5G5B"; VariantName = "[No Variations]"
Change component parameters (AddParameter): Name = "Part Number"; Value = "IN-PI22TAT5R5G5B"; VariantName = "[No Variations]"
Change component parameters (AddParameter): Name = "Place"; Value = "P"; VariantName = "[No Variations]"
Change component parameters (AddParameter): Name = "Power"; Value = "N/A"; VariantName = "[No Variations]"
Change component parameters (AddParameter): Name = "Tolerance"; Value = "N/A"; VariantName = "[No Variations]"
Change component parameters (AddParameter): Name = "Value"; Value = "N/A"; VariantName = "[No Variations]"
Change component parameters (AddParameter): Name = "Voltage"; Value = "N/A"; VariantName = "[No Variations]"
Change component parameters: Designator = "LED9"; Footprint = "RGB_IN-PI22TAT5R5G5B"; UniqueID = "\XXYHZZAP"
Change component parameters. Clean all parameters for all variants
Change component parameters (AddParameter): Name = "Manufacturer"; Value = "Inolux"; VariantName = "[No Variations]"
Change component parameters (AddParameter): Name = "Operating Temp."; Value = "-40°C ~ 85°C "; VariantName = "[No Variations]"
Change component parameters (AddParameter): Name = "Package"; Value = "IN-PI22TAT5R5G5B"; VariantName = "[No Variations]"
Change component parameters (AddParameter): Name = "Part Number"; Value = "IN-PI22TAT5R5G5B"; VariantName = "[No Variations]"
Change component parameters (AddParameter): Name = "Place"; Value = "P"; VariantName = "[No Variations]"
Change component parameters (AddParameter): Name = "Power"; Value = "N/A"; VariantName = "[No Variations]"
Change component parameters (AddParameter): Name = "Tolerance"; Value = "N/A"; VariantName = "[No Variations]"
Change component parameters (AddParameter): Name = "Value"; Value = "N/A"; VariantName = "[No Variations]"
Change component parameters (AddParameter): Name = "Voltage"; Value = "N/A"; VariantName = "[No Variations]"
Change component parameters: Designator = "LED10"; Footprint = "RGB_IN-PI22TAT5R5G5B"; UniqueID = "\HWKPNRUB"
Change component parameters. Clean all parameters for all variants
Change component parameters (AddParameter): Name = "Manufacturer"; Value = "Inolux"; VariantName = "[No Variations]"
Change component parameters (AddParameter): Name = "Operating Temp."; Value = "-40°C ~ 85°C "; VariantName = "[No Variations]"
Change component parameters (AddParameter): Name = "Package"; Value = "IN-PI22TAT5R5G5B"; VariantName = "[No Variations]"
Change component parameters (AddParameter): Name = "Part Number"; Value = "IN-PI22TAT5R5G5B"; VariantName = "[No Variations]"
Change component parameters (AddParameter): Name = "Place"; Value = "P"; VariantName = "[No Variations]"
Change component parameters (AddParameter): Name = "Power"; Value = "N/A"; VariantName = "[No Variations]"
Change component parameters (AddParameter): Name = "Tolerance"; Value = "N/A"; VariantName = "[No Variations]"
Change component parameters (AddParameter): Name = "Value"; Value = "N/A"; VariantName = "[No Variations]"
Change component parameters (AddParameter): Name = "Voltage"; Value = "N/A"; VariantName = "[No Variations]"
Change component parameters: Designator = "LED11"; Footprint = "RGB_IN-PI22TAT5R5G5B"; UniqueID = "\JVYOCACN"
Change component parameters. Clean all parameters for all variants
Change component parameters (AddParameter): Name = "Manufacturer"; Value = "Inolux"; VariantName = "[No Variations]"
Change component parameters (AddParameter): Name = "Operating Temp."; Value = "-40°C ~ 85°C "; VariantName = "[No Variations]"
Change component parameters (AddParameter): Name = "Package"; Value = "IN-PI22TAT5R5G5B"; VariantName = "[No Variations]"
Change component parameters (AddParameter): Name = "Part Number"; Value = "IN-PI22TAT5R5G5B"; VariantName = "[No Variations]"
Change component parameters (AddParameter): Name = "Place"; Value = "P"; VariantName = "[No Variations]"
Change component parameters (AddParameter): Name = "Power"; Value = "N/A"; VariantName = "[No Variations]"
Change component parameters (AddParameter): Name = "Tolerance"; Value = "N/A"; VariantName = "[No Variations]"
Change component parameters (AddParameter): Name = "Value"; Value = "N/A"; VariantName = "[No Variations]"
Change component parameters (AddParameter): Name = "Voltage"; Value = "N/A"; VariantName = "[No Variations]"
Change component parameters: Designator = "LED12"; Footprint = "RGB_IN-PI22TAT5R5G5B"; UniqueID = "\WLPMCAXU"
Change component parameters. Clean all parameters for all variants
Change component parameters (AddParameter): Name = "Manufacturer"; Value = "Inolux"; VariantName = "[No Variations]"
Change component parameters (AddParameter): Name = "Operating Temp."; Value = "-40°C ~ 85°C "; VariantName = "[No Variations]"
Change component parameters (AddParameter): Name = "Package"; Value = "IN-PI22TAT5R5G5B"; VariantName = "[No Variations]"
Change component parameters (AddParameter): Name = "Part Number"; Value = "IN-PI22TAT5R5G5B"; VariantName = "[No Variations]"
Change component parameters (AddParameter): Name = "Place"; Value = "P"; VariantName = "[No Variations]"
Change component parameters (AddParameter): Name = "Power"; Value = "N/A"; VariantName = "[No Variations]"
Change component parameters (AddParameter): Name = "Tolerance"; Value = "N/A"; VariantName = "[No Variations]"
Change component parameters (AddParameter): Name = "Value"; Value = "N/A"; VariantName = "[No Variations]"
Change component parameters (AddParameter): Name = "Voltage"; Value = "N/A"; VariantName = "[No Variations]"
Change component parameters: Designator = "LED13"; Footprint = "RGB_IN-PI22TAT5R5G5B"; UniqueID = "\GATGMLEG"
Change component parameters. Clean all parameters for all variants
Change component parameters (AddParameter): Name = "Manufacturer"; Value = "Inolux"; VariantName = "[No Variations]"
Change component parameters (AddParameter): Name = "Operating Temp."; Value = "-40°C ~ 85°C "; VariantName = "[No Variations]"
Change component parameters (AddParameter): Name = "Package"; Value = "IN-PI22TAT5R5G5B"; VariantName = "[No Variations]"
Change component parameters (AddParameter): Name = "Part Number"; Value = "IN-PI22TAT5R5G5B"; VariantName = "[No Variations]"
Change component parameters (AddParameter): Name = "Place"; Value = "P"; VariantName = "[No Variations]"
Change component parameters (AddParameter): Name = "Power"; Value = "N/A"; VariantName = "[No Variations]"
Change component parameters (AddParameter): Name = "Tolerance"; Value = "N/A"; VariantName = "[No Variations]"
Change component parameters (AddParameter): Name = "Value"; Value = "N/A"; VariantName = "[No Variations]"
Change component parameters (AddParameter): Name = "Voltage"; Value = "N/A"; VariantName = "[No Variations]"
Change component parameters: Designator = "LED14"; Footprint = "RGB_IN-PI22TAT5R5G5B"; UniqueID = "\JJYWSUAE"
Change component parameters. Clean all parameters for all variants
Change component parameters (AddParameter): Name = "Manufacturer"; Value = "Inolux"; VariantName = "[No Variations]"
Change component parameters (AddParameter): Name = "Operating Temp."; Value = "-40°C ~ 85°C "; VariantName = "[No Variations]"
Change component parameters (AddParameter): Name = "Package"; Value = "IN-PI22TAT5R5G5B"; VariantName = "[No Variations]"
Change component parameters (AddParameter): Name = "Part Number"; Value = "IN-PI22TAT5R5G5B"; VariantName = "[No Variations]"
Change component parameters (AddParameter): Name = "Place"; Value = "P"; VariantName = "[No Variations]"
Change component parameters (AddParameter): Name = "Power"; Value = "N/A"; VariantName = "[No Variations]"
Change component parameters (AddParameter): Name = "Tolerance"; Value = "N/A"; VariantName = "[No Variations]"
Change component parameters (AddParameter): Name = "Value"; Value = "N/A"; VariantName = "[No Variations]"
Change component parameters (AddParameter): Name = "Voltage"; Value = "N/A"; VariantName = "[No Variations]"
Change component parameters: Designator = "LED15"; Footprint = "RGB_IN-PI22TAT5R5G5B"; UniqueID = "\EKKRKQOA"
Change component parameters. Clean all parameters for all variants
Change component parameters (AddParameter): Name = "Manufacturer"; Value = "Inolux"; VariantName = "[No Variations]"
Change component parameters (AddParameter): Name = "Operating Temp."; Value = "-40°C ~ 85°C "; VariantName = "[No Variations]"
Change component parameters (AddParameter): Name = "Package"; Value = "IN-PI22TAT5R5G5B"; VariantName = "[No Variations]"
Change component parameters (AddParameter): Name = "Part Number"; Value = "IN-PI22TAT5R5G5B"; VariantName = "[No Variations]"
Change component parameters (AddParameter): Name = "Place"; Value = "P"; VariantName = "[No Variations]"
Change component parameters (AddParameter): Name = "Power"; Value = "N/A"; VariantName = "[No Variations]"
Change component parameters (AddParameter): Name = "Tolerance"; Value = "N/A"; VariantName = "[No Variations]"
Change component parameters (AddParameter): Name = "Value"; Value = "N/A"; VariantName = "[No Variations]"
Change component parameters (AddParameter): Name = "Voltage"; Value = "N/A"; VariantName = "[No Variations]"
Change component parameters: Designator = "LED16"; Footprint = "RGB_IN-PI22TAT5R5G5B"; UniqueID = "\ONJMLXKE"
Change component parameters. Clean all parameters for all variants
Change component parameters (AddParameter): Name = "Manufacturer"; Value = "Inolux"; VariantName = "[No Variations]"
Change component parameters (AddParameter): Name = "Operating Temp."; Value = "-40°C ~ 85°C "; VariantName = "[No Variations]"
Change component parameters (AddParameter): Name = "Package"; Value = "IN-PI22TAT5R5G5B"; VariantName = "[No Variations]"
Change component parameters (AddParameter): Name = "Part Number"; Value = "IN-PI22TAT5R5G5B"; VariantName = "[No Variations]"
Change component parameters (AddParameter): Name = "Place"; Value = "P"; VariantName = "[No Variations]"
Change component parameters (AddParameter): Name = "Power"; Value = "N/A"; VariantName = "[No Variations]"
Change component parameters (AddParameter): Name = "Tolerance"; Value = "N/A"; VariantName = "[No Variations]"
Change component parameters (AddParameter): Name = "Value"; Value = "N/A"; VariantName = "[No Variations]"
Change component parameters (AddParameter): Name = "Voltage"; Value = "N/A"; VariantName = "[No Variations]"
Change component parameters: Designator = "LED17"; Footprint = "RGB_IN-PI22TAT5R5G5B"; UniqueID = "\AVLRGJPM"
Change component parameters. Clean all parameters for all variants
Change component parameters (AddParameter): Name = "Manufacturer"; Value = "Inolux"; VariantName = "[No Variations]"
Change component parameters (AddParameter): Name = "Operating Temp."; Value = "-40°C ~ 85°C "; VariantName = "[No Variations]"
Change component parameters (AddParameter): Name = "Package"; Value = "IN-PI22TAT5R5G5B"; VariantName = "[No Variations]"
Change component parameters (AddParameter): Name = "Part Number"; Value = "IN-PI22TAT5R5G5B"; VariantName = "[No Variations]"
Change component parameters (AddParameter): Name = "Place"; Value = "P"; VariantName = "[No Variations]"
Change component parameters (AddParameter): Name = "Power"; Value = "N/A"; VariantName = "[No Variations]"
Change component parameters (AddParameter): Name = "Tolerance"; Value = "N/A"; VariantName = "[No Variations]"
Change component parameters (AddParameter): Name = "Value"; Value = "N/A"; VariantName = "[No Variations]"
Change component parameters (AddParameter): Name = "Voltage"; Value = "N/A"; VariantName = "[No Variations]"
Change component parameters: Designator = "LED18"; Footprint = "RGB_IN-PI22TAT5R5G5B"; UniqueID = "\DJEHBPFA"
Change component parameters. Clean all parameters for all variants
Change component parameters (AddParameter): Name = "Manufacturer"; Value = "Inolux"; VariantName = "[No Variations]"
Change component parameters (AddParameter): Name = "Operating Temp."; Value = "-40°C ~ 85°C "; VariantName = "[No Variations]"
Change component parameters (AddParameter): Name = "Package"; Value = "IN-PI22TAT5R5G5B"; VariantName = "[No Variations]"
Change component parameters (AddParameter): Name = "Part Number"; Value = "IN-PI22TAT5R5G5B"; VariantName = "[No Variations]"
Change component parameters (AddParameter): Name = "Place"; Value = "P"; VariantName = "[No Variations]"
Change component parameters (AddParameter): Name = "Power"; Value = "N/A"; VariantName = "[No Variations]"
Change component parameters (AddParameter): Name = "Tolerance"; Value = "N/A"; VariantName = "[No Variations]"
Change component parameters (AddParameter): Name = "Value"; Value = "N/A"; VariantName = "[No Variations]"
Change component parameters (AddParameter): Name = "Voltage"; Value = "N/A"; VariantName = "[No Variations]"
Change component parameters: Designator = "LED19"; Footprint = "RGB_IN-PI22TAT5R5G5B"; UniqueID = "\SYYFKJSR"
Change component parameters. Clean all parameters for all variants
Change component parameters (AddParameter): Name = "Manufacturer"; Value = "Inolux"; VariantName = "[No Variations]"
Change component parameters (AddParameter): Name = "Operating Temp."; Value = "-40°C ~ 85°C "; VariantName = "[No Variations]"
Change component parameters (AddParameter): Name = "Package"; Value = "IN-PI22TAT5R5G5B"; VariantName = "[No Variations]"
Change component parameters (AddParameter): Name = "Part Number"; Value = "IN-PI22TAT5R5G5B"; VariantName = "[No Variations]"
Change component parameters (AddParameter): Name = "Place"; Value = "P"; VariantName = "[No Variations]"
Change component parameters (AddParameter): Name = "Power"; Value = "N/A"; VariantName = "[No Variations]"
Change component parameters (AddParameter): Name = "Tolerance"; Value = "N/A"; VariantName = "[No Variations]"
Change component parameters (AddParameter): Name = "Value"; Value = "N/A"; VariantName = "[No Variations]"
Change component parameters (AddParameter): Name = "Voltage"; Value = "N/A"; VariantName = "[No Variations]"
Change component parameters: Designator = "LED20"; Footprint = "RGB_IN-PI22TAT5R5G5B"; UniqueID = "\YRMEMSLN"
Change component parameters. Clean all parameters for all variants
Change component parameters (AddParameter): Name = "Manufacturer"; Value = "Inolux"; VariantName = "[No Variations]"
Change component parameters (AddParameter): Name = "Operating Temp."; Value = "-40°C ~ 85°C "; VariantName = "[No Variations]"
Change component parameters (AddParameter): Name = "Package"; Value = "IN-PI22TAT5R5G5B"; VariantName = "[No Variations]"
Change component parameters (AddParameter): Name = "Part Number"; Value = "IN-PI22TAT5R5G5B"; VariantName = "[No Variations]"
Change component parameters (AddParameter): Name = "Place"; Value = "P"; VariantName = "[No Variations]"
Change component parameters (AddParameter): Name = "Power"; Value = "N/A"; VariantName = "[No Variations]"
Change component parameters (AddParameter): Name = "Tolerance"; Value = "N/A"; VariantName = "[No Variations]"
Change component parameters (AddParameter): Name = "Value"; Value = "N/A"; VariantName = "[No Variations]"
Change component parameters (AddParameter): Name = "Voltage"; Value = "N/A"; VariantName = "[No Variations]"
Change component parameters: Designator = "LED21"; Footprint = "RGB_IN-PI22TAT5R5G5B"; UniqueID = "\HGOJSPRO"
Change component parameters. Clean all parameters for all variants
Change component parameters (AddParameter): Name = "Manufacturer"; Value = "Inolux"; VariantName = "[No Variations]"
Change component parameters (AddParameter): Name = "Operating Temp."; Value = "-40°C ~ 85°C "; VariantName = "[No Variations]"
Change component parameters (AddParameter): Name = "Package"; Value = "IN-PI22TAT5R5G5B"; VariantName = "[No Variations]"
Change component parameters (AddParameter): Name = "Part Number"; Value = "IN-PI22TAT5R5G5B"; VariantName = "[No Variations]"
Change component parameters (AddParameter): Name = "Place"; Value = "P"; VariantName = "[No Variations]"
Change component parameters (AddParameter): Name = "Power"; Value = "N/A"; VariantName = "[No Variations]"
Change component parameters (AddParameter): Name = "Tolerance"; Value = "N/A"; VariantName = "[No Variations]"
Change component parameters (AddParameter): Name = "Value"; Value = "N/A"; VariantName = "[No Variations]"
Change component parameters (AddParameter): Name = "Voltage"; Value = "N/A"; VariantName = "[No Variations]"
Change component parameters: Designator = "LED22"; Footprint = "RGB_IN-PI22TAT5R5G5B"; UniqueID = "\UWIYGCTO"
Change component parameters. Clean all parameters for all variants
Change component parameters (AddParameter): Name = "Manufacturer"; Value = "Inolux"; VariantName = "[No Variations]"
Change component parameters (AddParameter): Name = "Operating Temp."; Value = "-40°C ~ 85°C "; VariantName = "[No Variations]"
Change component parameters (AddParameter): Name = "Package"; Value = "IN-PI22TAT5R5G5B"; VariantName = "[No Variations]"
Change component parameters (AddParameter): Name = "Part Number"; Value = "IN-PI22TAT5R5G5B"; VariantName = "[No Variations]"
Change component parameters (AddParameter): Name = "Place"; Value = "P"; VariantName = "[No Variations]"
Change component parameters (AddParameter): Name = "Power"; Value = "N/A"; VariantName = "[No Variations]"
Change component parameters (AddParameter): Name = "Tolerance"; Value = "N/A"; VariantName = "[No Variations]"
Change component parameters (AddParameter): Name = "Value"; Value = "N/A"; VariantName = "[No Variations]"
Change component parameters (AddParameter): Name = "Voltage"; Value = "N/A"; VariantName = "[No Variations]"
Change component parameters: Designator = "LED23"; Footprint = "RGB_IN-PI22TAT5R5G5B"; UniqueID = "\IKJENBNH"
Change component parameters. Clean all parameters for all variants
Change component parameters (AddParameter): Name = "Manufacturer"; Value = "Inolux"; VariantName = "[No Variations]"
Change component parameters (AddParameter): Name = "Operating Temp."; Value = "-40°C ~ 85°C "; VariantName = "[No Variations]"
Change component parameters (AddParameter): Name = "Package"; Value = "IN-PI22TAT5R5G5B"; VariantName = "[No Variations]"
Change component parameters (AddParameter): Name = "Part Number"; Value = "IN-PI22TAT5R5G5B"; VariantName = "[No Variations]"
Change component parameters (AddParameter): Name = "Place"; Value = "P"; VariantName = "[No Variations]"
Change component parameters (AddParameter): Name = "Power"; Value = "N/A"; VariantName = "[No Variations]"
Change component parameters (AddParameter): Name = "Tolerance"; Value = "N/A"; VariantName = "[No Variations]"
Change component parameters (AddParameter): Name = "Value"; Value = "N/A"; VariantName = "[No Variations]"
Change component parameters (AddParameter): Name = "Voltage"; Value = "N/A"; VariantName = "[No Variations]"
Change component parameters: Designator = "LED24"; Footprint = "RGB_IN-PI22TAT5R5G5B"; UniqueID = "\HMNSVLYN"
Change component parameters. Clean all parameters for all variants
Change component parameters (AddParameter): Name = "Manufacturer"; Value = "Inolux"; VariantName = "[No Variations]"
Change component parameters (AddParameter): Name = "Operating Temp."; Value = "-40°C ~ 85°C "; VariantName = "[No Variations]"
Change component parameters (AddParameter): Name = "Package"; Value = "IN-PI22TAT5R5G5B"; VariantName = "[No Variations]"
Change component parameters (AddParameter): Name = "Part Number"; Value = "IN-PI22TAT5R5G5B"; VariantName = "[No Variations]"
Change component parameters (AddParameter): Name = "Place"; Value = "P"; VariantName = "[No Variations]"
Change component parameters (AddParameter): Name = "Power"; Value = "N/A"; VariantName = "[No Variations]"
Change component parameters (AddParameter): Name = "Tolerance"; Value = "N/A"; VariantName = "[No Variations]"
Change component parameters (AddParameter): Name = "Value"; Value = "N/A"; VariantName = "[No Variations]"
Change component parameters (AddParameter): Name = "Voltage"; Value = "N/A"; VariantName = "[No Variations]"
Change component parameters: Designator = "LED25"; Footprint = "RGB_IN-PI22TAT5R5G5B"; UniqueID = "\MCCZCLWV"
Change component parameters. Clean all parameters for all variants
Change component parameters (AddParameter): Name = "Manufacturer"; Value = "Inolux"; VariantName = "[No Variations]"
Change component parameters (AddParameter): Name = "Operating Temp."; Value = "-40°C ~ 85°C "; VariantName = "[No Variations]"
Change component parameters (AddParameter): Name = "Package"; Value = "IN-PI22TAT5R5G5B"; VariantName = "[No Variations]"
Change component parameters (AddParameter): Name = "Part Number"; Value = "IN-PI22TAT5R5G5B"; VariantName = "[No Variations]"
Change component parameters (AddParameter): Name = "Place"; Value = "P"; VariantName = "[No Variations]"
Change component parameters (AddParameter): Name = "Power"; Value = "N/A"; VariantName = "[No Variations]"
Change component parameters (AddParameter): Name = "Tolerance"; Value = "N/A"; VariantName = "[No Variations]"
Change component parameters (AddParameter): Name = "Value"; Value = "N/A"; VariantName = "[No Variations]"
Change component parameters (AddParameter): Name = "Voltage"; Value = "N/A"; VariantName = "[No Variations]"
Change component parameters: Designator = "LED26"; Footprint = "RGB_IN-PI22TAT5R5G5B"; UniqueID = "\ERXWJOTT"
Change component parameters. Clean all parameters for all variants
Change component parameters (AddParameter): Name = "Manufacturer"; Value = "Inolux"; VariantName = "[No Variations]"
Change component parameters (AddParameter): Name = "Operating Temp."; Value = "-40°C ~ 85°C "; VariantName = "[No Variations]"
Change component parameters (AddParameter): Name = "Package"; Value = "IN-PI22TAT5R5G5B"; VariantName = "[No Variations]"
Change component parameters (AddParameter): Name = "Part Number"; Value = "IN-PI22TAT5R5G5B"; VariantName = "[No Variations]"
Change component parameters (AddParameter): Name = "Place"; Value = "P"; VariantName = "[No Variations]"
Change component parameters (AddParameter): Name = "Power"; Value = "N/A"; VariantName = "[No Variations]"
Change component parameters (AddParameter): Name = "Tolerance"; Value = "N/A"; VariantName = "[No Variations]"
Change component parameters (AddParameter): Name = "Value"; Value = "N/A"; VariantName = "[No Variations]"
Change component parameters (AddParameter): Name = "Voltage"; Value = "N/A"; VariantName = "[No Variations]"
Change component parameters: Designator = "LED27"; Footprint = "RGB_IN-PI22TAT5R5G5B"; UniqueID = "\IEDJSWIF"
Change component parameters. Clean all parameters for all variants
Change component parameters (AddParameter): Name = "Manufacturer"; Value = "Inolux"; VariantName = "[No Variations]"
Change component parameters (AddParameter): Name = "Operating Temp."; Value = "-40°C ~ 85°C "; VariantName = "[No Variations]"
Change component parameters (AddParameter): Name = "Package"; Value = "IN-PI22TAT5R5G5B"; VariantName = "[No Variations]"
Change component parameters (AddParameter): Name = "Part Number"; Value = "IN-PI22TAT5R5G5B"; VariantName = "[No Variations]"
Change component parameters (AddParameter): Name = "Place"; Value = "P"; VariantName = "[No Variations]"
Change component parameters (AddParameter): Name = "Power"; Value = "N/A"; VariantName = "[No Variations]"
Change component parameters (AddParameter): Name = "Tolerance"; Value = "N/A"; VariantName = "[No Variations]"
Change component parameters (AddParameter): Name = "Value"; Value = "N/A"; VariantName = "[No Variations]"
Change component parameters (AddParameter): Name = "Voltage"; Value = "N/A"; VariantName = "[No Variations]"
Change component parameters: Designator = "U6"; Footprint = "8-SOIC(0.154", 3.90mm Width)"; UniqueID = "\NEBNBOXC"
Change component parameters. Clean all parameters for all variants
Change component parameters (AddParameter): Name = "Manufacturer"; Value = "STM"; VariantName = "[No Variations]"
Change component parameters (AddParameter): Name = "Operating Temp."; Value = "-40°C ~ 85°C "; VariantName = "[No Variations]"
Change component parameters (AddParameter): Name = "Package"; Value = "8-SOIC"; VariantName = "[No Variations]"
Change component parameters (AddParameter): Name = "Part Number"; Value = "M24256E-FMN6TP"; VariantName = "[No Variations]"
Change component parameters (AddParameter): Name = "Place"; Value = "POP"; VariantName = "[No Variations]"
Change component parameters (AddParameter): Name = "Power"; Value = "N/A"; VariantName = "[No Variations]"
Change component parameters (AddParameter): Name = "Tolerance"; Value = "N/A"; VariantName = "[No Variations]"
Change component parameters (AddParameter): Name = "Value"; Value = "256Kbit"; VariantName = "[No Variations]"
Change component parameters (AddParameter): Name = "Voltage"; Value = "1.6V ~ 5.5V"; VariantName = "[No Variations]"
Change component parameters: Designator = "U7"; Footprint = "8-SOIC(0.154", 3.90mm Width)"; UniqueID = "\ONPWBWEW"
Change component parameters. Clean all parameters for all variants
Change component parameters (AddParameter): Name = "Manufacturer"; Value = "MaxLinear, Inc."; VariantName = "[No Variations]"
Change component parameters (AddParameter): Name = "Operating Temp."; Value = "-40°C ~ 85°C "; VariantName = "[No Variations]"
Change component parameters (AddParameter): Name = "Package"; Value = "8-SOIC"; VariantName = "[No Variations]"
Change component parameters (AddParameter): Name = "Part Number"; Value = "SP3082EEN-L"; VariantName = "[No Variations]"
Change component parameters (AddParameter): Name = "Place"; Value = "POP"; VariantName = "[No Variations]"
Change component parameters (AddParameter): Name = "Power"; Value = "N/A"; VariantName = "[No Variations]"
Change component parameters (AddParameter): Name = "Tolerance"; Value = "N/A"; VariantName = "[No Variations]"
Change component parameters (AddParameter): Name = "Value"; Value = "256nodes"; VariantName = "[No Variations]"
Change component parameters (AddParameter): Name = "Voltage"; Value = "4.5V ~ 5.5V"; VariantName = "[No Variations]"
Change component parameters: Designator = "U9"; Footprint = "SOT-223-3"; UniqueID = "\PKTHQFSV"
Change component parameters. Clean all parameters for all variants
Change component parameters (AddParameter): Name = "Manufacturer"; Value = "EVVO"; VariantName = "[No Variations]"
Change component parameters (AddParameter): Name = "Operating Temp."; Value = "-40°C ~ 85°C "; VariantName = "[No Variations]"
Change component parameters (AddParameter): Name = "Package"; Value = "SOT-223-3"; VariantName = "[No Variations]"
Change component parameters (AddParameter): Name = "Part Number"; Value = "AMS1117-ADJ"; VariantName = "[No Variations]"
Change component parameters (AddParameter): Name = "Place"; Value = "POP"; VariantName = "[No Variations]"
Change component parameters (AddParameter): Name = "Power"; Value = "N/A"; VariantName = "[No Variations]"
Change component parameters (AddParameter): Name = "Tolerance"; Value = "N/A"; VariantName = "[No Variations]"
Change component parameters (AddParameter): Name = "Value"; Value = "1A"; VariantName = "[No Variations]"
Change component parameters (AddParameter): Name = "Voltage"; Value = "ADJ"; VariantName = "[No Variations]"
Change component parameters: Designator = "R150"; Footprint = "MF72-005D9"; UniqueID = "\AIZWAPJI"
Change component parameters. Clean all parameters for all variants
Change component parameters (AddParameter): Name = "Manufacturer"; Value = "Cantherm"; VariantName = "[No Variations]"
Change component parameters (AddParameter): Name = "Operating Temp."; Value = "-65°C ~ 150°C"; VariantName = "[No Variations]"
Change component parameters (AddParameter): Name = "Package"; Value = "MF72-005D9"; VariantName = "[No Variations]"
Change component parameters (AddParameter): Name = "Part Number"; Value = "MF72-005D9"; VariantName = "[No Variations]"
Change component parameters (AddParameter): Name = "Place"; Value = "DNP"; VariantName = "[No Variations]"
Change component parameters (AddParameter): Name = "Power"; Value = "N/A"; VariantName = "[No Variations]"
Change component parameters (AddParameter): Name = "Tolerance"; Value = "20"; VariantName = "[No Variations]"
Change component parameters (AddParameter): Name = "Value"; Value = "3A"; VariantName = "[No Variations]"
Change component parameters (AddParameter): Name = "Voltage"; Value = "N/A"; VariantName = "[No Variations]"
Change component parameters: Designator = "R168"; Footprint = "RES_0402_SMD"; UniqueID = "\LZRIJCFA"
Change component parameters. Clean all parameters for all variants
Change component parameters (AddParameter): Name = "Operating Temp."; Value = ""; VariantName = "[No Variations]"
Change component parameters (AddParameter): Name = "Package"; Value = ""; VariantName = "[No Variations]"
Change component parameters (AddParameter): Name = "Part Number"; Value = "RMCF0402JT2K20"; VariantName = "[No Variations]"
Change component parameters (AddParameter): Name = "Place"; Value = "DNP"; VariantName = "[No Variations]"
Change component parameters (AddParameter): Name = "Power"; Value = ""; VariantName = "[No Variations]"
Change component parameters (AddParameter): Name = "Tolerance"; Value = "5 %"; VariantName = "[No Variations]"
Change component parameters (AddParameter): Name = "Value"; Value = "2k2"; VariantName = "[No Variations]"
Change component parameters (AddParameter): Name = "Voltage"; Value = ""; VariantName = "[No Variations]"
Change component parameters: Designator = "X1"; Footprint = "XTAL-4SMD"; UniqueID = "\DXLLGVPO"
Change component parameters. Clean all parameters for all variants
Change component parameters (AddParameter): Name = "Manufacturer"; Value = "Hefei Jingweite Electronics Co., Ltd."; VariantName = "[No Variations]"
Change component parameters (AddParameter): Name = "Operating Temp."; Value = "-40°C ~ 125°C"; VariantName = "[No Variations]"
Change component parameters (AddParameter): Name = "Part Number"; Value = "CF4016M00009T1521005"; VariantName = "[No Variations]"
Change component parameters (AddParameter): Name = "Place"; Value = "POP"; VariantName = "[No Variations]"
Change component parameters (AddParameter): Name = "Power"; Value = "N/A"; VariantName = "[No Variations]"
Change component parameters (AddParameter): Name = "Tolerance"; Value = "±10ppm"; VariantName = "[No Variations]"
Change component parameters (AddParameter): Name = "Value"; Value = "16Mhz"; VariantName = "[No Variations]"
Change component parameters (AddParameter): Name = "Voltage"; Value = "N/A"; VariantName = "[No Variations]"
Change component parameters: Designator = "J_EXTRA"; Footprint = "CONN07_533980771_MOL"; UniqueID = "\PRWYLBZI"
Change component parameters. Clean all parameters for all variants
Change component parameters (AddParameter): Name = "Mfr_Name"; Value = "Molex Connector Corporation"; VariantName = "[No Variations]"
Change component parameters (AddParameter): Name = "RefDes"; Value = "RefDes"; VariantName = "[No Variations]"
Change component parameters (AddParameter): Name = "Type"; Value = "Type"; VariantName = "[No Variations]"
Added Component: Designator=INPUT2(B4B-XH-A)
Add component. Clean all parameters for all variants
Add component (AddParameter): Name = "Manufacturer"; Value = "JST"; VariantName = "[No Variations]"
Add component (AddParameter): Name = "Operating Temp."; Value = "N/A"; VariantName = "[No Variations]"
Add component (AddParameter): Name = "Package"; Value = "B4B-XH-A"; VariantName = "[No Variations]"
Add component (AddParameter): Name = "Part Number"; Value = "B4B-XH-A"; VariantName = "[No Variations]"
Add component (AddParameter): Name = "Place"; Value = "POP"; VariantName = "[No Variations]"
Add component (AddParameter): Name = "Power"; Value = "N/A"; VariantName = "[No Variations]"
Add component (AddParameter): Name = "Tolerance"; Value = "N/A"; VariantName = "[No Variations]"
Add component (AddParameter): Name = "Value"; Value = "4pos"; VariantName = "[No Variations]"
Add component (AddParameter): Name = "Voltage"; Value = "N/A"; VariantName = "[No Variations]"
Added Component: Designator=LED28(RGB_IN-PI22TAT5R5G5B)
Add component. Clean all parameters for all variants
Add component (AddParameter): Name = "Manufacturer"; Value = "Inolux"; VariantName = "[No Variations]"
Add component (AddParameter): Name = "Operating Temp."; Value = "-40°C ~ 85°C "; VariantName = "[No Variations]"
Add component (AddParameter): Name = "Package"; Value = "IN-PI22TAT5R5G5B"; VariantName = "[No Variations]"
Add component (AddParameter): Name = "Part Number"; Value = "IN-PI22TAT5R5G5B"; VariantName = "[No Variations]"
Add component (AddParameter): Name = "Place"; Value = "P"; VariantName = "[No Variations]"
Add component (AddParameter): Name = "Power"; Value = "N/A"; VariantName = "[No Variations]"
Add component (AddParameter): Name = "Tolerance"; Value = "N/A"; VariantName = "[No Variations]"
Add component (AddParameter): Name = "Value"; Value = "N/A"; VariantName = "[No Variations]"
Add component (AddParameter): Name = "Voltage"; Value = "N/A"; VariantName = "[No Variations]"
Added Component: Designator=LED1001(LED_12-23C/RSGHBHW-5V01/2C)
Add component. Clean all parameters for all variants
Add component (AddParameter): Name = "Availability"; Value = "In Stock"; VariantName = "[No Variations]"
Add component (AddParameter): Name = "Check_prices"; Value = "https://www.snapeda.com/parts/12-23C/RSGHBHW-5V01/2C/Everlight+Electronics+Co+Ltd/view-part/?ref=eda"; VariantName = "[No Variations]"
Add component (AddParameter): Name = "MF"; Value = "Everlight Electronics Co Ltd"; VariantName = "[No Variations]"
Add component (AddParameter): Name = "MP"; Value = "12-23C/RSGHBHW-5V01/2C"; VariantName = "[No Variations]"
Add component (AddParameter): Name = "Package"; Value = "SMD-4 Everlight Electronics Co Ltd"; VariantName = "[No Variations]"
Add component (AddParameter): Name = "Price"; Value = "None"; VariantName = "[No Variations]"
Add component (AddParameter): Name = "Purchase-URL"; Value = "https://pricing.snapeda.com/search/part/12-23C/RSGHBHW-5V01/2C/?ref=eda"; VariantName = "[No Variations]"
Add component (AddParameter): Name = "SnapEDA_Link"; Value = "https://www.snapeda.com/parts/12-23C/RSGHBHW-5V01/2C/Everlight+Electronics+Co+Ltd/view-part/?ref=snap"; VariantName = "[No Variations]"
Add component (AddParameter): Name = "Value"; Value = ""; VariantName = "[No Variations]"
Added Component: Designator=LED1002(LED_12-23C/RSGHBHW-5V01/2C)
Add component. Clean all parameters for all variants
Add component (AddParameter): Name = "Availability"; Value = "In Stock"; VariantName = "[No Variations]"
Add component (AddParameter): Name = "Check_prices"; Value = "https://www.snapeda.com/parts/12-23C/RSGHBHW-5V01/2C/Everlight+Electronics+Co+Ltd/view-part/?ref=eda"; VariantName = "[No Variations]"
Add component (AddParameter): Name = "MF"; Value = "Everlight Electronics Co Ltd"; VariantName = "[No Variations]"
Add component (AddParameter): Name = "MP"; Value = "12-23C/RSGHBHW-5V01/2C"; VariantName = "[No Variations]"
Add component (AddParameter): Name = "Package"; Value = "SMD-4 Everlight Electronics Co Ltd"; VariantName = "[No Variations]"
Add component (AddParameter): Name = "Price"; Value = "None"; VariantName = "[No Variations]"
Add component (AddParameter): Name = "Purchase-URL"; Value = "https://pricing.snapeda.com/search/part/12-23C/RSGHBHW-5V01/2C/?ref=eda"; VariantName = "[No Variations]"
Add component (AddParameter): Name = "SnapEDA_Link"; Value = "https://www.snapeda.com/parts/12-23C/RSGHBHW-5V01/2C/Everlight+Electronics+Co+Ltd/view-part/?ref=snap"; VariantName = "[No Variations]"
Add component (AddParameter): Name = "Value"; Value = ""; VariantName = "[No Variations]"
Added Component: Designator=LED1003(LED_12-23C/RSGHBHW-5V01/2C)
Add component. Clean all parameters for all variants
Add component (AddParameter): Name = "Availability"; Value = "In Stock"; VariantName = "[No Variations]"
Add component (AddParameter): Name = "Check_prices"; Value = "https://www.snapeda.com/parts/12-23C/RSGHBHW-5V01/2C/Everlight+Electronics+Co+Ltd/view-part/?ref=eda"; VariantName = "[No Variations]"
Add component (AddParameter): Name = "MF"; Value = "Everlight Electronics Co Ltd"; VariantName = "[No Variations]"
Add component (AddParameter): Name = "MP"; Value = "12-23C/RSGHBHW-5V01/2C"; VariantName = "[No Variations]"
Add component (AddParameter): Name = "Package"; Value = "SMD-4 Everlight Electronics Co Ltd"; VariantName = "[No Variations]"
Add component (AddParameter): Name = "Price"; Value = "None"; VariantName = "[No Variations]"
Add component (AddParameter): Name = "Purchase-URL"; Value = "https://pricing.snapeda.com/search/part/12-23C/RSGHBHW-5V01/2C/?ref=eda"; VariantName = "[No Variations]"
Add component (AddParameter): Name = "SnapEDA_Link"; Value = "https://www.snapeda.com/parts/12-23C/RSGHBHW-5V01/2C/Everlight+Electronics+Co+Ltd/view-part/?ref=snap"; VariantName = "[No Variations]"
Add component (AddParameter): Name = "Value"; Value = ""; VariantName = "[No Variations]"
Added Component: Designator=LED1004(LED_12-23C/RSGHBHW-5V01/2C)
Add component. Clean all parameters for all variants
Add component (AddParameter): Name = "Availability"; Value = "In Stock"; VariantName = "[No Variations]"
Add component (AddParameter): Name = "Check_prices"; Value = "https://www.snapeda.com/parts/12-23C/RSGHBHW-5V01/2C/Everlight+Electronics+Co+Ltd/view-part/?ref=eda"; VariantName = "[No Variations]"
Add component (AddParameter): Name = "MF"; Value = "Everlight Electronics Co Ltd"; VariantName = "[No Variations]"
Add component (AddParameter): Name = "MP"; Value = "12-23C/RSGHBHW-5V01/2C"; VariantName = "[No Variations]"
Add component (AddParameter): Name = "Package"; Value = "SMD-4 Everlight Electronics Co Ltd"; VariantName = "[No Variations]"
Add component (AddParameter): Name = "Price"; Value = "None"; VariantName = "[No Variations]"
Add component (AddParameter): Name = "Purchase-URL"; Value = "https://pricing.snapeda.com/search/part/12-23C/RSGHBHW-5V01/2C/?ref=eda"; VariantName = "[No Variations]"
Add component (AddParameter): Name = "SnapEDA_Link"; Value = "https://www.snapeda.com/parts/12-23C/RSGHBHW-5V01/2C/Everlight+Electronics+Co+Ltd/view-part/?ref=snap"; VariantName = "[No Variations]"
Add component (AddParameter): Name = "Value"; Value = ""; VariantName = "[No Variations]"
Added Component: Designator=LED1005(LED_12-23C/RSGHBHW-5V01/2C)
Add component. Clean all parameters for all variants
Add component (AddParameter): Name = "Availability"; Value = "In Stock"; VariantName = "[No Variations]"
Add component (AddParameter): Name = "Check_prices"; Value = "https://www.snapeda.com/parts/12-23C/RSGHBHW-5V01/2C/Everlight+Electronics+Co+Ltd/view-part/?ref=eda"; VariantName = "[No Variations]"
Add component (AddParameter): Name = "MF"; Value = "Everlight Electronics Co Ltd"; VariantName = "[No Variations]"
Add component (AddParameter): Name = "MP"; Value = "12-23C/RSGHBHW-5V01/2C"; VariantName = "[No Variations]"
Add component (AddParameter): Name = "Package"; Value = "SMD-4 Everlight Electronics Co Ltd"; VariantName = "[No Variations]"
Add component (AddParameter): Name = "Price"; Value = "None"; VariantName = "[No Variations]"
Add component (AddParameter): Name = "Purchase-URL"; Value = "https://pricing.snapeda.com/search/part/12-23C/RSGHBHW-5V01/2C/?ref=eda"; VariantName = "[No Variations]"
Add component (AddParameter): Name = "SnapEDA_Link"; Value = "https://www.snapeda.com/parts/12-23C/RSGHBHW-5V01/2C/Everlight+Electronics+Co+Ltd/view-part/?ref=snap"; VariantName = "[No Variations]"
Add component (AddParameter): Name = "Value"; Value = ""; VariantName = "[No Variations]"
Added Component: Designator=LED1006(LED_12-23C/RSGHBHW-5V01/2C)
Add component. Clean all parameters for all variants
Add component (AddParameter): Name = "Availability"; Value = "In Stock"; VariantName = "[No Variations]"
Add component (AddParameter): Name = "Check_prices"; Value = "https://www.snapeda.com/parts/12-23C/RSGHBHW-5V01/2C/Everlight+Electronics+Co+Ltd/view-part/?ref=eda"; VariantName = "[No Variations]"
Add component (AddParameter): Name = "MF"; Value = "Everlight Electronics Co Ltd"; VariantName = "[No Variations]"
Add component (AddParameter): Name = "MP"; Value = "12-23C/RSGHBHW-5V01/2C"; VariantName = "[No Variations]"
Add component (AddParameter): Name = "Package"; Value = "SMD-4 Everlight Electronics Co Ltd"; VariantName = "[No Variations]"
Add component (AddParameter): Name = "Price"; Value = "None"; VariantName = "[No Variations]"
Add component (AddParameter): Name = "Purchase-URL"; Value = "https://pricing.snapeda.com/search/part/12-23C/RSGHBHW-5V01/2C/?ref=eda"; VariantName = "[No Variations]"
Add component (AddParameter): Name = "SnapEDA_Link"; Value = "https://www.snapeda.com/parts/12-23C/RSGHBHW-5V01/2C/Everlight+Electronics+Co+Ltd/view-part/?ref=snap"; VariantName = "[No Variations]"
Add component (AddParameter): Name = "Value"; Value = ""; VariantName = "[No Variations]"
Added Component: Designator=LED1007(LED_12-23C/RSGHBHW-5V01/2C)
Add component. Clean all parameters for all variants
Add component (AddParameter): Name = "Availability"; Value = "In Stock"; VariantName = "[No Variations]"
Add component (AddParameter): Name = "Check_prices"; Value = "https://www.snapeda.com/parts/12-23C/RSGHBHW-5V01/2C/Everlight+Electronics+Co+Ltd/view-part/?ref=eda"; VariantName = "[No Variations]"
Add component (AddParameter): Name = "MF"; Value = "Everlight Electronics Co Ltd"; VariantName = "[No Variations]"
Add component (AddParameter): Name = "MP"; Value = "12-23C/RSGHBHW-5V01/2C"; VariantName = "[No Variations]"
Add component (AddParameter): Name = "Package"; Value = "SMD-4 Everlight Electronics Co Ltd"; VariantName = "[No Variations]"
Add component (AddParameter): Name = "Price"; Value = "None"; VariantName = "[No Variations]"
Add component (AddParameter): Name = "Purchase-URL"; Value = "https://pricing.snapeda.com/search/part/12-23C/RSGHBHW-5V01/2C/?ref=eda"; VariantName = "[No Variations]"
Add component (AddParameter): Name = "SnapEDA_Link"; Value = "https://www.snapeda.com/parts/12-23C/RSGHBHW-5V01/2C/Everlight+Electronics+Co+Ltd/view-part/?ref=snap"; VariantName = "[No Variations]"
Add component (AddParameter): Name = "Value"; Value = ""; VariantName = "[No Variations]"
Added Component: Designator=LED1008(LED_12-23C/RSGHBHW-5V01/2C)
Add component. Clean all parameters for all variants
Add component (AddParameter): Name = "Availability"; Value = "In Stock"; VariantName = "[No Variations]"
Add component (AddParameter): Name = "Check_prices"; Value = "https://www.snapeda.com/parts/12-23C/RSGHBHW-5V01/2C/Everlight+Electronics+Co+Ltd/view-part/?ref=eda"; VariantName = "[No Variations]"
Add component (AddParameter): Name = "MF"; Value = "Everlight Electronics Co Ltd"; VariantName = "[No Variations]"
Add component (AddParameter): Name = "MP"; Value = "12-23C/RSGHBHW-5V01/2C"; VariantName = "[No Variations]"
Add component (AddParameter): Name = "Package"; Value = "SMD-4 Everlight Electronics Co Ltd"; VariantName = "[No Variations]"
Add component (AddParameter): Name = "Price"; Value = "None"; VariantName = "[No Variations]"
Add component (AddParameter): Name = "Purchase-URL"; Value = "https://pricing.snapeda.com/search/part/12-23C/RSGHBHW-5V01/2C/?ref=eda"; VariantName = "[No Variations]"
Add component (AddParameter): Name = "SnapEDA_Link"; Value = "https://www.snapeda.com/parts/12-23C/RSGHBHW-5V01/2C/Everlight+Electronics+Co+Ltd/view-part/?ref=snap"; VariantName = "[No Variations]"
Add component (AddParameter): Name = "Value"; Value = ""; VariantName = "[No Variations]"
Added Component: Designator=LED1009(LED_12-23C/RSGHBHW-5V01/2C)
Add component. Clean all parameters for all variants
Add component (AddParameter): Name = "Availability"; Value = "In Stock"; VariantName = "[No Variations]"
Add component (AddParameter): Name = "Check_prices"; Value = "https://www.snapeda.com/parts/12-23C/RSGHBHW-5V01/2C/Everlight+Electronics+Co+Ltd/view-part/?ref=eda"; VariantName = "[No Variations]"
Add component (AddParameter): Name = "MF"; Value = "Everlight Electronics Co Ltd"; VariantName = "[No Variations]"
Add component (AddParameter): Name = "MP"; Value = "12-23C/RSGHBHW-5V01/2C"; VariantName = "[No Variations]"
Add component (AddParameter): Name = "Package"; Value = "SMD-4 Everlight Electronics Co Ltd"; VariantName = "[No Variations]"
Add component (AddParameter): Name = "Price"; Value = "None"; VariantName = "[No Variations]"
Add component (AddParameter): Name = "Purchase-URL"; Value = "https://pricing.snapeda.com/search/part/12-23C/RSGHBHW-5V01/2C/?ref=eda"; VariantName = "[No Variations]"
Add component (AddParameter): Name = "SnapEDA_Link"; Value = "https://www.snapeda.com/parts/12-23C/RSGHBHW-5V01/2C/Everlight+Electronics+Co+Ltd/view-part/?ref=snap"; VariantName = "[No Variations]"
Add component (AddParameter): Name = "Value"; Value = ""; VariantName = "[No Variations]"
Added Component: Designator=LED1010(LED_12-23C/RSGHBHW-5V01/2C)
Add component. Clean all parameters for all variants
Add component (AddParameter): Name = "Availability"; Value = "In Stock"; VariantName = "[No Variations]"
Add component (AddParameter): Name = "Check_prices"; Value = "https://www.snapeda.com/parts/12-23C/RSGHBHW-5V01/2C/Everlight+Electronics+Co+Ltd/view-part/?ref=eda"; VariantName = "[No Variations]"
Add component (AddParameter): Name = "MF"; Value = "Everlight Electronics Co Ltd"; VariantName = "[No Variations]"
Add component (AddParameter): Name = "MP"; Value = "12-23C/RSGHBHW-5V01/2C"; VariantName = "[No Variations]"
Add component (AddParameter): Name = "Package"; Value = "SMD-4 Everlight Electronics Co Ltd"; VariantName = "[No Variations]"
Add component (AddParameter): Name = "Price"; Value = "None"; VariantName = "[No Variations]"
Add component (AddParameter): Name = "Purchase-URL"; Value = "https://pricing.snapeda.com/search/part/12-23C/RSGHBHW-5V01/2C/?ref=eda"; VariantName = "[No Variations]"
Add component (AddParameter): Name = "SnapEDA_Link"; Value = "https://www.snapeda.com/parts/12-23C/RSGHBHW-5V01/2C/Everlight+Electronics+Co+Ltd/view-part/?ref=snap"; VariantName = "[No Variations]"
Add component (AddParameter): Name = "Value"; Value = ""; VariantName = "[No Variations]"
Added Component: Designator=LED1011(LED_12-23C/RSGHBHW-5V01/2C)
Add component. Clean all parameters for all variants
Add component (AddParameter): Name = "Availability"; Value = "In Stock"; VariantName = "[No Variations]"
Add component (AddParameter): Name = "Check_prices"; Value = "https://www.snapeda.com/parts/12-23C/RSGHBHW-5V01/2C/Everlight+Electronics+Co+Ltd/view-part/?ref=eda"; VariantName = "[No Variations]"
Add component (AddParameter): Name = "MF"; Value = "Everlight Electronics Co Ltd"; VariantName = "[No Variations]"
Add component (AddParameter): Name = "MP"; Value = "12-23C/RSGHBHW-5V01/2C"; VariantName = "[No Variations]"
Add component (AddParameter): Name = "Package"; Value = "SMD-4 Everlight Electronics Co Ltd"; VariantName = "[No Variations]"
Add component (AddParameter): Name = "Price"; Value = "None"; VariantName = "[No Variations]"
Add component (AddParameter): Name = "Purchase-URL"; Value = "https://pricing.snapeda.com/search/part/12-23C/RSGHBHW-5V01/2C/?ref=eda"; VariantName = "[No Variations]"
Add component (AddParameter): Name = "SnapEDA_Link"; Value = "https://www.snapeda.com/parts/12-23C/RSGHBHW-5V01/2C/Everlight+Electronics+Co+Ltd/view-part/?ref=snap"; VariantName = "[No Variations]"
Add component (AddParameter): Name = "Value"; Value = ""; VariantName = "[No Variations]"
Added Component: Designator=LED1012(LED_12-23C/RSGHBHW-5V01/2C)
Add component. Clean all parameters for all variants
Add component (AddParameter): Name = "Availability"; Value = "In Stock"; VariantName = "[No Variations]"
Add component (AddParameter): Name = "Check_prices"; Value = "https://www.snapeda.com/parts/12-23C/RSGHBHW-5V01/2C/Everlight+Electronics+Co+Ltd/view-part/?ref=eda"; VariantName = "[No Variations]"
Add component (AddParameter): Name = "MF"; Value = "Everlight Electronics Co Ltd"; VariantName = "[No Variations]"
Add component (AddParameter): Name = "MP"; Value = "12-23C/RSGHBHW-5V01/2C"; VariantName = "[No Variations]"
Add component (AddParameter): Name = "Package"; Value = "SMD-4 Everlight Electronics Co Ltd"; VariantName = "[No Variations]"
Add component (AddParameter): Name = "Price"; Value = "None"; VariantName = "[No Variations]"
Add component (AddParameter): Name = "Purchase-URL"; Value = "https://pricing.snapeda.com/search/part/12-23C/RSGHBHW-5V01/2C/?ref=eda"; VariantName = "[No Variations]"
Add component (AddParameter): Name = "SnapEDA_Link"; Value = "https://www.snapeda.com/parts/12-23C/RSGHBHW-5V01/2C/Everlight+Electronics+Co+Ltd/view-part/?ref=snap"; VariantName = "[No Variations]"
Add component (AddParameter): Name = "Value"; Value = ""; VariantName = "[No Variations]"
Added Component: Designator=LED1013(LED_12-23C/RSGHBHW-5V01/2C)
Add component. Clean all parameters for all variants
Add component (AddParameter): Name = "Availability"; Value = "In Stock"; VariantName = "[No Variations]"
Add component (AddParameter): Name = "Check_prices"; Value = "https://www.snapeda.com/parts/12-23C/RSGHBHW-5V01/2C/Everlight+Electronics+Co+Ltd/view-part/?ref=eda"; VariantName = "[No Variations]"
Add component (AddParameter): Name = "MF"; Value = "Everlight Electronics Co Ltd"; VariantName = "[No Variations]"
Add component (AddParameter): Name = "MP"; Value = "12-23C/RSGHBHW-5V01/2C"; VariantName = "[No Variations]"
Add component (AddParameter): Name = "Package"; Value = "SMD-4 Everlight Electronics Co Ltd"; VariantName = "[No Variations]"
Add component (AddParameter): Name = "Price"; Value = "None"; VariantName = "[No Variations]"
Add component (AddParameter): Name = "Purchase-URL"; Value = "https://pricing.snapeda.com/search/part/12-23C/RSGHBHW-5V01/2C/?ref=eda"; VariantName = "[No Variations]"
Add component (AddParameter): Name = "SnapEDA_Link"; Value = "https://www.snapeda.com/parts/12-23C/RSGHBHW-5V01/2C/Everlight+Electronics+Co+Ltd/view-part/?ref=snap"; VariantName = "[No Variations]"
Add component (AddParameter): Name = "Value"; Value = ""; VariantName = "[No Variations]"
Added Component: Designator=LED1014(LED_12-23C/RSGHBHW-5V01/2C)
Add component. Clean all parameters for all variants
Add component (AddParameter): Name = "Availability"; Value = "In Stock"; VariantName = "[No Variations]"
Add component (AddParameter): Name = "Check_prices"; Value = "https://www.snapeda.com/parts/12-23C/RSGHBHW-5V01/2C/Everlight+Electronics+Co+Ltd/view-part/?ref=eda"; VariantName = "[No Variations]"
Add component (AddParameter): Name = "MF"; Value = "Everlight Electronics Co Ltd"; VariantName = "[No Variations]"
Add component (AddParameter): Name = "MP"; Value = "12-23C/RSGHBHW-5V01/2C"; VariantName = "[No Variations]"
Add component (AddParameter): Name = "Package"; Value = "SMD-4 Everlight Electronics Co Ltd"; VariantName = "[No Variations]"
Add component (AddParameter): Name = "Price"; Value = "None"; VariantName = "[No Variations]"
Add component (AddParameter): Name = "Purchase-URL"; Value = "https://pricing.snapeda.com/search/part/12-23C/RSGHBHW-5V01/2C/?ref=eda"; VariantName = "[No Variations]"
Add component (AddParameter): Name = "SnapEDA_Link"; Value = "https://www.snapeda.com/parts/12-23C/RSGHBHW-5V01/2C/Everlight+Electronics+Co+Ltd/view-part/?ref=snap"; VariantName = "[No Variations]"
Add component (AddParameter): Name = "Value"; Value = ""; VariantName = "[No Variations]"
Added Component: Designator=LED1015(LED_12-23C/RSGHBHW-5V01/2C)
Add component. Clean all parameters for all variants
Add component (AddParameter): Name = "Availability"; Value = "In Stock"; VariantName = "[No Variations]"
Add component (AddParameter): Name = "Check_prices"; Value = "https://www.snapeda.com/parts/12-23C/RSGHBHW-5V01/2C/Everlight+Electronics+Co+Ltd/view-part/?ref=eda"; VariantName = "[No Variations]"
Add component (AddParameter): Name = "MF"; Value = "Everlight Electronics Co Ltd"; VariantName = "[No Variations]"
Add component (AddParameter): Name = "MP"; Value = "12-23C/RSGHBHW-5V01/2C"; VariantName = "[No Variations]"
Add component (AddParameter): Name = "Package"; Value = "SMD-4 Everlight Electronics Co Ltd"; VariantName = "[No Variations]"
Add component (AddParameter): Name = "Price"; Value = "None"; VariantName = "[No Variations]"
Add component (AddParameter): Name = "Purchase-URL"; Value = "https://pricing.snapeda.com/search/part/12-23C/RSGHBHW-5V01/2C/?ref=eda"; VariantName = "[No Variations]"
Add component (AddParameter): Name = "SnapEDA_Link"; Value = "https://www.snapeda.com/parts/12-23C/RSGHBHW-5V01/2C/Everlight+Electronics+Co+Ltd/view-part/?ref=snap"; VariantName = "[No Variations]"
Add component (AddParameter): Name = "Value"; Value = ""; VariantName = "[No Variations]"
Added Component: Designator=LED1016(LED_12-23C/RSGHBHW-5V01/2C)
Add component. Clean all parameters for all variants
Add component (AddParameter): Name = "Availability"; Value = "In Stock"; VariantName = "[No Variations]"
Add component (AddParameter): Name = "Check_prices"; Value = "https://www.snapeda.com/parts/12-23C/RSGHBHW-5V01/2C/Everlight+Electronics+Co+Ltd/view-part/?ref=eda"; VariantName = "[No Variations]"
Add component (AddParameter): Name = "MF"; Value = "Everlight Electronics Co Ltd"; VariantName = "[No Variations]"
Add component (AddParameter): Name = "MP"; Value = "12-23C/RSGHBHW-5V01/2C"; VariantName = "[No Variations]"
Add component (AddParameter): Name = "Package"; Value = "SMD-4 Everlight Electronics Co Ltd"; VariantName = "[No Variations]"
Add component (AddParameter): Name = "Price"; Value = "None"; VariantName = "[No Variations]"
Add component (AddParameter): Name = "Purchase-URL"; Value = "https://pricing.snapeda.com/search/part/12-23C/RSGHBHW-5V01/2C/?ref=eda"; VariantName = "[No Variations]"
Add component (AddParameter): Name = "SnapEDA_Link"; Value = "https://www.snapeda.com/parts/12-23C/RSGHBHW-5V01/2C/Everlight+Electronics+Co+Ltd/view-part/?ref=snap"; VariantName = "[No Variations]"
Add component (AddParameter): Name = "Value"; Value = ""; VariantName = "[No Variations]"
Added Component: Designator=LED1017(LED_12-23C/RSGHBHW-5V01/2C)
Add component. Clean all parameters for all variants
Add component (AddParameter): Name = "Availability"; Value = "In Stock"; VariantName = "[No Variations]"
Add component (AddParameter): Name = "Check_prices"; Value = "https://www.snapeda.com/parts/12-23C/RSGHBHW-5V01/2C/Everlight+Electronics+Co+Ltd/view-part/?ref=eda"; VariantName = "[No Variations]"
Add component (AddParameter): Name = "MF"; Value = "Everlight Electronics Co Ltd"; VariantName = "[No Variations]"
Add component (AddParameter): Name = "MP"; Value = "12-23C/RSGHBHW-5V01/2C"; VariantName = "[No Variations]"
Add component (AddParameter): Name = "Package"; Value = "SMD-4 Everlight Electronics Co Ltd"; VariantName = "[No Variations]"
Add component (AddParameter): Name = "Price"; Value = "None"; VariantName = "[No Variations]"
Add component (AddParameter): Name = "Purchase-URL"; Value = "https://pricing.snapeda.com/search/part/12-23C/RSGHBHW-5V01/2C/?ref=eda"; VariantName = "[No Variations]"
Add component (AddParameter): Name = "SnapEDA_Link"; Value = "https://www.snapeda.com/parts/12-23C/RSGHBHW-5V01/2C/Everlight+Electronics+Co+Ltd/view-part/?ref=snap"; VariantName = "[No Variations]"
Add component (AddParameter): Name = "Value"; Value = ""; VariantName = "[No Variations]"
Added Component: Designator=LED1018(LED_12-23C/RSGHBHW-5V01/2C)
Add component. Clean all parameters for all variants
Add component (AddParameter): Name = "Availability"; Value = "In Stock"; VariantName = "[No Variations]"
Add component (AddParameter): Name = "Check_prices"; Value = "https://www.snapeda.com/parts/12-23C/RSGHBHW-5V01/2C/Everlight+Electronics+Co+Ltd/view-part/?ref=eda"; VariantName = "[No Variations]"
Add component (AddParameter): Name = "MF"; Value = "Everlight Electronics Co Ltd"; VariantName = "[No Variations]"
Add component (AddParameter): Name = "MP"; Value = "12-23C/RSGHBHW-5V01/2C"; VariantName = "[No Variations]"
Add component (AddParameter): Name = "Package"; Value = "SMD-4 Everlight Electronics Co Ltd"; VariantName = "[No Variations]"
Add component (AddParameter): Name = "Price"; Value = "None"; VariantName = "[No Variations]"
Add component (AddParameter): Name = "Purchase-URL"; Value = "https://pricing.snapeda.com/search/part/12-23C/RSGHBHW-5V01/2C/?ref=eda"; VariantName = "[No Variations]"
Add component (AddParameter): Name = "SnapEDA_Link"; Value = "https://www.snapeda.com/parts/12-23C/RSGHBHW-5V01/2C/Everlight+Electronics+Co+Ltd/view-part/?ref=snap"; VariantName = "[No Variations]"
Add component (AddParameter): Name = "Value"; Value = ""; VariantName = "[No Variations]"
Added Component: Designator=LED1019(LED_12-23C/RSGHBHW-5V01/2C)
Add component. Clean all parameters for all variants
Add component (AddParameter): Name = "Availability"; Value = "In Stock"; VariantName = "[No Variations]"
Add component (AddParameter): Name = "Check_prices"; Value = "https://www.snapeda.com/parts/12-23C/RSGHBHW-5V01/2C/Everlight+Electronics+Co+Ltd/view-part/?ref=eda"; VariantName = "[No Variations]"
Add component (AddParameter): Name = "MF"; Value = "Everlight Electronics Co Ltd"; VariantName = "[No Variations]"
Add component (AddParameter): Name = "MP"; Value = "12-23C/RSGHBHW-5V01/2C"; VariantName = "[No Variations]"
Add component (AddParameter): Name = "Package"; Value = "SMD-4 Everlight Electronics Co Ltd"; VariantName = "[No Variations]"
Add component (AddParameter): Name = "Price"; Value = "None"; VariantName = "[No Variations]"
Add component (AddParameter): Name = "Purchase-URL"; Value = "https://pricing.snapeda.com/search/part/12-23C/RSGHBHW-5V01/2C/?ref=eda"; VariantName = "[No Variations]"
Add component (AddParameter): Name = "SnapEDA_Link"; Value = "https://www.snapeda.com/parts/12-23C/RSGHBHW-5V01/2C/Everlight+Electronics+Co+Ltd/view-part/?ref=snap"; VariantName = "[No Variations]"
Add component (AddParameter): Name = "Value"; Value = ""; VariantName = "[No Variations]"
Added Component: Designator=LED1020(LED_12-23C/RSGHBHW-5V01/2C)
Add component. Clean all parameters for all variants
Add component (AddParameter): Name = "Availability"; Value = "In Stock"; VariantName = "[No Variations]"
Add component (AddParameter): Name = "Check_prices"; Value = "https://www.snapeda.com/parts/12-23C/RSGHBHW-5V01/2C/Everlight+Electronics+Co+Ltd/view-part/?ref=eda"; VariantName = "[No Variations]"
Add component (AddParameter): Name = "MF"; Value = "Everlight Electronics Co Ltd"; VariantName = "[No Variations]"
Add component (AddParameter): Name = "MP"; Value = "12-23C/RSGHBHW-5V01/2C"; VariantName = "[No Variations]"
Add component (AddParameter): Name = "Package"; Value = "SMD-4 Everlight Electronics Co Ltd"; VariantName = "[No Variations]"
Add component (AddParameter): Name = "Price"; Value = "None"; VariantName = "[No Variations]"
Add component (AddParameter): Name = "Purchase-URL"; Value = "https://pricing.snapeda.com/search/part/12-23C/RSGHBHW-5V01/2C/?ref=eda"; VariantName = "[No Variations]"
Add component (AddParameter): Name = "SnapEDA_Link"; Value = "https://www.snapeda.com/parts/12-23C/RSGHBHW-5V01/2C/Everlight+Electronics+Co+Ltd/view-part/?ref=snap"; VariantName = "[No Variations]"
Add component (AddParameter): Name = "Value"; Value = ""; VariantName = "[No Variations]"
Added Component: Designator=LED1021(LED_12-23C/RSGHBHW-5V01/2C)
Add component. Clean all parameters for all variants
Add component (AddParameter): Name = "Availability"; Value = "In Stock"; VariantName = "[No Variations]"
Add component (AddParameter): Name = "Check_prices"; Value = "https://www.snapeda.com/parts/12-23C/RSGHBHW-5V01/2C/Everlight+Electronics+Co+Ltd/view-part/?ref=eda"; VariantName = "[No Variations]"
Add component (AddParameter): Name = "MF"; Value = "Everlight Electronics Co Ltd"; VariantName = "[No Variations]"
Add component (AddParameter): Name = "MP"; Value = "12-23C/RSGHBHW-5V01/2C"; VariantName = "[No Variations]"
Add component (AddParameter): Name = "Package"; Value = "SMD-4 Everlight Electronics Co Ltd"; VariantName = "[No Variations]"
Add component (AddParameter): Name = "Price"; Value = "None"; VariantName = "[No Variations]"
Add component (AddParameter): Name = "Purchase-URL"; Value = "https://pricing.snapeda.com/search/part/12-23C/RSGHBHW-5V01/2C/?ref=eda"; VariantName = "[No Variations]"
Add component (AddParameter): Name = "SnapEDA_Link"; Value = "https://www.snapeda.com/parts/12-23C/RSGHBHW-5V01/2C/Everlight+Electronics+Co+Ltd/view-part/?ref=snap"; VariantName = "[No Variations]"
Add component (AddParameter): Name = "Value"; Value = ""; VariantName = "[No Variations]"
Added Component: Designator=LED1022(LED_12-23C/RSGHBHW-5V01/2C)
Add component. Clean all parameters for all variants
Add component (AddParameter): Name = "Availability"; Value = "In Stock"; VariantName = "[No Variations]"
Add component (AddParameter): Name = "Check_prices"; Value = "https://www.snapeda.com/parts/12-23C/RSGHBHW-5V01/2C/Everlight+Electronics+Co+Ltd/view-part/?ref=eda"; VariantName = "[No Variations]"
Add component (AddParameter): Name = "MF"; Value = "Everlight Electronics Co Ltd"; VariantName = "[No Variations]"
Add component (AddParameter): Name = "MP"; Value = "12-23C/RSGHBHW-5V01/2C"; VariantName = "[No Variations]"
Add component (AddParameter): Name = "Package"; Value = "SMD-4 Everlight Electronics Co Ltd"; VariantName = "[No Variations]"
Add component (AddParameter): Name = "Price"; Value = "None"; VariantName = "[No Variations]"
Add component (AddParameter): Name = "Purchase-URL"; Value = "https://pricing.snapeda.com/search/part/12-23C/RSGHBHW-5V01/2C/?ref=eda"; VariantName = "[No Variations]"
Add component (AddParameter): Name = "SnapEDA_Link"; Value = "https://www.snapeda.com/parts/12-23C/RSGHBHW-5V01/2C/Everlight+Electronics+Co+Ltd/view-part/?ref=snap"; VariantName = "[No Variations]"
Add component (AddParameter): Name = "Value"; Value = ""; VariantName = "[No Variations]"
Added Component: Designator=LED1023(LED_12-23C/RSGHBHW-5V01/2C)
Add component. Clean all parameters for all variants
Add component (AddParameter): Name = "Availability"; Value = "In Stock"; VariantName = "[No Variations]"
Add component (AddParameter): Name = "Check_prices"; Value = "https://www.snapeda.com/parts/12-23C/RSGHBHW-5V01/2C/Everlight+Electronics+Co+Ltd/view-part/?ref=eda"; VariantName = "[No Variations]"
Add component (AddParameter): Name = "MF"; Value = "Everlight Electronics Co Ltd"; VariantName = "[No Variations]"
Add component (AddParameter): Name = "MP"; Value = "12-23C/RSGHBHW-5V01/2C"; VariantName = "[No Variations]"
Add component (AddParameter): Name = "Package"; Value = "SMD-4 Everlight Electronics Co Ltd"; VariantName = "[No Variations]"
Add component (AddParameter): Name = "Price"; Value = "None"; VariantName = "[No Variations]"
Add component (AddParameter): Name = "Purchase-URL"; Value = "https://pricing.snapeda.com/search/part/12-23C/RSGHBHW-5V01/2C/?ref=eda"; VariantName = "[No Variations]"
Add component (AddParameter): Name = "SnapEDA_Link"; Value = "https://www.snapeda.com/parts/12-23C/RSGHBHW-5V01/2C/Everlight+Electronics+Co+Ltd/view-part/?ref=snap"; VariantName = "[No Variations]"
Add component (AddParameter): Name = "Value"; Value = ""; VariantName = "[No Variations]"
Added Component: Designator=LED1024(LED_12-23C/RSGHBHW-5V01/2C)
Add component. Clean all parameters for all variants
Add component (AddParameter): Name = "Availability"; Value = "In Stock"; VariantName = "[No Variations]"
Add component (AddParameter): Name = "Check_prices"; Value = "https://www.snapeda.com/parts/12-23C/RSGHBHW-5V01/2C/Everlight+Electronics+Co+Ltd/view-part/?ref=eda"; VariantName = "[No Variations]"
Add component (AddParameter): Name = "MF"; Value = "Everlight Electronics Co Ltd"; VariantName = "[No Variations]"
Add component (AddParameter): Name = "MP"; Value = "12-23C/RSGHBHW-5V01/2C"; VariantName = "[No Variations]"
Add component (AddParameter): Name = "Package"; Value = "SMD-4 Everlight Electronics Co Ltd"; VariantName = "[No Variations]"
Add component (AddParameter): Name = "Price"; Value = "None"; VariantName = "[No Variations]"
Add component (AddParameter): Name = "Purchase-URL"; Value = "https://pricing.snapeda.com/search/part/12-23C/RSGHBHW-5V01/2C/?ref=eda"; VariantName = "[No Variations]"
Add component (AddParameter): Name = "SnapEDA_Link"; Value = "https://www.snapeda.com/parts/12-23C/RSGHBHW-5V01/2C/Everlight+Electronics+Co+Ltd/view-part/?ref=snap"; VariantName = "[No Variations]"
Add component (AddParameter): Name = "Value"; Value = ""; VariantName = "[No Variations]"
Added Component: Designator=LED1025(LED_12-23C/RSGHBHW-5V01/2C)
Add component. Clean all parameters for all variants
Add component (AddParameter): Name = "Availability"; Value = "In Stock"; VariantName = "[No Variations]"
Add component (AddParameter): Name = "Check_prices"; Value = "https://www.snapeda.com/parts/12-23C/RSGHBHW-5V01/2C/Everlight+Electronics+Co+Ltd/view-part/?ref=eda"; VariantName = "[No Variations]"
Add component (AddParameter): Name = "MF"; Value = "Everlight Electronics Co Ltd"; VariantName = "[No Variations]"
Add component (AddParameter): Name = "MP"; Value = "12-23C/RSGHBHW-5V01/2C"; VariantName = "[No Variations]"
Add component (AddParameter): Name = "Package"; Value = "SMD-4 Everlight Electronics Co Ltd"; VariantName = "[No Variations]"
Add component (AddParameter): Name = "Price"; Value = "None"; VariantName = "[No Variations]"
Add component (AddParameter): Name = "Purchase-URL"; Value = "https://pricing.snapeda.com/search/part/12-23C/RSGHBHW-5V01/2C/?ref=eda"; VariantName = "[No Variations]"
Add component (AddParameter): Name = "SnapEDA_Link"; Value = "https://www.snapeda.com/parts/12-23C/RSGHBHW-5V01/2C/Everlight+Electronics+Co+Ltd/view-part/?ref=snap"; VariantName = "[No Variations]"
Add component (AddParameter): Name = "Value"; Value = ""; VariantName = "[No Variations]"
Added Component: Designator=LED1026(LED_12-23C/RSGHBHW-5V01/2C)
Add component. Clean all parameters for all variants
Add component (AddParameter): Name = "Availability"; Value = "In Stock"; VariantName = "[No Variations]"
Add component (AddParameter): Name = "Check_prices"; Value = "https://www.snapeda.com/parts/12-23C/RSGHBHW-5V01/2C/Everlight+Electronics+Co+Ltd/view-part/?ref=eda"; VariantName = "[No Variations]"
Add component (AddParameter): Name = "MF"; Value = "Everlight Electronics Co Ltd"; VariantName = "[No Variations]"
Add component (AddParameter): Name = "MP"; Value = "12-23C/RSGHBHW-5V01/2C"; VariantName = "[No Variations]"
Add component (AddParameter): Name = "Package"; Value = "SMD-4 Everlight Electronics Co Ltd"; VariantName = "[No Variations]"
Add component (AddParameter): Name = "Price"; Value = "None"; VariantName = "[No Variations]"
Add component (AddParameter): Name = "Purchase-URL"; Value = "https://pricing.snapeda.com/search/part/12-23C/RSGHBHW-5V01/2C/?ref=eda"; VariantName = "[No Variations]"
Add component (AddParameter): Name = "SnapEDA_Link"; Value = "https://www.snapeda.com/parts/12-23C/RSGHBHW-5V01/2C/Everlight+Electronics+Co+Ltd/view-part/?ref=snap"; VariantName = "[No Variations]"
Add component (AddParameter): Name = "Value"; Value = ""; VariantName = "[No Variations]"
Added Component: Designator=LED1027(LED_12-23C/RSGHBHW-5V01/2C)
Add component. Clean all parameters for all variants
Add component (AddParameter): Name = "Availability"; Value = "In Stock"; VariantName = "[No Variations]"
Add component (AddParameter): Name = "Check_prices"; Value = "https://www.snapeda.com/parts/12-23C/RSGHBHW-5V01/2C/Everlight+Electronics+Co+Ltd/view-part/?ref=eda"; VariantName = "[No Variations]"
Add component (AddParameter): Name = "MF"; Value = "Everlight Electronics Co Ltd"; VariantName = "[No Variations]"
Add component (AddParameter): Name = "MP"; Value = "12-23C/RSGHBHW-5V01/2C"; VariantName = "[No Variations]"
Add component (AddParameter): Name = "Package"; Value = "SMD-4 Everlight Electronics Co Ltd"; VariantName = "[No Variations]"
Add component (AddParameter): Name = "Price"; Value = "None"; VariantName = "[No Variations]"
Add component (AddParameter): Name = "Purchase-URL"; Value = "https://pricing.snapeda.com/search/part/12-23C/RSGHBHW-5V01/2C/?ref=eda"; VariantName = "[No Variations]"
Add component (AddParameter): Name = "SnapEDA_Link"; Value = "https://www.snapeda.com/parts/12-23C/RSGHBHW-5V01/2C/Everlight+Electronics+Co+Ltd/view-part/?ref=snap"; VariantName = "[No Variations]"
Add component (AddParameter): Name = "Value"; Value = ""; VariantName = "[No Variations]"
Added Component: Designator=LED1028(LED_12-23C/RSGHBHW-5V01/2C)
Add component. Clean all parameters for all variants
Add component (AddParameter): Name = "Availability"; Value = "In Stock"; VariantName = "[No Variations]"
Add component (AddParameter): Name = "Check_prices"; Value = "https://www.snapeda.com/parts/12-23C/RSGHBHW-5V01/2C/Everlight+Electronics+Co+Ltd/view-part/?ref=eda"; VariantName = "[No Variations]"
Add component (AddParameter): Name = "MF"; Value = "Everlight Electronics Co Ltd"; VariantName = "[No Variations]"
Add component (AddParameter): Name = "MP"; Value = "12-23C/RSGHBHW-5V01/2C"; VariantName = "[No Variations]"
Add component (AddParameter): Name = "Package"; Value = "SMD-4 Everlight Electronics Co Ltd"; VariantName = "[No Variations]"
Add component (AddParameter): Name = "Price"; Value = "None"; VariantName = "[No Variations]"
Add component (AddParameter): Name = "Purchase-URL"; Value = "https://pricing.snapeda.com/search/part/12-23C/RSGHBHW-5V01/2C/?ref=eda"; VariantName = "[No Variations]"
Add component (AddParameter): Name = "SnapEDA_Link"; Value = "https://www.snapeda.com/parts/12-23C/RSGHBHW-5V01/2C/Everlight+Electronics+Co+Ltd/view-part/?ref=snap"; VariantName = "[No Variations]"
Add component (AddParameter): Name = "Value"; Value = ""; VariantName = "[No Variations]"
Added Component: Designator=R1001(RES_0402_SMD)
Add component. Clean all parameters for all variants
Add component (AddParameter): Name = "Operating Temp."; Value = ""; VariantName = "[No Variations]"
Add component (AddParameter): Name = "Package"; Value = ""; VariantName = "[No Variations]"
Add component (AddParameter): Name = "Part Number"; Value = "RMCF0402JT2K20"; VariantName = "[No Variations]"
Add component (AddParameter): Name = "Place"; Value = "P"; VariantName = "[No Variations]"
Add component (AddParameter): Name = "Power"; Value = ""; VariantName = "[No Variations]"
Add component (AddParameter): Name = "Tolerance"; Value = ""; VariantName = "[No Variations]"
Add component (AddParameter): Name = "Value"; Value = "2.2K"; VariantName = "[No Variations]"
Add component (AddParameter): Name = "Voltage"; Value = ""; VariantName = "[No Variations]"
Added Component: Designator=R1002(RES_0402_SMD)
Add component. Clean all parameters for all variants
Add component (AddParameter): Name = "Operating Temp."; Value = ""; VariantName = "[No Variations]"
Add component (AddParameter): Name = "Package"; Value = ""; VariantName = "[No Variations]"
Add component (AddParameter): Name = "Part Number"; Value = "RMCF0402JT2K20"; VariantName = "[No Variations]"
Add component (AddParameter): Name = "Place"; Value = "P"; VariantName = "[No Variations]"
Add component (AddParameter): Name = "Power"; Value = ""; VariantName = "[No Variations]"
Add component (AddParameter): Name = "Tolerance"; Value = ""; VariantName = "[No Variations]"
Add component (AddParameter): Name = "Value"; Value = "2.2K"; VariantName = "[No Variations]"
Add component (AddParameter): Name = "Voltage"; Value = ""; VariantName = "[No Variations]"
Added Pin To Net: NetName=12V0_PWIN Pin=INPUT2-1
Added Pin To Net: NetName=NetD2_1 Pin=INPUT2-2
Added Pin To Net: NetName=NetD1_1 Pin=INPUT2-3
Added Pin To Net: NetName=GND Pin=INPUT2-4
Added Pin To Net: NetName=VDD_MCU Pin=J_BOS-1
Added Pin To Net: NetName=NetC29_2 Pin=J_BOS-4
Added Pin To Net: NetName=GND Pin=J_BOS-5
Added Pin To Net: NetName=GND Pin=LED28-2
Added Pin To Net: NetName=NetLED27_1 Pin=LED28-3
Added Pin To Net: NetName=5V0_INT Pin=LED28-4
Added Pin To Net: NetName=NetLED1_3 Pin=LED1001-1
Added Pin To Net: NetName=GND Pin=LED1001-2
Added Pin To Net: NetName=NetLED1_1 Pin=LED1001-3
Added Pin To Net: NetName=5V0_INT Pin=LED1001-4
Added Pin To Net: NetName=NetLED1_1 Pin=LED1002-1
Added Pin To Net: NetName=GND Pin=LED1002-2
Added Pin To Net: NetName=NetLED2_1 Pin=LED1002-3
Added Pin To Net: NetName=5V0_INT Pin=LED1002-4
Added Pin To Net: NetName=NetLED2_1 Pin=LED1003-1
Added Pin To Net: NetName=GND Pin=LED1003-2
Added Pin To Net: NetName=NetLED3_1 Pin=LED1003-3
Added Pin To Net: NetName=5V0_INT Pin=LED1003-4
Added Pin To Net: NetName=NetLED3_1 Pin=LED1004-1
Added Pin To Net: NetName=GND Pin=LED1004-2
Added Pin To Net: NetName=NetLED4_1 Pin=LED1004-3
Added Pin To Net: NetName=5V0_INT Pin=LED1004-4
Added Pin To Net: NetName=NetLED4_1 Pin=LED1005-1
Added Pin To Net: NetName=GND Pin=LED1005-2
Added Pin To Net: NetName=NetLED5_1 Pin=LED1005-3
Added Pin To Net: NetName=5V0_INT Pin=LED1005-4
Added Pin To Net: NetName=NetLED5_1 Pin=LED1006-1
Added Pin To Net: NetName=GND Pin=LED1006-2
Added Pin To Net: NetName=NetLED6_1 Pin=LED1006-3
Added Pin To Net: NetName=5V0_INT Pin=LED1006-4
Added Pin To Net: NetName=NetLED6_1 Pin=LED1007-1
Added Pin To Net: NetName=GND Pin=LED1007-2
Added Pin To Net: NetName=5V0_INT Pin=LED1007-4
Added Pin To Net: NetName=GND Pin=LED1008-2
Added Pin To Net: NetName=5V0_INT Pin=LED1008-4
Added Pin To Net: NetName=GND Pin=LED1009-2
Added Pin To Net: NetName=5V0_INT Pin=LED1009-4
Added Pin To Net: NetName=GND Pin=LED1010-2
Added Pin To Net: NetName=5V0_INT Pin=LED1010-4
Added Pin To Net: NetName=GND Pin=LED1011-2
Added Pin To Net: NetName=5V0_INT Pin=LED1011-4
Added Pin To Net: NetName=GND Pin=LED1012-2
Added Pin To Net: NetName=NetLED12_1 Pin=LED1012-3
Added Pin To Net: NetName=5V0_INT Pin=LED1012-4
Added Pin To Net: NetName=NetLED12_1 Pin=LED1013-1
Added Pin To Net: NetName=GND Pin=LED1013-2
Added Pin To Net: NetName=NetLED13_1 Pin=LED1013-3
Added Pin To Net: NetName=5V0_INT Pin=LED1013-4
Added Pin To Net: NetName=NetLED13_1 Pin=LED1014-1
Added Pin To Net: NetName=GND Pin=LED1014-2
Added Pin To Net: NetName=NetLED14_1 Pin=LED1014-3
Added Pin To Net: NetName=5V0_INT Pin=LED1014-4
Added Pin To Net: NetName=NetLED14_1 Pin=LED1015-1
Added Pin To Net: NetName=GND Pin=LED1015-2
Added Pin To Net: NetName=NetLED15_1 Pin=LED1015-3
Added Pin To Net: NetName=5V0_INT Pin=LED1015-4
Added Pin To Net: NetName=NetLED15_1 Pin=LED1016-1
Added Pin To Net: NetName=GND Pin=LED1016-2
Added Pin To Net: NetName=NetLED16_1 Pin=LED1016-3
Added Pin To Net: NetName=5V0_INT Pin=LED1016-4
Added Pin To Net: NetName=NetLED16_1 Pin=LED1017-1
Added Pin To Net: NetName=GND Pin=LED1017-2
Added Pin To Net: NetName=NetLED17_1 Pin=LED1017-3
Added Pin To Net: NetName=5V0_INT Pin=LED1017-4
Added Pin To Net: NetName=NetLED17_1 Pin=LED1018-1
Added Pin To Net: NetName=GND Pin=LED1018-2
Added Pin To Net: NetName=NetLED18_1 Pin=LED1018-3
Added Pin To Net: NetName=5V0_INT Pin=LED1018-4
Added Pin To Net: NetName=NetLED18_1 Pin=LED1019-1
Added Pin To Net: NetName=GND Pin=LED1019-2
Added Pin To Net: NetName=5V0_INT Pin=LED1019-4
Added Pin To Net: NetName=GND Pin=LED1020-2
Added Pin To Net: NetName=5V0_INT Pin=LED1020-4
Added Pin To Net: NetName=GND Pin=LED1021-2
Added Pin To Net: NetName=5V0_INT Pin=LED1021-4
Added Pin To Net: NetName=GND Pin=LED1022-2
Added Pin To Net: NetName=5V0_INT Pin=LED1022-4
Added Pin To Net: NetName=GND Pin=LED1023-2
Added Pin To Net: NetName=5V0_INT Pin=LED1023-4
Added Pin To Net: NetName=GND Pin=LED1024-2
Added Pin To Net: NetName=NetLED24_1 Pin=LED1024-3
Added Pin To Net: NetName=5V0_INT Pin=LED1024-4
Added Pin To Net: NetName=NetLED24_1 Pin=LED1025-1
Added Pin To Net: NetName=GND Pin=LED1025-2
Added Pin To Net: NetName=NetLED25_1 Pin=LED1025-3
Added Pin To Net: NetName=5V0_INT Pin=LED1025-4
Added Pin To Net: NetName=NetLED25_1 Pin=LED1026-1
Added Pin To Net: NetName=GND Pin=LED1026-2
Added Pin To Net: NetName=NetLED26_1 Pin=LED1026-3
Added Pin To Net: NetName=5V0_INT Pin=LED1026-4
Added Pin To Net: NetName=NetLED26_1 Pin=LED1027-1
Added Pin To Net: NetName=GND Pin=LED1027-2
Added Pin To Net: NetName=NetLED27_1 Pin=LED1027-3
Added Pin To Net: NetName=5V0_INT Pin=LED1027-4
Added Pin To Net: NetName=NetLED27_1 Pin=LED1028-1
Added Pin To Net: NetName=GND Pin=LED1028-2
Added Pin To Net: NetName=5V0_INT Pin=LED1028-4
Added Pin To Net: NetName=NetD1_1 Pin=R1001-1
Added Pin To Net: NetName=GND Pin=R1001-2
Added Pin To Net: NetName=5V0_INT Pin=R1002-1
Added Pin To Net: NetName=NetD2_1 Pin=R1002-2
Added Pin To Net: NetName=NetJ9_5 Pin=U5-44
Added Pin To Net: NetName=NetJ_BOS_2 Pin=J_BOS-2
Added Pin To Net: NetName=NetJ_BOS_2 Pin=U5-109
Added Net: Name=NetJ_BOS_2
Added Pin To Net: NetName=NetJ_BOS_3 Pin=J_BOS-3
Added Pin To Net: NetName=NetJ_BOS_3 Pin=U5-105
Added Net: Name=NetJ_BOS_3
Added Pin To Net: NetName=NetLED28_1 Pin=LED28-1
Added Pin To Net: NetName=NetLED28_1 Pin=LED1028-3
Added Net: Name=NetLED28_1
Added Pin To Net: NetName=NetLED1007_3 Pin=LED1007-3
Added Pin To Net: NetName=NetLED1007_3 Pin=LED1008-1
Added Net: Name=NetLED1007_3
Added Pin To Net: NetName=NetLED1008_3 Pin=LED1008-3
Added Pin To Net: NetName=NetLED1008_3 Pin=LED1009-1
Added Net: Name=NetLED1008_3
Added Pin To Net: NetName=NetLED1009_3 Pin=LED1009-3
Added Pin To Net: NetName=NetLED1009_3 Pin=LED1010-1
Added Net: Name=NetLED1009_3
Added Pin To Net: NetName=NetLED1010_3 Pin=LED1010-3
Added Pin To Net: NetName=NetLED1010_3 Pin=LED1011-1
Added Net: Name=NetLED1010_3
Added Pin To Net: NetName=NetLED1011_3 Pin=LED1011-3
Added Pin To Net: NetName=NetLED1011_3 Pin=LED1012-1
Added Net: Name=NetLED1011_3
Added Pin To Net: NetName=NetLED1019_3 Pin=LED1019-3
Added Pin To Net: NetName=NetLED1019_3 Pin=LED1020-1
Added Net: Name=NetLED1019_3
Added Pin To Net: NetName=NetLED1020_3 Pin=LED1020-3
Added Pin To Net: NetName=NetLED1020_3 Pin=LED1021-1
Added Net: Name=NetLED1020_3
Added Pin To Net: NetName=NetLED1021_3 Pin=LED1021-3
Added Pin To Net: NetName=NetLED1021_3 Pin=LED1022-1
Added Net: Name=NetLED1021_3
Added Pin To Net: NetName=NetLED1022_3 Pin=LED1022-3
Added Pin To Net: NetName=NetLED1022_3 Pin=LED1023-1
Added Net: Name=NetLED1022_3
Added Pin To Net: NetName=NetLED1023_3 Pin=LED1023-3
Added Pin To Net: NetName=NetLED1023_3 Pin=LED1024-1
Added Net: Name=NetLED1023_3
Added Pin To Net: NetName=NetR168_2 Pin=R168-2
Added Pin To Net: NetName=NetR168_2 Pin=U5-19
Added Net: Name=NetR168_2
Added Class: Name=RGB_LED_2
Added Class: Name=RGB_LED_3
Added Member To Class: ClassName=CONNECTORs Member=Component INPUT2 B4B-XH-A
Added Member To Class: ClassName=RGB LEDs Member=Component LED1001 12-23C/RSGHBHW-5V01/2C
Added Member To Class: ClassName=RGB LEDs Member=Component LED1002 12-23C/RSGHBHW-5V01/2C
Added Member To Class: ClassName=RGB LEDs Member=Component LED1003 12-23C/RSGHBHW-5V01/2C
Added Member To Class: ClassName=RGB LEDs Member=Component LED1004 12-23C/RSGHBHW-5V01/2C
Added Member To Class: ClassName=RGB LEDs Member=Component LED1005 12-23C/RSGHBHW-5V01/2C
Added Member To Class: ClassName=RGB LEDs Member=Component LED1006 12-23C/RSGHBHW-5V01/2C
Added Member To Class: ClassName=RGB LEDs Member=Component LED1007 12-23C/RSGHBHW-5V01/2C
Added Member To Class: ClassName=RGB LEDs Member=Component LED1008 12-23C/RSGHBHW-5V01/2C
Added Member To Class: ClassName=RGB LEDs Member=Component LED1009 12-23C/RSGHBHW-5V01/2C
Added Member To Class: ClassName=RGB LEDs Member=Component LED1010 12-23C/RSGHBHW-5V01/2C
Added Member To Class: ClassName=RGB LEDs Member=Component LED1011 12-23C/RSGHBHW-5V01/2C
Added Member To Class: ClassName=RGB LEDs Member=Component LED1012 12-23C/RSGHBHW-5V01/2C
Added Member To Class: ClassName=MISC Member=Component R1001 RMCF0402JT2K20
Added Member To Class: ClassName=MISC Member=Component R1002 RMCF0402JT2K20
