Removed Pin From Net: NetName=NetR159_2 Pin=U5-27
Removed Pin From Net: NetName=NetDEVICE_ID_6 Pin=U5-28
Removed Pin From Net: NetName=NetJ11_3 Pin=U5-29
Removed Pin From Net: NetName=NetDEVICE_ID_3 Pin=U5-36
Removed Pin From Net: NetName=NetR58_2 Pin=U5-37
Removed Pin From Net: NetName=NetDEVICE_ID_4 Pin=U5-40
Removed Pin From Net: NetName=NetJ12_3 Pin=U5-41
Removed Pin From Net: NetName=NetJ12_5 Pin=U5-42
Removed Pin From Net: NetName=NetDEVICE_ID_2 Pin=U5-43
Removed Pin From Net: NetName=NetR47_2 Pin=U5-44
Removed Pin From Net: NetName=NetJ11_5 Pin=U5-45
Removed Pin From Net: NetName=NetJ13_5 Pin=U5-46
Removed Pin From Net: NetName=NetJ13_3 Pin=U5-47
Removed Pin From Net: NetName=NetR48_2 Pin=U5-48
Added Pin To Net: NetName=NetR47_2 Pin=U5-27
Added Pin To Net: NetName=NetJ11_3 Pin=U5-28
Added Pin To Net: NetName=NetJ11_5 Pin=U5-29
Added Pin To Net: NetName=NetR48_2 Pin=U5-36
Added Pin To Net: NetName=NetJ12_3 Pin=U5-37
Added Pin To Net: NetName=NetJ12_5 Pin=U5-40
Added Pin To Net: NetName=NetR58_2 Pin=U5-41
Added Pin To Net: NetName=NetJ13_3 Pin=U5-42
Added Pin To Net: NetName=NetJ13_5 Pin=U5-43
Added Pin To Net: NetName=NetR159_2 Pin=U5-44
Added Pin To Net: NetName=NetDEVICE_ID_6 Pin=U5-45
Added Pin To Net: NetName=NetDEVICE_ID_3 Pin=U5-46
Added Pin To Net: NetName=NetDEVICE_ID_2 Pin=U5-47
Added Pin To Net: NetName=NetDEVICE_ID_4 Pin=U5-48
