Removed Pin From Net: NetName=NetJ9_5 Pin=U5-19
Removed Pin From Net: NetName=NetR168_2 Pin=U5-44
Change Component Description : Designator=X1 Old Description=16 MHz ±10ppm Crystal 9pF 40 Ohms 4-SMD, No Lead New Description= 16 MHz ±10ppm Crystal 9pF 40 Ohms 4-SMD, No Lead
Change Component Description : Designator=R150 Old Description=Inrush Current Limiter 5 Ohms ±20% 3 A New Description=Inrush Current Limiter 5 Ohms ±20% 3 A 
Change Component Kind : Designator=X1 Old Kind=Standard (No BOM) New Kind=Standard
Change component parameters: Designator = "DEVICE_ID"; Footprint = "218-8LPST"; UniqueID = "\WSSXFLLN"
Change component parameters. Clean all parameters for all variants
Change component parameters (AddParameter): Name = "Manufacturer"; Value = "CST"; VariantName = "[No Variations]"
Change component parameters (AddParameter): Name = "Operating Temp."; Value = "-40°C ~ 85°C "; VariantName = "[No Variations]"
Change component parameters (AddParameter): Name = "Package"; Value = "218-8LPST"; VariantName = "[No Variations]"
Change component parameters (AddParameter): Name = "Part Number"; Value = "218-8LPST"; VariantName = "[No Variations]"
Change component parameters (AddParameter): Name = "Place"; Value = "POP"; VariantName = "[No Variations]"
Change component parameters (AddParameter): Name = "Power"; Value = "N/A"; VariantName = "[No Variations]"
Change component parameters (AddParameter): Name = "Tolerance"; Value = "N/A"; VariantName = "[No Variations]"
Change component parameters (AddParameter): Name = "Value"; Value = "SPST-8POS"; VariantName = "[No Variations]"
Change component parameters (AddParameter): Name = "Voltage"; Value = "N/A"; VariantName = "[No Variations]"
Change component parameters: Designator = "LED1"; Footprint = "RGB_IN-PI22TAT5R5G5B"; UniqueID = "\MXUGYMDA"
Change component parameters. Clean all parameters for all variants
Change component parameters (AddParameter): Name = "Manufacturer"; Value = "Inolux"; VariantName = "[No Variations]"
Change component parameters (AddParameter): Name = "Operating Temp."; Value = "-40°C ~ 85°C "; VariantName = "[No Variations]"
Change component parameters (AddParameter): Name = "Package"; Value = "IN-PI22TAT5R5G5B"; VariantName = "[No Variations]"
Change component parameters (AddParameter): Name = "Part Number"; Value = "IN-PI22TAT5R5G5B"; VariantName = "[No Variations]"
Change component parameters (AddParameter): Name = "Place"; Value = "P"; VariantName = "[No Variations]"
Change component parameters (AddParameter): Name = "Power"; Value = "N/A"; VariantName = "[No Variations]"
Change component parameters (AddParameter): Name = "Tolerance"; Value = "N/A"; VariantName = "[No Variations]"
Change component parameters (AddParameter): Name = "Value"; Value = "N/A"; VariantName = "[No Variations]"
Change component parameters (AddParameter): Name = "Voltage"; Value = "N/A"; VariantName = "[No Variations]"
Change component parameters: Designator = "LED2"; Footprint = "RGB_IN-PI22TAT5R5G5B"; UniqueID = "\VKEYIPKL"
Change component parameters. Clean all parameters for all variants
Change component parameters (AddParameter): Name = "Manufacturer"; Value = "Inolux"; VariantName = "[No Variations]"
Change component parameters (AddParameter): Name = "Operating Temp."; Value = "-40°C ~ 85°C "; VariantName = "[No Variations]"
Change component parameters (AddParameter): Name = "Package"; Value = "IN-PI22TAT5R5G5B"; VariantName = "[No Variations]"
Change component parameters (AddParameter): Name = "Part Number"; Value = "IN-PI22TAT5R5G5B"; VariantName = "[No Variations]"
Change component parameters (AddParameter): Name = "Place"; Value = "P"; VariantName = "[No Variations]"
Change component parameters (AddParameter): Name = "Power"; Value = "N/A"; VariantName = "[No Variations]"
Change component parameters (AddParameter): Name = "Tolerance"; Value = "N/A"; VariantName = "[No Variations]"
Change component parameters (AddParameter): Name = "Value"; Value = "N/A"; VariantName = "[No Variations]"
Change component parameters (AddParameter): Name = "Voltage"; Value = "N/A"; VariantName = "[No Variations]"
Change component parameters: Designator = "LED3"; Footprint = "RGB_IN-PI22TAT5R5G5B"; UniqueID = "\OGVQJYBP"
Change component parameters. Clean all parameters for all variants
Change component parameters (AddParameter): Name = "Manufacturer"; Value = "Inolux"; VariantName = "[No Variations]"
Change component parameters (AddParameter): Name = "Operating Temp."; Value = "-40°C ~ 85°C "; VariantName = "[No Variations]"
Change component parameters (AddParameter): Name = "Package"; Value = "IN-PI22TAT5R5G5B"; VariantName = "[No Variations]"
Change component parameters (AddParameter): Name = "Part Number"; Value = "IN-PI22TAT5R5G5B"; VariantName = "[No Variations]"
Change component parameters (AddParameter): Name = "Place"; Value = "P"; VariantName = "[No Variations]"
Change component parameters (AddParameter): Name = "Power"; Value = "N/A"; VariantName = "[No Variations]"
Change component parameters (AddParameter): Name = "Tolerance"; Value = "N/A"; VariantName = "[No Variations]"
Change component parameters (AddParameter): Name = "Value"; Value = "N/A"; VariantName = "[No Variations]"
Change component parameters (AddParameter): Name = "Voltage"; Value = "N/A"; VariantName = "[No Variations]"
Change component parameters: Designator = "LED4"; Footprint = "RGB_IN-PI22TAT5R5G5B"; UniqueID = "\AFVKEJFY"
Change component parameters. Clean all parameters for all variants
Change component parameters (AddParameter): Name = "Manufacturer"; Value = "Inolux"; VariantName = "[No Variations]"
Change component parameters (AddParameter): Name = "Operating Temp."; Value = "-40°C ~ 85°C "; VariantName = "[No Variations]"
Change component parameters (AddParameter): Name = "Package"; Value = "IN-PI22TAT5R5G5B"; VariantName = "[No Variations]"
Change component parameters (AddParameter): Name = "Part Number"; Value = "IN-PI22TAT5R5G5B"; VariantName = "[No Variations]"
Change component parameters (AddParameter): Name = "Place"; Value = "P"; VariantName = "[No Variations]"
Change component parameters (AddParameter): Name = "Power"; Value = "N/A"; VariantName = "[No Variations]"
Change component parameters (AddParameter): Name = "Tolerance"; Value = "N/A"; VariantName = "[No Variations]"
Change component parameters (AddParameter): Name = "Value"; Value = "N/A"; VariantName = "[No Variations]"
Change component parameters (AddParameter): Name = "Voltage"; Value = "N/A"; VariantName = "[No Variations]"
Change component parameters: Designator = "LED5"; Footprint = "RGB_IN-PI22TAT5R5G5B"; UniqueID = "\GABVSXFM"
Change component parameters. Clean all parameters for all variants
Change component parameters (AddParameter): Name = "Manufacturer"; Value = "Inolux"; VariantName = "[No Variations]"
Change component parameters (AddParameter): Name = "Operating Temp."; Value = "-40°C ~ 85°C "; VariantName = "[No Variations]"
Change component parameters (AddParameter): Name = "Package"; Value = "IN-PI22TAT5R5G5B"; VariantName = "[No Variations]"
Change component parameters (AddParameter): Name = "Part Number"; Value = "IN-PI22TAT5R5G5B"; VariantName = "[No Variations]"
Change component parameters (AddParameter): Name = "Place"; Value = "P"; VariantName = "[No Variations]"
Change component parameters (AddParameter): Name = "Power"; Value = "N/A"; VariantName = "[No Variations]"
Change component parameters (AddParameter): Name = "Tolerance"; Value = "N/A"; VariantName = "[No Variations]"
Change component parameters (AddParameter): Name = "Value"; Value = "N/A"; VariantName = "[No Variations]"
Change component parameters (AddParameter): Name = "Voltage"; Value = "N/A"; VariantName = "[No Variations]"
Change component parameters: Designator = "LED6"; Footprint = "RGB_IN-PI22TAT5R5G5B"; UniqueID = "\DPKTPFIE"
Change component parameters. Clean all parameters for all variants
Change component parameters (AddParameter): Name = "Manufacturer"; Value = "Inolux"; VariantName = "[No Variations]"
Change component parameters (AddParameter): Name = "Operating Temp."; Value = "-40°C ~ 85°C "; VariantName = "[No Variations]"
Change component parameters (AddParameter): Name = "Package"; Value = "IN-PI22TAT5R5G5B"; VariantName = "[No Variations]"
Change component parameters (AddParameter): Name = "Part Number"; Value = "IN-PI22TAT5R5G5B"; VariantName = "[No Variations]"
Change component parameters (AddParameter): Name = "Place"; Value = "P"; VariantName = "[No Variations]"
Change component parameters (AddParameter): Name = "Power"; Value = "N/A"; VariantName = "[No Variations]"
Change component parameters (AddParameter): Name = "Tolerance"; Value = "N/A"; VariantName = "[No Variations]"
Change component parameters (AddParameter): Name = "Value"; Value = "N/A"; VariantName = "[No Variations]"
Change component parameters (AddParameter): Name = "Voltage"; Value = "N/A"; VariantName = "[No Variations]"
Change component parameters: Designator = "LED7"; Footprint = "RGB_IN-PI22TAT5R5G5B"; UniqueID = "\AWRDIHRO"
Change component parameters. Clean all parameters for all variants
Change component parameters (AddParameter): Name = "Manufacturer"; Value = "Inolux"; VariantName = "[No Variations]"
Change component parameters (AddParameter): Name = "Operating Temp."; Value = "-40°C ~ 85°C "; VariantName = "[No Variations]"
Change component parameters (AddParameter): Name = "Package"; Value = "IN-PI22TAT5R5G5B"; VariantName = "[No Variations]"
Change component parameters (AddParameter): Name = "Part Number"; Value = "IN-PI22TAT5R5G5B"; VariantName = "[No Variations]"
Change component parameters (AddParameter): Name = "Place"; Value = "P"; VariantName = "[No Variations]"
Change component parameters (AddParameter): Name = "Power"; Value = "N/A"; VariantName = "[No Variations]"
Change component parameters (AddParameter): Name = "Tolerance"; Value = "N/A"; VariantName = "[No Variations]"
Change component parameters (AddParameter): Name = "Value"; Value = "N/A"; VariantName = "[No Variations]"
Change component parameters (AddParameter): Name = "Voltage"; Value = "N/A"; VariantName = "[No Variations]"
Change component parameters: Designator = "LED8"; Footprint = "RGB_IN-PI22TAT5R5G5B"; UniqueID = "\CPQZZFYQ"
Change component parameters. Clean all parameters for all variants
Change component parameters (AddParameter): Name = "Manufacturer"; Value = "Inolux"; VariantName = "[No Variations]"
Change component parameters (AddParameter): Name = "Operating Temp."; Value = "-40°C ~ 85°C "; VariantName = "[No Variations]"
Change component parameters (AddParameter): Name = "Package"; Value = "IN-PI22TAT5R5G5B"; VariantName = "[No Variations]"
Change component parameters (AddParameter): Name = "Part Number"; Value = "IN-PI22TAT5R5G5B"; VariantName = "[No Variations]"
Change component parameters (AddParameter): Name = "Place"; Value = "P"; VariantName = "[No Variations]"
Change component parameters (AddParameter): Name = "Power"; Value = "N/A"; VariantName = "[No Variations]"
Change component parameters (AddParameter): Name = "Tolerance"; Value = "N/A"; VariantName = "[No Variations]"
Change component parameters (AddParameter): Name = "Value"; Value = "N/A"; VariantName = "[No Variations]"
Change component parameters (AddParameter): Name = "Voltage"; Value = "N/A"; VariantName = "[No Variations]"
Change component parameters: Designator = "LED9"; Footprint = "RGB_IN-PI22TAT5R5G5B"; UniqueID = "\XXYHZZAP"
Change component parameters. Clean all parameters for all variants
Change component parameters (AddParameter): Name = "Manufacturer"; Value = "Inolux"; VariantName = "[No Variations]"
Change component parameters (AddParameter): Name = "Operating Temp."; Value = "-40°C ~ 85°C "; VariantName = "[No Variations]"
Change component parameters (AddParameter): Name = "Package"; Value = "IN-PI22TAT5R5G5B"; VariantName = "[No Variations]"
Change component parameters (AddParameter): Name = "Part Number"; Value = "IN-PI22TAT5R5G5B"; VariantName = "[No Variations]"
Change component parameters (AddParameter): Name = "Place"; Value = "P"; VariantName = "[No Variations]"
Change component parameters (AddParameter): Name = "Power"; Value = "N/A"; VariantName = "[No Variations]"
Change component parameters (AddParameter): Name = "Tolerance"; Value = "N/A"; VariantName = "[No Variations]"
Change component parameters (AddParameter): Name = "Value"; Value = "N/A"; VariantName = "[No Variations]"
Change component parameters (AddParameter): Name = "Voltage"; Value = "N/A"; VariantName = "[No Variations]"
Change component parameters: Designator = "LED10"; Footprint = "RGB_IN-PI22TAT5R5G5B"; UniqueID = "\HWKPNRUB"
Change component parameters. Clean all parameters for all variants
Change component parameters (AddParameter): Name = "Manufacturer"; Value = "Inolux"; VariantName = "[No Variations]"
Change component parameters (AddParameter): Name = "Operating Temp."; Value = "-40°C ~ 85°C "; VariantName = "[No Variations]"
Change component parameters (AddParameter): Name = "Package"; Value = "IN-PI22TAT5R5G5B"; VariantName = "[No Variations]"
Change component parameters (AddParameter): Name = "Part Number"; Value = "IN-PI22TAT5R5G5B"; VariantName = "[No Variations]"
Change component parameters (AddParameter): Name = "Place"; Value = "P"; VariantName = "[No Variations]"
Change component parameters (AddParameter): Name = "Power"; Value = "N/A"; VariantName = "[No Variations]"
Change component parameters (AddParameter): Name = "Tolerance"; Value = "N/A"; VariantName = "[No Variations]"
Change component parameters (AddParameter): Name = "Value"; Value = "N/A"; VariantName = "[No Variations]"
Change component parameters (AddParameter): Name = "Voltage"; Value = "N/A"; VariantName = "[No Variations]"
Change component parameters: Designator = "LED11"; Footprint = "RGB_IN-PI22TAT5R5G5B"; UniqueID = "\JVYOCACN"
Change component parameters. Clean all parameters for all variants
Change component parameters (AddParameter): Name = "Manufacturer"; Value = "Inolux"; VariantName = "[No Variations]"
Change component parameters (AddParameter): Name = "Operating Temp."; Value = "-40°C ~ 85°C "; VariantName = "[No Variations]"
Change component parameters (AddParameter): Name = "Package"; Value = "IN-PI22TAT5R5G5B"; VariantName = "[No Variations]"
Change component parameters (AddParameter): Name = "Part Number"; Value = "IN-PI22TAT5R5G5B"; VariantName = "[No Variations]"
Change component parameters (AddParameter): Name = "Place"; Value = "P"; VariantName = "[No Variations]"
Change component parameters (AddParameter): Name = "Power"; Value = "N/A"; VariantName = "[No Variations]"
Change component parameters (AddParameter): Name = "Tolerance"; Value = "N/A"; VariantName = "[No Variations]"
Change component parameters (AddParameter): Name = "Value"; Value = "N/A"; VariantName = "[No Variations]"
Change component parameters (AddParameter): Name = "Voltage"; Value = "N/A"; VariantName = "[No Variations]"
Change component parameters: Designator = "LED12"; Footprint = "RGB_IN-PI22TAT5R5G5B"; UniqueID = "\WLPMCAXU"
Change component parameters. Clean all parameters for all variants
Change component parameters (AddParameter): Name = "Manufacturer"; Value = "Inolux"; VariantName = "[No Variations]"
Change component parameters (AddParameter): Name = "Operating Temp."; Value = "-40°C ~ 85°C "; VariantName = "[No Variations]"
Change component parameters (AddParameter): Name = "Package"; Value = "IN-PI22TAT5R5G5B"; VariantName = "[No Variations]"
Change component parameters (AddParameter): Name = "Part Number"; Value = "IN-PI22TAT5R5G5B"; VariantName = "[No Variations]"
Change component parameters (AddParameter): Name = "Place"; Value = "P"; VariantName = "[No Variations]"
Change component parameters (AddParameter): Name = "Power"; Value = "N/A"; VariantName = "[No Variations]"
Change component parameters (AddParameter): Name = "Tolerance"; Value = "N/A"; VariantName = "[No Variations]"
Change component parameters (AddParameter): Name = "Value"; Value = "N/A"; VariantName = "[No Variations]"
Change component parameters (AddParameter): Name = "Voltage"; Value = "N/A"; VariantName = "[No Variations]"
Change component parameters: Designator = "LED13"; Footprint = "RGB_IN-PI22TAT5R5G5B"; UniqueID = "\GATGMLEG"
Change component parameters. Clean all parameters for all variants
Change component parameters (AddParameter): Name = "Manufacturer"; Value = "Inolux"; VariantName = "[No Variations]"
Change component parameters (AddParameter): Name = "Operating Temp."; Value = "-40°C ~ 85°C "; VariantName = "[No Variations]"
Change component parameters (AddParameter): Name = "Package"; Value = "IN-PI22TAT5R5G5B"; VariantName = "[No Variations]"
Change component parameters (AddParameter): Name = "Part Number"; Value = "IN-PI22TAT5R5G5B"; VariantName = "[No Variations]"
Change component parameters (AddParameter): Name = "Place"; Value = "P"; VariantName = "[No Variations]"
Change component parameters (AddParameter): Name = "Power"; Value = "N/A"; VariantName = "[No Variations]"
Change component parameters (AddParameter): Name = "Tolerance"; Value = "N/A"; VariantName = "[No Variations]"
Change component parameters (AddParameter): Name = "Value"; Value = "N/A"; VariantName = "[No Variations]"
Change component parameters (AddParameter): Name = "Voltage"; Value = "N/A"; VariantName = "[No Variations]"
Change component parameters: Designator = "LED14"; Footprint = "RGB_IN-PI22TAT5R5G5B"; UniqueID = "\JJYWSUAE"
Change component parameters. Clean all parameters for all variants
Change component parameters (AddParameter): Name = "Manufacturer"; Value = "Inolux"; VariantName = "[No Variations]"
Change component parameters (AddParameter): Name = "Operating Temp."; Value = "-40°C ~ 85°C "; VariantName = "[No Variations]"
Change component parameters (AddParameter): Name = "Package"; Value = "IN-PI22TAT5R5G5B"; VariantName = "[No Variations]"
Change component parameters (AddParameter): Name = "Part Number"; Value = "IN-PI22TAT5R5G5B"; VariantName = "[No Variations]"
Change component parameters (AddParameter): Name = "Place"; Value = "P"; VariantName = "[No Variations]"
Change component parameters (AddParameter): Name = "Power"; Value = "N/A"; VariantName = "[No Variations]"
Change component parameters (AddParameter): Name = "Tolerance"; Value = "N/A"; VariantName = "[No Variations]"
Change component parameters (AddParameter): Name = "Value"; Value = "N/A"; VariantName = "[No Variations]"
Change component parameters (AddParameter): Name = "Voltage"; Value = "N/A"; VariantName = "[No Variations]"
Change component parameters: Designator = "LED15"; Footprint = "RGB_IN-PI22TAT5R5G5B"; UniqueID = "\EKKRKQOA"
Change component parameters. Clean all parameters for all variants
Change component parameters (AddParameter): Name = "Manufacturer"; Value = "Inolux"; VariantName = "[No Variations]"
Change component parameters (AddParameter): Name = "Operating Temp."; Value = "-40°C ~ 85°C "; VariantName = "[No Variations]"
Change component parameters (AddParameter): Name = "Package"; Value = "IN-PI22TAT5R5G5B"; VariantName = "[No Variations]"
Change component parameters (AddParameter): Name = "Part Number"; Value = "IN-PI22TAT5R5G5B"; VariantName = "[No Variations]"
Change component parameters (AddParameter): Name = "Place"; Value = "P"; VariantName = "[No Variations]"
Change component parameters (AddParameter): Name = "Power"; Value = "N/A"; VariantName = "[No Variations]"
Change component parameters (AddParameter): Name = "Tolerance"; Value = "N/A"; VariantName = "[No Variations]"
Change component parameters (AddParameter): Name = "Value"; Value = "N/A"; VariantName = "[No Variations]"
Change component parameters (AddParameter): Name = "Voltage"; Value = "N/A"; VariantName = "[No Variations]"
Change component parameters: Designator = "LED16"; Footprint = "RGB_IN-PI22TAT5R5G5B"; UniqueID = "\ONJMLXKE"
Change component parameters. Clean all parameters for all variants
Change component parameters (AddParameter): Name = "Manufacturer"; Value = "Inolux"; VariantName = "[No Variations]"
Change component parameters (AddParameter): Name = "Operating Temp."; Value = "-40°C ~ 85°C "; VariantName = "[No Variations]"
Change component parameters (AddParameter): Name = "Package"; Value = "IN-PI22TAT5R5G5B"; VariantName = "[No Variations]"
Change component parameters (AddParameter): Name = "Part Number"; Value = "IN-PI22TAT5R5G5B"; VariantName = "[No Variations]"
Change component parameters (AddParameter): Name = "Place"; Value = "P"; VariantName = "[No Variations]"
Change component parameters (AddParameter): Name = "Power"; Value = "N/A"; VariantName = "[No Variations]"
Change component parameters (AddParameter): Name = "Tolerance"; Value = "N/A"; VariantName = "[No Variations]"
Change component parameters (AddParameter): Name = "Value"; Value = "N/A"; VariantName = "[No Variations]"
Change component parameters (AddParameter): Name = "Voltage"; Value = "N/A"; VariantName = "[No Variations]"
Change component parameters: Designator = "LED17"; Footprint = "RGB_IN-PI22TAT5R5G5B"; UniqueID = "\AVLRGJPM"
Change component parameters. Clean all parameters for all variants
Change component parameters (AddParameter): Name = "Manufacturer"; Value = "Inolux"; VariantName = "[No Variations]"
Change component parameters (AddParameter): Name = "Operating Temp."; Value = "-40°C ~ 85°C "; VariantName = "[No Variations]"
Change component parameters (AddParameter): Name = "Package"; Value = "IN-PI22TAT5R5G5B"; VariantName = "[No Variations]"
Change component parameters (AddParameter): Name = "Part Number"; Value = "IN-PI22TAT5R5G5B"; VariantName = "[No Variations]"
Change component parameters (AddParameter): Name = "Place"; Value = "P"; VariantName = "[No Variations]"
Change component parameters (AddParameter): Name = "Power"; Value = "N/A"; VariantName = "[No Variations]"
Change component parameters (AddParameter): Name = "Tolerance"; Value = "N/A"; VariantName = "[No Variations]"
Change component parameters (AddParameter): Name = "Value"; Value = "N/A"; VariantName = "[No Variations]"
Change component parameters (AddParameter): Name = "Voltage"; Value = "N/A"; VariantName = "[No Variations]"
Change component parameters: Designator = "LED18"; Footprint = "RGB_IN-PI22TAT5R5G5B"; UniqueID = "\DJEHBPFA"
Change component parameters. Clean all parameters for all variants
Change component parameters (AddParameter): Name = "Manufacturer"; Value = "Inolux"; VariantName = "[No Variations]"
Change component parameters (AddParameter): Name = "Operating Temp."; Value = "-40°C ~ 85°C "; VariantName = "[No Variations]"
Change component parameters (AddParameter): Name = "Package"; Value = "IN-PI22TAT5R5G5B"; VariantName = "[No Variations]"
Change component parameters (AddParameter): Name = "Part Number"; Value = "IN-PI22TAT5R5G5B"; VariantName = "[No Variations]"
Change component parameters (AddParameter): Name = "Place"; Value = "P"; VariantName = "[No Variations]"
Change component parameters (AddParameter): Name = "Power"; Value = "N/A"; VariantName = "[No Variations]"
Change component parameters (AddParameter): Name = "Tolerance"; Value = "N/A"; VariantName = "[No Variations]"
Change component parameters (AddParameter): Name = "Value"; Value = "N/A"; VariantName = "[No Variations]"
Change component parameters (AddParameter): Name = "Voltage"; Value = "N/A"; VariantName = "[No Variations]"
Change component parameters: Designator = "LED19"; Footprint = "RGB_IN-PI22TAT5R5G5B"; UniqueID = "\SYYFKJSR"
Change component parameters. Clean all parameters for all variants
Change component parameters (AddParameter): Name = "Manufacturer"; Value = "Inolux"; VariantName = "[No Variations]"
Change component parameters (AddParameter): Name = "Operating Temp."; Value = "-40°C ~ 85°C "; VariantName = "[No Variations]"
Change component parameters (AddParameter): Name = "Package"; Value = "IN-PI22TAT5R5G5B"; VariantName = "[No Variations]"
Change component parameters (AddParameter): Name = "Part Number"; Value = "IN-PI22TAT5R5G5B"; VariantName = "[No Variations]"
Change component parameters (AddParameter): Name = "Place"; Value = "P"; VariantName = "[No Variations]"
Change component parameters (AddParameter): Name = "Power"; Value = "N/A"; VariantName = "[No Variations]"
Change component parameters (AddParameter): Name = "Tolerance"; Value = "N/A"; VariantName = "[No Variations]"
Change component parameters (AddParameter): Name = "Value"; Value = "N/A"; VariantName = "[No Variations]"
Change component parameters (AddParameter): Name = "Voltage"; Value = "N/A"; VariantName = "[No Variations]"
Change component parameters: Designator = "LED20"; Footprint = "RGB_IN-PI22TAT5R5G5B"; UniqueID = "\YRMEMSLN"
Change component parameters. Clean all parameters for all variants
Change component parameters (AddParameter): Name = "Manufacturer"; Value = "Inolux"; VariantName = "[No Variations]"
Change component parameters (AddParameter): Name = "Operating Temp."; Value = "-40°C ~ 85°C "; VariantName = "[No Variations]"
Change component parameters (AddParameter): Name = "Package"; Value = "IN-PI22TAT5R5G5B"; VariantName = "[No Variations]"
Change component parameters (AddParameter): Name = "Part Number"; Value = "IN-PI22TAT5R5G5B"; VariantName = "[No Variations]"
Change component parameters (AddParameter): Name = "Place"; Value = "P"; VariantName = "[No Variations]"
Change component parameters (AddParameter): Name = "Power"; Value = "N/A"; VariantName = "[No Variations]"
Change component parameters (AddParameter): Name = "Tolerance"; Value = "N/A"; VariantName = "[No Variations]"
Change component parameters (AddParameter): Name = "Value"; Value = "N/A"; VariantName = "[No Variations]"
Change component parameters (AddParameter): Name = "Voltage"; Value = "N/A"; VariantName = "[No Variations]"
Change component parameters: Designator = "LED21"; Footprint = "RGB_IN-PI22TAT5R5G5B"; UniqueID = "\HGOJSPRO"
Change component parameters. Clean all parameters for all variants
Change component parameters (AddParameter): Name = "Manufacturer"; Value = "Inolux"; VariantName = "[No Variations]"
Change component parameters (AddParameter): Name = "Operating Temp."; Value = "-40°C ~ 85°C "; VariantName = "[No Variations]"
Change component parameters (AddParameter): Name = "Package"; Value = "IN-PI22TAT5R5G5B"; VariantName = "[No Variations]"
Change component parameters (AddParameter): Name = "Part Number"; Value = "IN-PI22TAT5R5G5B"; VariantName = "[No Variations]"
Change component parameters (AddParameter): Name = "Place"; Value = "P"; VariantName = "[No Variations]"
Change component parameters (AddParameter): Name = "Power"; Value = "N/A"; VariantName = "[No Variations]"
Change component parameters (AddParameter): Name = "Tolerance"; Value = "N/A"; VariantName = "[No Variations]"
Change component parameters (AddParameter): Name = "Value"; Value = "N/A"; VariantName = "[No Variations]"
Change component parameters (AddParameter): Name = "Voltage"; Value = "N/A"; VariantName = "[No Variations]"
Change component parameters: Designator = "LED22"; Footprint = "RGB_IN-PI22TAT5R5G5B"; UniqueID = "\UWIYGCTO"
Change component parameters. Clean all parameters for all variants
Change component parameters (AddParameter): Name = "Manufacturer"; Value = "Inolux"; VariantName = "[No Variations]"
Change component parameters (AddParameter): Name = "Operating Temp."; Value = "-40°C ~ 85°C "; VariantName = "[No Variations]"
Change component parameters (AddParameter): Name = "Package"; Value = "IN-PI22TAT5R5G5B"; VariantName = "[No Variations]"
Change component parameters (AddParameter): Name = "Part Number"; Value = "IN-PI22TAT5R5G5B"; VariantName = "[No Variations]"
Change component parameters (AddParameter): Name = "Place"; Value = "P"; VariantName = "[No Variations]"
Change component parameters (AddParameter): Name = "Power"; Value = "N/A"; VariantName = "[No Variations]"
Change component parameters (AddParameter): Name = "Tolerance"; Value = "N/A"; VariantName = "[No Variations]"
Change component parameters (AddParameter): Name = "Value"; Value = "N/A"; VariantName = "[No Variations]"
Change component parameters (AddParameter): Name = "Voltage"; Value = "N/A"; VariantName = "[No Variations]"
Change component parameters: Designator = "LED23"; Footprint = "RGB_IN-PI22TAT5R5G5B"; UniqueID = "\IKJENBNH"
Change component parameters. Clean all parameters for all variants
Change component parameters (AddParameter): Name = "Manufacturer"; Value = "Inolux"; VariantName = "[No Variations]"
Change component parameters (AddParameter): Name = "Operating Temp."; Value = "-40°C ~ 85°C "; VariantName = "[No Variations]"
Change component parameters (AddParameter): Name = "Package"; Value = "IN-PI22TAT5R5G5B"; VariantName = "[No Variations]"
Change component parameters (AddParameter): Name = "Part Number"; Value = "IN-PI22TAT5R5G5B"; VariantName = "[No Variations]"
Change component parameters (AddParameter): Name = "Place"; Value = "P"; VariantName = "[No Variations]"
Change component parameters (AddParameter): Name = "Power"; Value = "N/A"; VariantName = "[No Variations]"
Change component parameters (AddParameter): Name = "Tolerance"; Value = "N/A"; VariantName = "[No Variations]"
Change component parameters (AddParameter): Name = "Value"; Value = "N/A"; VariantName = "[No Variations]"
Change component parameters (AddParameter): Name = "Voltage"; Value = "N/A"; VariantName = "[No Variations]"
Change component parameters: Designator = "LED24"; Footprint = "RGB_IN-PI22TAT5R5G5B"; UniqueID = "\HMNSVLYN"
Change component parameters. Clean all parameters for all variants
Change component parameters (AddParameter): Name = "Manufacturer"; Value = "Inolux"; VariantName = "[No Variations]"
Change component parameters (AddParameter): Name = "Operating Temp."; Value = "-40°C ~ 85°C "; VariantName = "[No Variations]"
Change component parameters (AddParameter): Name = "Package"; Value = "IN-PI22TAT5R5G5B"; VariantName = "[No Variations]"
Change component parameters (AddParameter): Name = "Part Number"; Value = "IN-PI22TAT5R5G5B"; VariantName = "[No Variations]"
Change component parameters (AddParameter): Name = "Place"; Value = "P"; VariantName = "[No Variations]"
Change component parameters (AddParameter): Name = "Power"; Value = "N/A"; VariantName = "[No Variations]"
Change component parameters (AddParameter): Name = "Tolerance"; Value = "N/A"; VariantName = "[No Variations]"
Change component parameters (AddParameter): Name = "Value"; Value = "N/A"; VariantName = "[No Variations]"
Change component parameters (AddParameter): Name = "Voltage"; Value = "N/A"; VariantName = "[No Variations]"
Change component parameters: Designator = "LED25"; Footprint = "RGB_IN-PI22TAT5R5G5B"; UniqueID = "\MCCZCLWV"
Change component parameters. Clean all parameters for all variants
Change component parameters (AddParameter): Name = "Manufacturer"; Value = "Inolux"; VariantName = "[No Variations]"
Change component parameters (AddParameter): Name = "Operating Temp."; Value = "-40°C ~ 85°C "; VariantName = "[No Variations]"
Change component parameters (AddParameter): Name = "Package"; Value = "IN-PI22TAT5R5G5B"; VariantName = "[No Variations]"
Change component parameters (AddParameter): Name = "Part Number"; Value = "IN-PI22TAT5R5G5B"; VariantName = "[No Variations]"
Change component parameters (AddParameter): Name = "Place"; Value = "P"; VariantName = "[No Variations]"
Change component parameters (AddParameter): Name = "Power"; Value = "N/A"; VariantName = "[No Variations]"
Change component parameters (AddParameter): Name = "Tolerance"; Value = "N/A"; VariantName = "[No Variations]"
Change component parameters (AddParameter): Name = "Value"; Value = "N/A"; VariantName = "[No Variations]"
Change component parameters (AddParameter): Name = "Voltage"; Value = "N/A"; VariantName = "[No Variations]"
Change component parameters: Designator = "LED26"; Footprint = "RGB_IN-PI22TAT5R5G5B"; UniqueID = "\ERXWJOTT"
Change component parameters. Clean all parameters for all variants
Change component parameters (AddParameter): Name = "Manufacturer"; Value = "Inolux"; VariantName = "[No Variations]"
Change component parameters (AddParameter): Name = "Operating Temp."; Value = "-40°C ~ 85°C "; VariantName = "[No Variations]"
Change component parameters (AddParameter): Name = "Package"; Value = "IN-PI22TAT5R5G5B"; VariantName = "[No Variations]"
Change component parameters (AddParameter): Name = "Part Number"; Value = "IN-PI22TAT5R5G5B"; VariantName = "[No Variations]"
Change component parameters (AddParameter): Name = "Place"; Value = "P"; VariantName = "[No Variations]"
Change component parameters (AddParameter): Name = "Power"; Value = "N/A"; VariantName = "[No Variations]"
Change component parameters (AddParameter): Name = "Tolerance"; Value = "N/A"; VariantName = "[No Variations]"
Change component parameters (AddParameter): Name = "Value"; Value = "N/A"; VariantName = "[No Variations]"
Change component parameters (AddParameter): Name = "Voltage"; Value = "N/A"; VariantName = "[No Variations]"
Change component parameters: Designator = "LED27"; Footprint = "RGB_IN-PI22TAT5R5G5B"; UniqueID = "\IEDJSWIF"
Change component parameters. Clean all parameters for all variants
Change component parameters (AddParameter): Name = "Manufacturer"; Value = "Inolux"; VariantName = "[No Variations]"
Change component parameters (AddParameter): Name = "Operating Temp."; Value = "-40°C ~ 85°C "; VariantName = "[No Variations]"
Change component parameters (AddParameter): Name = "Package"; Value = "IN-PI22TAT5R5G5B"; VariantName = "[No Variations]"
Change component parameters (AddParameter): Name = "Part Number"; Value = "IN-PI22TAT5R5G5B"; VariantName = "[No Variations]"
Change component parameters (AddParameter): Name = "Place"; Value = "P"; VariantName = "[No Variations]"
Change component parameters (AddParameter): Name = "Power"; Value = "N/A"; VariantName = "[No Variations]"
Change component parameters (AddParameter): Name = "Tolerance"; Value = "N/A"; VariantName = "[No Variations]"
Change component parameters (AddParameter): Name = "Value"; Value = "N/A"; VariantName = "[No Variations]"
Change component parameters (AddParameter): Name = "Voltage"; Value = "N/A"; VariantName = "[No Variations]"
Change component parameters: Designator = "LED28"; Footprint = "RGB_IN-PI22TAT5R5G5B"; UniqueID = "\TAAPQXFT"
Change component parameters. Clean all parameters for all variants
Change component parameters (AddParameter): Name = "Manufacturer"; Value = "Inolux"; VariantName = "[No Variations]"
Change component parameters (AddParameter): Name = "Operating Temp."; Value = "-40°C ~ 85°C "; VariantName = "[No Variations]"
Change component parameters (AddParameter): Name = "Package"; Value = "IN-PI22TAT5R5G5B"; VariantName = "[No Variations]"
Change component parameters (AddParameter): Name = "Part Number"; Value = "IN-PI22TAT5R5G5B"; VariantName = "[No Variations]"
Change component parameters (AddParameter): Name = "Place"; Value = "P"; VariantName = "[No Variations]"
Change component parameters (AddParameter): Name = "Power"; Value = "N/A"; VariantName = "[No Variations]"
Change component parameters (AddParameter): Name = "Tolerance"; Value = "N/A"; VariantName = "[No Variations]"
Change component parameters (AddParameter): Name = "Value"; Value = "N/A"; VariantName = "[No Variations]"
Change component parameters (AddParameter): Name = "Voltage"; Value = "N/A"; VariantName = "[No Variations]"
Change component parameters: Designator = "U6"; Footprint = "8-SOIC(0.154", 3.90mm Width)"; UniqueID = "\NEBNBOXC"
Change component parameters. Clean all parameters for all variants
Change component parameters (AddParameter): Name = "Manufacturer"; Value = "STM"; VariantName = "[No Variations]"
Change component parameters (AddParameter): Name = "Operating Temp."; Value = "-40°C ~ 85°C "; VariantName = "[No Variations]"
Change component parameters (AddParameter): Name = "Package"; Value = "8-SOIC"; VariantName = "[No Variations]"
Change component parameters (AddParameter): Name = "Part Number"; Value = "M24256E-FMN6TP"; VariantName = "[No Variations]"
Change component parameters (AddParameter): Name = "Place"; Value = "POP"; VariantName = "[No Variations]"
Change component parameters (AddParameter): Name = "Power"; Value = "N/A"; VariantName = "[No Variations]"
Change component parameters (AddParameter): Name = "Tolerance"; Value = "N/A"; VariantName = "[No Variations]"
Change component parameters (AddParameter): Name = "Value"; Value = "256Kbit"; VariantName = "[No Variations]"
Change component parameters (AddParameter): Name = "Voltage"; Value = "1.6V ~ 5.5V"; VariantName = "[No Variations]"
Change component parameters: Designator = "U7"; Footprint = "8-SOIC(0.154", 3.90mm Width)"; UniqueID = "\ONPWBWEW"
Change component parameters. Clean all parameters for all variants
Change component parameters (AddParameter): Name = "Manufacturer"; Value = "MaxLinear, Inc."; VariantName = "[No Variations]"
Change component parameters (AddParameter): Name = "Operating Temp."; Value = "-40°C ~ 85°C "; VariantName = "[No Variations]"
Change component parameters (AddParameter): Name = "Package"; Value = "8-SOIC"; VariantName = "[No Variations]"
Change component parameters (AddParameter): Name = "Part Number"; Value = "SP3082EEN-L"; VariantName = "[No Variations]"
Change component parameters (AddParameter): Name = "Place"; Value = "POP"; VariantName = "[No Variations]"
Change component parameters (AddParameter): Name = "Power"; Value = "N/A"; VariantName = "[No Variations]"
Change component parameters (AddParameter): Name = "Tolerance"; Value = "N/A"; VariantName = "[No Variations]"
Change component parameters (AddParameter): Name = "Value"; Value = "256nodes"; VariantName = "[No Variations]"
Change component parameters (AddParameter): Name = "Voltage"; Value = "4.5V ~ 5.5V"; VariantName = "[No Variations]"
Change component parameters: Designator = "U9"; Footprint = "SOT-223-3"; UniqueID = "\PKTHQFSV"
Change component parameters. Clean all parameters for all variants
Change component parameters (AddParameter): Name = "Manufacturer"; Value = "EVVO"; VariantName = "[No Variations]"
Change component parameters (AddParameter): Name = "Operating Temp."; Value = "-40°C ~ 85°C "; VariantName = "[No Variations]"
Change component parameters (AddParameter): Name = "Package"; Value = "SOT-223-3"; VariantName = "[No Variations]"
Change component parameters (AddParameter): Name = "Part Number"; Value = "AMS1117-ADJ"; VariantName = "[No Variations]"
Change component parameters (AddParameter): Name = "Place"; Value = "POP"; VariantName = "[No Variations]"
Change component parameters (AddParameter): Name = "Power"; Value = "N/A"; VariantName = "[No Variations]"
Change component parameters (AddParameter): Name = "Tolerance"; Value = "N/A"; VariantName = "[No Variations]"
Change component parameters (AddParameter): Name = "Value"; Value = "1A"; VariantName = "[No Variations]"
Change component parameters (AddParameter): Name = "Voltage"; Value = "ADJ"; VariantName = "[No Variations]"
Change component parameters: Designator = "X1"; Footprint = "XTAL-4SMD"; UniqueID = "\DXLLGVPO"
Change component parameters. Clean all parameters for all variants
Change component parameters (AddParameter): Name = "Manufacturer"; Value = "Hefei Jingweite Electronics Co., Ltd."; VariantName = "[No Variations]"
Change component parameters (AddParameter): Name = "Operating Temp."; Value = "-40°C ~ 125°C"; VariantName = "[No Variations]"
Change component parameters (AddParameter): Name = "Part Number"; Value = "CF4016M00009T1521005"; VariantName = "[No Variations]"
Change component parameters (AddParameter): Name = "Place"; Value = "POP"; VariantName = "[No Variations]"
Change component parameters (AddParameter): Name = "Power"; Value = "N/A"; VariantName = "[No Variations]"
Change component parameters (AddParameter): Name = "Tolerance"; Value = "±10ppm"; VariantName = "[No Variations]"
Change component parameters (AddParameter): Name = "Value"; Value = "16Mhz"; VariantName = "[No Variations]"
Change component parameters (AddParameter): Name = "Voltage"; Value = "N/A"; VariantName = "[No Variations]"
Added Pin To Net: NetName=NetR168_2 Pin=U5-19
Added Pin To Net: NetName=NetJ9_5 Pin=U5-44
