Added Component: Designator=C1(CAP_0402_CER)
Add component. Clean all parameters for all variants
Add component (AddParameter): Name = "Operating Temp."; Value = ""; VariantName = "[No Variations]"
Add component (AddParameter): Name = "Package"; Value = ""; VariantName = "[No Variations]"
Add component (AddParameter): Name = "Part Number"; Value = "CL05B104KP5NNNC"; VariantName = "[No Variations]"
Add component (AddParameter): Name = "Place"; Value = ""; VariantName = "[No Variations]"
Add component (AddParameter): Name = "Power"; Value = ""; VariantName = "[No Variations]"
Add component (AddParameter): Name = "Tolerance"; Value = ""; VariantName = "[No Variations]"
Add component (AddParameter): Name = "Value"; Value = "100nF"; VariantName = "[No Variations]"
Add component (AddParameter): Name = "Voltage"; Value = "10V"; VariantName = "[No Variations]"
Added Component: Designator=C2(CAP_0603_CER)
Add component. Clean all parameters for all variants
Add component (AddParameter): Name = "Operating Temp."; Value = ""; VariantName = "[No Variations]"
Add component (AddParameter): Name = "Package"; Value = ""; VariantName = "[No Variations]"
Add component (AddParameter): Name = "Part Number"; Value = "CL10A475KP8NNNC"; VariantName = "[No Variations]"
Add component (AddParameter): Name = "Place"; Value = ""; VariantName = "[No Variations]"
Add component (AddParameter): Name = "Power"; Value = ""; VariantName = "[No Variations]"
Add component (AddParameter): Name = "Tolerance"; Value = ""; VariantName = "[No Variations]"
Add component (AddParameter): Name = "Value"; Value = "4.7uF"; VariantName = "[No Variations]"
Add component (AddParameter): Name = "Voltage"; Value = "6.3V"; VariantName = "[No Variations]"
Added Component: Designator=C3(CAP_0603_CER)
Add component. Clean all parameters for all variants
Add component (AddParameter): Name = "Operating Temp."; Value = ""; VariantName = "[No Variations]"
Add component (AddParameter): Name = "Package"; Value = ""; VariantName = "[No Variations]"
Add component (AddParameter): Name = "Part Number"; Value = "CL10A475KP8NNNC"; VariantName = "[No Variations]"
Add component (AddParameter): Name = "Place"; Value = "POP"; VariantName = "[No Variations]"
Add component (AddParameter): Name = "Power"; Value = ""; VariantName = "[No Variations]"
Add component (AddParameter): Name = "Tolerance"; Value = ""; VariantName = "[No Variations]"
Add component (AddParameter): Name = "Value"; Value = "4.7uF"; VariantName = "[No Variations]"
Add component (AddParameter): Name = "Voltage"; Value = "6.3V"; VariantName = "[No Variations]"
Added Component: Designator=J1(PCB_009159006651906)
Add component. Clean all parameters for all variants
Add component (AddParameter): Name = "Manufacturer"; Value = "MARELUX"; VariantName = "[No Variations]"
Add component (AddParameter): Name = "Operating Temp."; Value = "-40~+85"; VariantName = "[No Variations]"
Add component (AddParameter): Name = "Package"; Value = "Special"; VariantName = "[No Variations]"
Add component (AddParameter): Name = "Part Number"; Value = "PCB_009159006651906"; VariantName = "[No Variations]"
Add component (AddParameter): Name = "Place"; Value = "POP"; VariantName = "[No Variations]"
Add component (AddParameter): Name = "Power"; Value = "N/A"; VariantName = "[No Variations]"
Add component (AddParameter): Name = "Tolerance"; Value = "N/A"; VariantName = "[No Variations]"
Add component (AddParameter): Name = "Value"; Value = "N/A"; VariantName = "[No Variations]"
Add component (AddParameter): Name = "Voltage"; Value = "N/A"; VariantName = "[No Variations]"
Added Component: Designator=R1(RES_0402_SMD)
Add component. Clean all parameters for all variants
Add component (AddParameter): Name = "Operating Temp."; Value = ""; VariantName = "[No Variations]"
Add component (AddParameter): Name = "Package"; Value = ""; VariantName = "[No Variations]"
Add component (AddParameter): Name = "Part Number"; Value = "RMCF0402JT2K20"; VariantName = "[No Variations]"
Add component (AddParameter): Name = "Place"; Value = ""; VariantName = "[No Variations]"
Add component (AddParameter): Name = "Power"; Value = ""; VariantName = "[No Variations]"
Add component (AddParameter): Name = "Tolerance"; Value = "5 %"; VariantName = "[No Variations]"
Add component (AddParameter): Name = "Value"; Value = "2k2"; VariantName = "[No Variations]"
Add component (AddParameter): Name = "Voltage"; Value = ""; VariantName = "[No Variations]"
Added Component: Designator=R2(RES_0402_SMD)
Add component. Clean all parameters for all variants
Add component (AddParameter): Name = "Operating Temp."; Value = ""; VariantName = "[No Variations]"
Add component (AddParameter): Name = "Package"; Value = ""; VariantName = "[No Variations]"
Add component (AddParameter): Name = "Part Number"; Value = "RMCF0402JT2K20"; VariantName = "[No Variations]"
Add component (AddParameter): Name = "Place"; Value = ""; VariantName = "[No Variations]"
Add component (AddParameter): Name = "Power"; Value = ""; VariantName = "[No Variations]"
Add component (AddParameter): Name = "Tolerance"; Value = "5 %"; VariantName = "[No Variations]"
Add component (AddParameter): Name = "Value"; Value = "2k2"; VariantName = "[No Variations]"
Add component (AddParameter): Name = "Voltage"; Value = ""; VariantName = "[No Variations]"
Added Component: Designator=R3(RES_0402_SMD)
Add component. Clean all parameters for all variants
Add component (AddParameter): Name = "Operating Temp."; Value = ""; VariantName = "[No Variations]"
Add component (AddParameter): Name = "Package"; Value = ""; VariantName = "[No Variations]"
Add component (AddParameter): Name = "Part Number"; Value = "RMCF0402JT2K20"; VariantName = "[No Variations]"
Add component (AddParameter): Name = "Place"; Value = ""; VariantName = "[No Variations]"
Add component (AddParameter): Name = "Power"; Value = ""; VariantName = "[No Variations]"
Add component (AddParameter): Name = "Tolerance"; Value = "5 %"; VariantName = "[No Variations]"
Add component (AddParameter): Name = "Value"; Value = "2k2"; VariantName = "[No Variations]"
Add component (AddParameter): Name = "Voltage"; Value = ""; VariantName = "[No Variations]"
Added Component: Designator=R4(RES_0402_SMD)
Add component. Clean all parameters for all variants
Add component (AddParameter): Name = "Operating Temp."; Value = ""; VariantName = "[No Variations]"
Add component (AddParameter): Name = "Package"; Value = ""; VariantName = "[No Variations]"
Add component (AddParameter): Name = "Part Number"; Value = "RMCF0402JT2K20"; VariantName = "[No Variations]"
Add component (AddParameter): Name = "Place"; Value = ""; VariantName = "[No Variations]"
Add component (AddParameter): Name = "Power"; Value = ""; VariantName = "[No Variations]"
Add component (AddParameter): Name = "Tolerance"; Value = "5 %"; VariantName = "[No Variations]"
Add component (AddParameter): Name = "Value"; Value = "2k2"; VariantName = "[No Variations]"
Add component (AddParameter): Name = "Voltage"; Value = ""; VariantName = "[No Variations]"
Added Component: Designator=R5(RES_0402_SMD)
Add component. Clean all parameters for all variants
Add component (AddParameter): Name = "Operating Temp."; Value = ""; VariantName = "[No Variations]"
Add component (AddParameter): Name = "Package"; Value = ""; VariantName = "[No Variations]"
Add component (AddParameter): Name = "Part Number"; Value = "RMCF0402JT2K20"; VariantName = "[No Variations]"
Add component (AddParameter): Name = "Place"; Value = ""; VariantName = "[No Variations]"
Add component (AddParameter): Name = "Power"; Value = ""; VariantName = "[No Variations]"
Add component (AddParameter): Name = "Tolerance"; Value = "5 %"; VariantName = "[No Variations]"
Add component (AddParameter): Name = "Value"; Value = "2k2"; VariantName = "[No Variations]"
Add component (AddParameter): Name = "Voltage"; Value = ""; VariantName = "[No Variations]"
Added Component: Designator=U1(LGA12_STM)
Add component. Clean all parameters for all variants
Add component (AddParameter): Name = "Manufacturer"; Value = "STM"; VariantName = "[No Variations]"
Add component (AddParameter): Name = "Operatig Temp."; Value = "-30°C ~ 85°C"; VariantName = "[No Variations]"
Add component (AddParameter): Name = "Package"; Value = "LGA12_STM"; VariantName = "[No Variations]"
Add component (AddParameter): Name = "Part Number"; Value = "VL53L4CDV0DH/1"; VariantName = "[No Variations]"
Add component (AddParameter): Name = "Place"; Value = "DNP"; VariantName = "[No Variations]"
Add component (AddParameter): Name = "Power"; Value = "N/A"; VariantName = "[No Variations]"
Add component (AddParameter): Name = "Tolerance"; Value = "N/A"; VariantName = "[No Variations]"
Add component (AddParameter): Name = "Value"; Value = "N/A"; VariantName = "[No Variations]"
Add component (AddParameter): Name = "Voltage"; Value = "N/A"; VariantName = "[No Variations]"
Added Component: Designator=U2(8-SMD Module)
Add component. Clean all parameters for all variants
Add component (AddParameter): Name = "Manufacturer"; Value = "Rohm Semiconductor"; VariantName = "[No Variations]"
Add component (AddParameter): Name = "Operatig Temp."; Value = "-25°C ~ 85°C"; VariantName = "[No Variations]"
Add component (AddParameter): Name = "Package"; Value = "8-SMD Module"; VariantName = "[No Variations]"
Add component (AddParameter): Name = "Part Number"; Value = "RPR-0521RS"; VariantName = "[No Variations]"
Add component (AddParameter): Name = "Place"; Value = "POP"; VariantName = "[No Variations]"
Add component (AddParameter): Name = "Power"; Value = "N/A"; VariantName = "[No Variations]"
Add component (AddParameter): Name = "Tolerance"; Value = "N/A"; VariantName = "[No Variations]"
Add component (AddParameter): Name = "Value"; Value = "N/A"; VariantName = "[No Variations]"
Add component (AddParameter): Name = "Voltage"; Value = "N/A"; VariantName = "[No Variations]"
Added Pin To Net: NetName=GND Pin=C1-1
Added Pin To Net: NetName=GND Pin=C2-1
Added Pin To Net: NetName=GND Pin=C3-1
Added Pin To Net: NetName=GND Pin=J1-2
Added Pin To Net: NetName=GND Pin=U1-2
Added Pin To Net: NetName=GND Pin=U1-3
Added Pin To Net: NetName=GND Pin=U1-4
Added Pin To Net: NetName=GND Pin=U1-6
Added Pin To Net: NetName=GND Pin=U1-12
Added Pin To Net: NetName=GND Pin=U2-3
Added Pin To Net: NetName=3V3_SENSOR Pin=C1-2
Added Pin To Net: NetName=3V3_SENSOR Pin=C2-2
Added Pin To Net: NetName=3V3_SENSOR Pin=C3-2
Added Pin To Net: NetName=3V3_SENSOR Pin=J1-1
Added Pin To Net: NetName=3V3_SENSOR Pin=R1-2
Added Pin To Net: NetName=3V3_SENSOR Pin=R2-2
Added Pin To Net: NetName=3V3_SENSOR Pin=R3-2
Added Pin To Net: NetName=3V3_SENSOR Pin=R4-2
Added Pin To Net: NetName=3V3_SENSOR Pin=R5-2
Added Pin To Net: NetName=3V3_SENSOR Pin=U1-1
Added Pin To Net: NetName=3V3_SENSOR Pin=U1-11
Added Pin To Net: NetName=3V3_SENSOR Pin=U2-1
Added Pin To Net: NetName=3V3_SENSOR Pin=U2-4
Added Net: Name=3V3_SENSOR
Added Pin To Net: NetName=GPIO/INT Pin=J1-3
Added Pin To Net: NetName=GPIO/INT Pin=R4-1
Added Pin To Net: NetName=GPIO/INT Pin=U1-7
Added Pin To Net: NetName=GPIO/INT Pin=U2-7
Added Net: Name=GPIO/INT
Added Pin To Net: NetName=I2C_SCL Pin=J1-6
Added Pin To Net: NetName=I2C_SCL Pin=R2-1
Added Pin To Net: NetName=I2C_SCL Pin=U1-10
Added Pin To Net: NetName=I2C_SCL Pin=U2-2
Added Net: Name=I2C_SCL
Added Pin To Net: NetName=I2C_SDA Pin=J1-4
Added Pin To Net: NetName=I2C_SDA Pin=R3-1
Added Pin To Net: NetName=I2C_SDA Pin=U1-9
Added Pin To Net: NetName=I2C_SDA Pin=U2-8
Added Net: Name=I2C_SDA
Added Pin To Net: NetName=NetR1_1 Pin=R1-1
Added Pin To Net: NetName=NetR1_1 Pin=U1-5
Added Net: Name=NetR1_1
Added Pin To Net: NetName=NetU2_5 Pin=U2-5
Added Pin To Net: NetName=NetU2_5 Pin=U2-6
Added Net: Name=NetU2_5
Added Pin To Net: NetName=PWR_BRD Pin=J1-5
Added Pin To Net: NetName=PWR_BRD Pin=R5-1
Added Net: Name=PWR_BRD
Added Class: Name=SENSORBOARD_MAIN
