Removed Pin From Net: NetName=12V0_116 Pin=C37-2
Removed Pin From Net: NetName=12V0_116 Pin=U9-2
Removed Pin From Net: NetName=12V0_116 Pin=U9-3
Change Component Designator: OldDesignator=GND1 NewDesignator=GND
Change Component Designator: OldDesignator=VIN+1 NewDesignator=VIN+
Change component parameters: Designator = "SW1"; Footprint = "218-8LPST"; UniqueID = "\WSSXFLLN"
Change component parameters. Clean all parameters for all variants
Change component parameters (AddParameter): Name = "Manufacturer"; Value = "CST"; VariantName = "[No Variations]"
Change component parameters (AddParameter): Name = "Operating Temp."; Value = "-40°C ~ 85°C "; VariantName = "[No Variations]"
Change component parameters (AddParameter): Name = "Package"; Value = "218-8LPST"; VariantName = "[No Variations]"
Change component parameters (AddParameter): Name = "Part Number"; Value = "218-8LPST"; VariantName = "[No Variations]"
Change component parameters (AddParameter): Name = "Place"; Value = "POP"; VariantName = "[No Variations]"
Change component parameters (AddParameter): Name = "Power"; Value = "N/A"; VariantName = "[No Variations]"
Change component parameters (AddParameter): Name = "Tolerance"; Value = "N/A"; VariantName = "[No Variations]"
Change component parameters (AddParameter): Name = "Value"; Value = "SPST-8POS"; VariantName = "[No Variations]"
Change component parameters (AddParameter): Name = "Voltage"; Value = "N/A"; VariantName = "[No Variations]"
Change component parameters: Designator = "U3"; Footprint = "8-SOIC(0.154", 3.90mm Width)"; UniqueID = "\NEBNBOXC"
Change component parameters. Clean all parameters for all variants
Change component parameters (AddParameter): Name = "Manufacturer"; Value = "STM"; VariantName = "[No Variations]"
Change component parameters (AddParameter): Name = "Operating Temp."; Value = "-40°C ~ 85°C "; VariantName = "[No Variations]"
Change component parameters (AddParameter): Name = "Package"; Value = "8-SOIC"; VariantName = "[No Variations]"
Change component parameters (AddParameter): Name = "Part Number"; Value = "M24256E-FMN6TP"; VariantName = "[No Variations]"
Change component parameters (AddParameter): Name = "Place"; Value = "POP"; VariantName = "[No Variations]"
Change component parameters (AddParameter): Name = "Power"; Value = "N/A"; VariantName = "[No Variations]"
Change component parameters (AddParameter): Name = "Tolerance"; Value = "N/A"; VariantName = "[No Variations]"
Change component parameters (AddParameter): Name = "Value"; Value = "256Kbit"; VariantName = "[No Variations]"
Change component parameters (AddParameter): Name = "Voltage"; Value = "1.6V ~ 5.5V"; VariantName = "[No Variations]"
Change component parameters: Designator = "U4"; Footprint = "8-SOIC(0.154", 3.90mm Width)"; UniqueID = "\ONPWBWEW"
Change component parameters. Clean all parameters for all variants
Change component parameters (AddParameter): Name = "Manufacturer"; Value = "MaxLinear, Inc."; VariantName = "[No Variations]"
Change component parameters (AddParameter): Name = "Operating Temp."; Value = "-40°C ~ 85°C "; VariantName = "[No Variations]"
Change component parameters (AddParameter): Name = "Package"; Value = "8-SOIC"; VariantName = "[No Variations]"
Change component parameters (AddParameter): Name = "Part Number"; Value = "SP3082EEN-L"; VariantName = "[No Variations]"
Change component parameters (AddParameter): Name = "Place"; Value = "POP"; VariantName = "[No Variations]"
Change component parameters (AddParameter): Name = "Power"; Value = "N/A"; VariantName = "[No Variations]"
Change component parameters (AddParameter): Name = "Tolerance"; Value = "N/A"; VariantName = "[No Variations]"
Change component parameters (AddParameter): Name = "Value"; Value = "256nodes"; VariantName = "[No Variations]"
Change component parameters (AddParameter): Name = "Voltage"; Value = "4.5V ~ 5.5V"; VariantName = "[No Variations]"
Change component parameters: Designator = "U5"; Footprint = "8-SOIC(0.154", 3.90mm Width)"; UniqueID = "\YEEISQEO"
Change component parameters. Clean all parameters for all variants
Change component parameters (AddParameter): Name = "Manufacturer"; Value = "MaxLinear, Inc."; VariantName = "[No Variations]"
Change component parameters (AddParameter): Name = "Operating Temp."; Value = "-40°C ~ 85°C "; VariantName = "[No Variations]"
Change component parameters (AddParameter): Name = "Package"; Value = "8-SOIC"; VariantName = "[No Variations]"
Change component parameters (AddParameter): Name = "Part Number"; Value = "SP3082EEN-L"; VariantName = "[No Variations]"
Change component parameters (AddParameter): Name = "Place"; Value = "POP"; VariantName = "[No Variations]"
Change component parameters (AddParameter): Name = "Power"; Value = "N/A"; VariantName = "[No Variations]"
Change component parameters (AddParameter): Name = "Tolerance"; Value = "N/A"; VariantName = "[No Variations]"
Change component parameters (AddParameter): Name = "Value"; Value = "256nodes"; VariantName = "[No Variations]"
Change component parameters (AddParameter): Name = "Voltage"; Value = "4.5V ~ 5.5V"; VariantName = "[No Variations]"
Change component parameters: Designator = "U6"; Footprint = "8-SOIC(0.154", 3.90mm Width)"; UniqueID = "\EUQQKAOY"
Change component parameters. Clean all parameters for all variants
Change component parameters (AddParameter): Name = "Manufacturer"; Value = "MaxLinear, Inc."; VariantName = "[No Variations]"
Change component parameters (AddParameter): Name = "Operating Temp."; Value = "-40°C ~ 85°C "; VariantName = "[No Variations]"
Change component parameters (AddParameter): Name = "Package"; Value = "8-SOIC"; VariantName = "[No Variations]"
Change component parameters (AddParameter): Name = "Part Number"; Value = "SP3082EEN-L"; VariantName = "[No Variations]"
Change component parameters (AddParameter): Name = "Place"; Value = "POP"; VariantName = "[No Variations]"
Change component parameters (AddParameter): Name = "Power"; Value = "N/A"; VariantName = "[No Variations]"
Change component parameters (AddParameter): Name = "Tolerance"; Value = "N/A"; VariantName = "[No Variations]"
Change component parameters (AddParameter): Name = "Value"; Value = "256nodes"; VariantName = "[No Variations]"
Change component parameters (AddParameter): Name = "Voltage"; Value = "4.5V ~ 5.5V"; VariantName = "[No Variations]"
Change component parameters: Designator = "U7"; Footprint = "8-SOIC(0.154", 3.90mm Width)"; UniqueID = "\NMJUEFLY"
Change component parameters. Clean all parameters for all variants
Change component parameters (AddParameter): Name = "Manufacturer"; Value = "MaxLinear, Inc."; VariantName = "[No Variations]"
Change component parameters (AddParameter): Name = "Operating Temp."; Value = "-40°C ~ 85°C "; VariantName = "[No Variations]"
Change component parameters (AddParameter): Name = "Package"; Value = "8-SOIC"; VariantName = "[No Variations]"
Change component parameters (AddParameter): Name = "Part Number"; Value = "SP3082EEN-L"; VariantName = "[No Variations]"
Change component parameters (AddParameter): Name = "Place"; Value = "POP"; VariantName = "[No Variations]"
Change component parameters (AddParameter): Name = "Power"; Value = "N/A"; VariantName = "[No Variations]"
Change component parameters (AddParameter): Name = "Tolerance"; Value = "N/A"; VariantName = "[No Variations]"
Change component parameters (AddParameter): Name = "Value"; Value = "256nodes"; VariantName = "[No Variations]"
Change component parameters (AddParameter): Name = "Voltage"; Value = "4.5V ~ 5.5V"; VariantName = "[No Variations]"
Change component parameters: Designator = "U8"; Footprint = "SOT-223-3"; UniqueID = "\PKTHQFSV"
Change component parameters. Clean all parameters for all variants
Change component parameters (AddParameter): Name = "Manufacturer"; Value = "EVVO"; VariantName = "[No Variations]"
Change component parameters (AddParameter): Name = "Operating Temp."; Value = "-40°C ~ 85°C "; VariantName = "[No Variations]"
Change component parameters (AddParameter): Name = "Package"; Value = "SOT-223-3"; VariantName = "[No Variations]"
Change component parameters (AddParameter): Name = "Part Number"; Value = "AMS1117-ADJ"; VariantName = "[No Variations]"
Change component parameters (AddParameter): Name = "Place"; Value = "POP"; VariantName = "[No Variations]"
Change component parameters (AddParameter): Name = "Power"; Value = "N/A"; VariantName = "[No Variations]"
Change component parameters (AddParameter): Name = "Tolerance"; Value = "N/A"; VariantName = "[No Variations]"
Change component parameters (AddParameter): Name = "Value"; Value = "1A"; VariantName = "[No Variations]"
Change component parameters (AddParameter): Name = "Voltage"; Value = "ADJ"; VariantName = "[No Variations]"
Change component parameters: Designator = "U2"; Footprint = "TSOT-23-6"; UniqueID = "\NBLAKWIE"
Change component parameters. Clean all parameters for all variants
Change component parameters (AddParameter): Name = "Operating Temp."; Value = "-55°C ~ 125°C "; VariantName = "[No Variations]"
Change component parameters (AddParameter): Name = "Package"; Value = "SOT-23-6"; VariantName = "[No Variations]"
Change component parameters (AddParameter): Name = "Part Number"; Value = "TMP100AQDBVRQ1"; VariantName = "[No Variations]"
Change component parameters (AddParameter): Name = "Place"; Value = "POP"; VariantName = "[No Variations]"
Change component parameters (AddParameter): Name = "Power"; Value = "N/A"; VariantName = "[No Variations]"
Change component parameters (AddParameter): Name = "Tolerance"; Value = "±2°C "; VariantName = "[No Variations]"
Change component parameters (AddParameter): Name = "Value"; Value = "-55°C ~ 125°C "; VariantName = "[No Variations]"
Change component parameters (AddParameter): Name = "Voltage"; Value = "2.7V ~ 5.5V"; VariantName = "[No Variations]"
Added Component: Designator=D17(SOD-123F)
Add component. Clean all parameters for all variants
Add component (AddParameter): Name = "Manufacturer"; Value = "ANBON SEMI"; VariantName = "[No Variations]"
Add component (AddParameter): Name = "Operating Temp."; Value = "-55°C ~ 150°C"; VariantName = "[No Variations]"
Add component (AddParameter): Name = "Package"; Value = "SOD-123F"; VariantName = "[No Variations]"
Add component (AddParameter): Name = "Part Number"; Value = "SMF16CA"; VariantName = "[No Variations]"
Add component (AddParameter): Name = "Place"; Value = "POP"; VariantName = "[No Variations]"
Add component (AddParameter): Name = "Power"; Value = "200W"; VariantName = "[No Variations]"
Add component (AddParameter): Name = "Tolerance"; Value = "N/A"; VariantName = "[No Variations]"
Add component (AddParameter): Name = "Value"; Value = "16V"; VariantName = "[No Variations]"
Add component (AddParameter): Name = "Voltage"; Value = "17.8V"; VariantName = "[No Variations]"
Added Component: Designator=D18(SOD-123F)
Add component. Clean all parameters for all variants
Add component (AddParameter): Name = "Manufacturer"; Value = "ANBON SEMI"; VariantName = "[No Variations]"
Add component (AddParameter): Name = "Operating Temp."; Value = "-55°C ~ 150°C"; VariantName = "[No Variations]"
Add component (AddParameter): Name = "Package"; Value = "SOD-123F"; VariantName = "[No Variations]"
Add component (AddParameter): Name = "Part Number"; Value = "SMF16CA"; VariantName = "[No Variations]"
Add component (AddParameter): Name = "Place"; Value = "POP"; VariantName = "[No Variations]"
Add component (AddParameter): Name = "Power"; Value = "200W"; VariantName = "[No Variations]"
Add component (AddParameter): Name = "Tolerance"; Value = "N/A"; VariantName = "[No Variations]"
Add component (AddParameter): Name = "Value"; Value = "16V"; VariantName = "[No Variations]"
Add component (AddParameter): Name = "Voltage"; Value = "17.8V"; VariantName = "[No Variations]"
Added Pin To Net: NetName=12V0_4964 Pin=C37-2
Added Pin To Net: NetName=GND Pin=D17-1
Added Pin To Net: NetName=USB_D(-) Pin=D17-2
Added Pin To Net: NetName=USB_D(+) Pin=D18-1
Added Pin To Net: NetName=GND Pin=D18-2
Added Pin To Net: NetName=12V0_4964 Pin=U9-2
Added Pin To Net: NetName=12V0_4964 Pin=U9-3
Added Member To Class: ClassName=UART_USB Member=Component D17 SMF16CA
Added Member To Class: ClassName=UART_USB Member=Component D18 SMF16CA
