Removed Pin From Net: NetName=USB_D(-) Pin=U1-103
Removed Pin From Net: NetName=USB_D(+) Pin=U1-104
Change Component Designator: OldDesignator=M? NewDesignator=M1
Change Component Designator: OldDesignator=M? NewDesignator=M2
Change Component Designator: OldDesignator=M? NewDesignator=M3
Change Component Designator: OldDesignator=M? NewDesignator=M4
Added Component: Designator=R49(RES_0402_SMD)
Add component. Clean all parameters for all variants
Add component (AddParameter): Name = "Operating Temp."; Value = ""; VariantName = "[No Variations]"
Add component (AddParameter): Name = "Package"; Value = ""; VariantName = "[No Variations]"
Add component (AddParameter): Name = "Part Number"; Value = "RC0402JR-070RL"; VariantName = "[No Variations]"
Add component (AddParameter): Name = "Place"; Value = "P"; VariantName = "[No Variations]"
Add component (AddParameter): Name = "Power"; Value = ""; VariantName = "[No Variations]"
Add component (AddParameter): Name = "Tolerance"; Value = ""; VariantName = "[No Variations]"
Add component (AddParameter): Name = "Value"; Value = "0"; VariantName = "[No Variations]"
Add component (AddParameter): Name = "Voltage"; Value = ""; VariantName = "[No Variations]"
Added Component: Designator=R50(RES_0402_SMD)
Add component. Clean all parameters for all variants
Add component (AddParameter): Name = "Operating Temp."; Value = ""; VariantName = "[No Variations]"
Add component (AddParameter): Name = "Package"; Value = ""; VariantName = "[No Variations]"
Add component (AddParameter): Name = "Part Number"; Value = "RC0402JR-070RL"; VariantName = "[No Variations]"
Add component (AddParameter): Name = "Place"; Value = "P"; VariantName = "[No Variations]"
Add component (AddParameter): Name = "Power"; Value = ""; VariantName = "[No Variations]"
Add component (AddParameter): Name = "Tolerance"; Value = ""; VariantName = "[No Variations]"
Add component (AddParameter): Name = "Value"; Value = "0"; VariantName = "[No Variations]"
Add component (AddParameter): Name = "Voltage"; Value = ""; VariantName = "[No Variations]"
Added Pin To Net: NetName=USB_D(-) Pin=R49-1
Added Pin To Net: NetName=USB_D(+) Pin=R50-1
Added Pin To Net: NetName=NetR49_2 Pin=R49-2
Added Pin To Net: NetName=NetR49_2 Pin=U1-103
Added Net: Name=NetR49_2
Added Pin To Net: NetName=NetR50_2 Pin=R50-2
Added Pin To Net: NetName=NetR50_2 Pin=U1-104
Added Net: Name=NetR50_2
Added Member To Class: ClassName=CONNECTORs Member=Component M4 M3 Screw
Added Member To Class: ClassName=MICROCONTROLLER Member=Component R49 RC0402JR-070RL
Added Member To Class: ClassName=MICROCONTROLLER Member=Component R50 RC0402JR-070RL
Added Room: Name=CONNECTORs
