Replace Part C1 CAP_GEN_CER in D:\BTR\-KARAKAPLI-  $$$\MareLux\PROJELER\EMT\CONTROLBOARD\CONTROLBOARD\MICROCONTROLLER.SchDoc with CAP_GEN_CER from MareLux24Lib.SchLib
Replace Part C2 CAP_GEN_CER in D:\BTR\-KARAKAPLI-  $$$\MareLux\PROJELER\EMT\CONTROLBOARD\CONTROLBOARD\MICROCONTROLLER.SchDoc with CAP_GEN_CER from MareLux24Lib.SchLib
Replace Part C3 CAP_GEN_CER in D:\BTR\-KARAKAPLI-  $$$\MareLux\PROJELER\EMT\CONTROLBOARD\CONTROLBOARD\MICROCONTROLLER.SchDoc with CAP_GEN_CER from MareLux24Lib.SchLib
Replace Part C4 CAP_GEN_CER in D:\BTR\-KARAKAPLI-  $$$\MareLux\PROJELER\EMT\CONTROLBOARD\CONTROLBOARD\MICROCONTROLLER.SchDoc with CAP_GEN_CER from MareLux24Lib.SchLib
Replace Part C5 CAP_GEN_CER in D:\BTR\-KARAKAPLI-  $$$\MareLux\PROJELER\EMT\CONTROLBOARD\CONTROLBOARD\MICROCONTROLLER.SchDoc with CAP_GEN_CER from MareLux24Lib.SchLib
Replace Part C6 CAP_GEN_CER in D:\BTR\-KARAKAPLI-  $$$\MareLux\PROJELER\EMT\CONTROLBOARD\CONTROLBOARD\MICROCONTROLLER.SchDoc with CAP_GEN_CER from MareLux24Lib.SchLib
Replace Part C7 CAP_GEN_CER in D:\BTR\-KARAKAPLI-  $$$\MareLux\PROJELER\EMT\CONTROLBOARD\CONTROLBOARD\MICROCONTROLLER.SchDoc with CAP_GEN_CER from MareLux24Lib.SchLib
Replace Part C8 CAP_GEN_CER in D:\BTR\-KARAKAPLI-  $$$\MareLux\PROJELER\EMT\CONTROLBOARD\CONTROLBOARD\MICROCONTROLLER.SchDoc with CAP_GEN_CER from MareLux24Lib.SchLib
Replace Part C9 CAP_GEN_CER in D:\BTR\-KARAKAPLI-  $$$\MareLux\PROJELER\EMT\CONTROLBOARD\CONTROLBOARD\MICROCONTROLLER.SchDoc with CAP_GEN_CER from MareLux24Lib.SchLib
Replace Part C10 CAP_GEN_CER in D:\BTR\-KARAKAPLI-  $$$\MareLux\PROJELER\EMT\CONTROLBOARD\CONTROLBOARD\MICROCONTROLLER.SchDoc with CAP_GEN_CER from MareLux24Lib.SchLib
Replace Part C11 CAP_GEN_CER in D:\BTR\-KARAKAPLI-  $$$\MareLux\PROJELER\EMT\CONTROLBOARD\CONTROLBOARD\MICROCONTROLLER.SchDoc with CAP_GEN_CER from MareLux24Lib.SchLib
Replace Part C12 CAP_GEN_CER in D:\BTR\-KARAKAPLI-  $$$\MareLux\PROJELER\EMT\CONTROLBOARD\CONTROLBOARD\MICROCONTROLLER.SchDoc with CAP_GEN_CER from MareLux24Lib.SchLib
Replace Part C13 CAP_GEN_CER in D:\BTR\-KARAKAPLI-  $$$\MareLux\PROJELER\EMT\CONTROLBOARD\CONTROLBOARD\MICROCONTROLLER.SchDoc with CAP_GEN_CER from MareLux24Lib.SchLib
Replace Part C14 CAP_GEN_CER in D:\BTR\-KARAKAPLI-  $$$\MareLux\PROJELER\EMT\CONTROLBOARD\CONTROLBOARD\MICROCONTROLLER.SchDoc with CAP_GEN_CER from MareLux24Lib.SchLib
Replace Part C15 CAP_GEN_CER in D:\BTR\-KARAKAPLI-  $$$\MareLux\PROJELER\EMT\CONTROLBOARD\CONTROLBOARD\MICROCONTROLLER.SchDoc with CAP_GEN_CER from MareLux24Lib.SchLib
Replace Part C16 CAP_GEN_CER in D:\BTR\-KARAKAPLI-  $$$\MareLux\PROJELER\EMT\CONTROLBOARD\CONTROLBOARD\MICROCONTROLLER.SchDoc with CAP_GEN_CER from MareLux24Lib.SchLib
Replace Part C17 CAP_GEN_CER in D:\BTR\-KARAKAPLI-  $$$\MareLux\PROJELER\EMT\CONTROLBOARD\CONTROLBOARD\MICROCONTROLLER.SchDoc with CAP_GEN_CER from MareLux24Lib.SchLib
Replace Part C18 CAP_GEN_CER in D:\BTR\-KARAKAPLI-  $$$\MareLux\PROJELER\EMT\CONTROLBOARD\CONTROLBOARD\MICROCONTROLLER.SchDoc with CAP_GEN_CER from MareLux24Lib.SchLib
Replace Part C19 CAP_GEN_CER in D:\BTR\-KARAKAPLI-  $$$\MareLux\PROJELER\EMT\CONTROLBOARD\CONTROLBOARD\MICROCONTROLLER.SchDoc with CAP_GEN_CER from MareLux24Lib.SchLib
Replace Part C20 CAP_GEN_CER in D:\BTR\-KARAKAPLI-  $$$\MareLux\PROJELER\EMT\CONTROLBOARD\CONTROLBOARD\MICROCONTROLLER.SchDoc with CAP_GEN_CER from MareLux24Lib.SchLib
Replace Part C21 CAP_GEN_CER in D:\BTR\-KARAKAPLI-  $$$\MareLux\PROJELER\EMT\CONTROLBOARD\CONTROLBOARD\MICROCONTROLLER.SchDoc with CAP_GEN_CER from MareLux24Lib.SchLib
Replace Part C22 CAP_GEN_CER in D:\BTR\-KARAKAPLI-  $$$\MareLux\PROJELER\EMT\CONTROLBOARD\CONTROLBOARD\MICROCONTROLLER.SchDoc with CAP_GEN_CER from MareLux24Lib.SchLib
Replace Part C23 CAP_GEN_CER in D:\BTR\-KARAKAPLI-  $$$\MareLux\PROJELER\EMT\CONTROLBOARD\CONTROLBOARD\MICROCONTROLLER.SchDoc with CAP_GEN_CER from MareLux24Lib.SchLib
Replace Part C24 CAP_GEN_CER in D:\BTR\-KARAKAPLI-  $$$\MareLux\PROJELER\EMT\CONTROLBOARD\CONTROLBOARD\MICROCONTROLLER.SchDoc with CAP_GEN_CER from MareLux24Lib.SchLib
Replace Part C25 CAP_GEN_CER in D:\BTR\-KARAKAPLI-  $$$\MareLux\PROJELER\EMT\CONTROLBOARD\CONTROLBOARD\MICROCONTROLLER.SchDoc with CAP_GEN_CER from MareLux24Lib.SchLib
Replace Part C26 CAP_GEN_CER in D:\BTR\-KARAKAPLI-  $$$\MareLux\PROJELER\EMT\CONTROLBOARD\CONTROLBOARD\MICROCONTROLLER.SchDoc with CAP_GEN_CER from MareLux24Lib.SchLib
Replace Part C27 CAP_GEN_CER in D:\BTR\-KARAKAPLI-  $$$\MareLux\PROJELER\EMT\CONTROLBOARD\CONTROLBOARD\MICROCONTROLLER.SchDoc with CAP_GEN_CER from MareLux24Lib.SchLib
Replace Part L1 IND_GEN_SMD in D:\BTR\-KARAKAPLI-  $$$\MareLux\PROJELER\EMT\CONTROLBOARD\CONTROLBOARD\MICROCONTROLLER.SchDoc with IND_GEN_SMD from MareLux24Lib.SchLib
Replace Part R129 RES_GEN_SMD in D:\BTR\-KARAKAPLI-  $$$\MareLux\PROJELER\EMT\CONTROLBOARD\CONTROLBOARD\MICROCONTROLLER.SchDoc with RES_GEN_SMD from MareLux24Lib.SchLib
Replace Part R130 RES_GEN_SMD in D:\BTR\-KARAKAPLI-  $$$\MareLux\PROJELER\EMT\CONTROLBOARD\CONTROLBOARD\MICROCONTROLLER.SchDoc with RES_GEN_SMD from MareLux24Lib.SchLib
Replace Part R131 RES_GEN_SMD in D:\BTR\-KARAKAPLI-  $$$\MareLux\PROJELER\EMT\CONTROLBOARD\CONTROLBOARD\MICROCONTROLLER.SchDoc with RES_GEN_SMD from MareLux24Lib.SchLib
Replace Part U1 STM32H563ZIT6 in D:\BTR\-KARAKAPLI-  $$$\MareLux\PROJELER\EMT\CONTROLBOARD\CONTROLBOARD\MICROCONTROLLER.SchDoc with STM32H563ZIT6 from MareLux24Lib.SchLib
Replace Part U1 STM32H563ZIT6 in D:\BTR\-KARAKAPLI-  $$$\MareLux\PROJELER\EMT\CONTROLBOARD\CONTROLBOARD\MICROCONTROLLER.SchDoc with STM32H563ZIT6 from MareLux24Lib.SchLib
Replace Part U1 STM32H563ZIT6 in D:\BTR\-KARAKAPLI-  $$$\MareLux\PROJELER\EMT\CONTROLBOARD\CONTROLBOARD\MICROCONTROLLER.SchDoc with STM32H563ZIT6 from MareLux24Lib.SchLib
Replace Part X1 XTAL-4PINs in D:\BTR\-KARAKAPLI-  $$$\MareLux\PROJELER\EMT\CONTROLBOARD\CONTROLBOARD\MICROCONTROLLER.SchDoc with XTAL-4PINs from MareLux24Lib.SchLib
