Replace Part C28 CAP_GEN_CER in D:\BTR\-KARAKAPLI-  $$$\MareLux\PROJELER\EMT\CONTROLBOARD\CONTROLBOARD\MISC.SchDoc with CAP_GEN_CER from MareLux24Lib.SchLib
Replace Part C29 CAP_GEN_CER in D:\BTR\-KARAKAPLI-  $$$\MareLux\PROJELER\EMT\CONTROLBOARD\CONTROLBOARD\MISC.SchDoc with CAP_GEN_CER from MareLux24Lib.SchLib
Replace Part C30 CAP_GEN_CER in D:\BTR\-KARAKAPLI-  $$$\MareLux\PROJELER\EMT\CONTROLBOARD\CONTROLBOARD\MISC.SchDoc with CAP_GEN_CER from MareLux24Lib.SchLib
Replace Part C31 CAP_GEN_CER in D:\BTR\-KARAKAPLI-  $$$\MareLux\PROJELER\EMT\CONTROLBOARD\CONTROLBOARD\MISC.SchDoc with CAP_GEN_CER from MareLux24Lib.SchLib
Replace Part C32 CAP_GEN_CER in D:\BTR\-KARAKAPLI-  $$$\MareLux\PROJELER\EMT\CONTROLBOARD\CONTROLBOARD\MISC.SchDoc with CAP_GEN_CER from MareLux24Lib.SchLib
Replace Part C33 CAP_GEN_CER in D:\BTR\-KARAKAPLI-  $$$\MareLux\PROJELER\EMT\CONTROLBOARD\CONTROLBOARD\MISC.SchDoc with CAP_GEN_CER from MareLux24Lib.SchLib
Replace Part D1 SMF16CA in D:\BTR\-KARAKAPLI-  $$$\MareLux\PROJELER\EMT\CONTROLBOARD\CONTROLBOARD\MISC.SchDoc with SMF16CA from MareLux24Lib.SchLib
Replace Part D2 SMF16CA in D:\BTR\-KARAKAPLI-  $$$\MareLux\PROJELER\EMT\CONTROLBOARD\CONTROLBOARD\MISC.SchDoc with SMF16CA from MareLux24Lib.SchLib
Replace Part D3 SMF16CA in D:\BTR\-KARAKAPLI-  $$$\MareLux\PROJELER\EMT\CONTROLBOARD\CONTROLBOARD\MISC.SchDoc with SMF16CA from MareLux24Lib.SchLib
Replace Part D4 SMF16CA in D:\BTR\-KARAKAPLI-  $$$\MareLux\PROJELER\EMT\CONTROLBOARD\CONTROLBOARD\MISC.SchDoc with SMF16CA from MareLux24Lib.SchLib
Replace Part D5 SMF16CA in D:\BTR\-KARAKAPLI-  $$$\MareLux\PROJELER\EMT\CONTROLBOARD\CONTROLBOARD\MISC.SchDoc with SMF16CA from MareLux24Lib.SchLib
Replace Part D6 SMF16CA in D:\BTR\-KARAKAPLI-  $$$\MareLux\PROJELER\EMT\CONTROLBOARD\CONTROLBOARD\MISC.SchDoc with SMF16CA from MareLux24Lib.SchLib
Replace Part D7 LED_GEN in D:\BTR\-KARAKAPLI-  $$$\MareLux\PROJELER\EMT\CONTROLBOARD\CONTROLBOARD\MISC.SchDoc with LED_GEN from MareLux24Lib.SchLib
Replace Part D8 LED_GEN in D:\BTR\-KARAKAPLI-  $$$\MareLux\PROJELER\EMT\CONTROLBOARD\CONTROLBOARD\MISC.SchDoc with LED_GEN from MareLux24Lib.SchLib
Replace Part D9 SMF16CA in D:\BTR\-KARAKAPLI-  $$$\MareLux\PROJELER\EMT\CONTROLBOARD\CONTROLBOARD\MISC.SchDoc with SMF16CA from MareLux24Lib.SchLib
Replace Part D10 SMF16CA in D:\BTR\-KARAKAPLI-  $$$\MareLux\PROJELER\EMT\CONTROLBOARD\CONTROLBOARD\MISC.SchDoc with SMF16CA from MareLux24Lib.SchLib
Replace Part D11 LED_GEN in D:\BTR\-KARAKAPLI-  $$$\MareLux\PROJELER\EMT\CONTROLBOARD\CONTROLBOARD\MISC.SchDoc with LED_GEN from MareLux24Lib.SchLib
Replace Part EXTRA 125SH-B-05-TS in D:\BTR\-KARAKAPLI-  $$$\MareLux\PROJELER\EMT\CONTROLBOARD\CONTROLBOARD\MISC.SchDoc with 125SH-B-05-TS from MareLux24Lib.SchLib
Replace Part PROG 125SH-B-05-TS in D:\BTR\-KARAKAPLI-  $$$\MareLux\PROJELER\EMT\CONTROLBOARD\CONTROLBOARD\MISC.SchDoc with 125SH-B-05-TS from MareLux24Lib.SchLib
Replace Part R132 RES_GEN_SMD in D:\BTR\-KARAKAPLI-  $$$\MareLux\PROJELER\EMT\CONTROLBOARD\CONTROLBOARD\MISC.SchDoc with RES_GEN_SMD from MareLux24Lib.SchLib
Replace Part R133 RES_GEN_SMD in D:\BTR\-KARAKAPLI-  $$$\MareLux\PROJELER\EMT\CONTROLBOARD\CONTROLBOARD\MISC.SchDoc with RES_GEN_SMD from MareLux24Lib.SchLib
Replace Part R134 RES_GEN_SMD in D:\BTR\-KARAKAPLI-  $$$\MareLux\PROJELER\EMT\CONTROLBOARD\CONTROLBOARD\MISC.SchDoc with RES_GEN_SMD from MareLux24Lib.SchLib
Replace Part R135 RES_GEN_SMD in D:\BTR\-KARAKAPLI-  $$$\MareLux\PROJELER\EMT\CONTROLBOARD\CONTROLBOARD\MISC.SchDoc with RES_GEN_SMD from MareLux24Lib.SchLib
Replace Part R136 RES_GEN_SMD in D:\BTR\-KARAKAPLI-  $$$\MareLux\PROJELER\EMT\CONTROLBOARD\CONTROLBOARD\MISC.SchDoc with RES_GEN_SMD from MareLux24Lib.SchLib
Replace Part R137 RES_GEN_SMD in D:\BTR\-KARAKAPLI-  $$$\MareLux\PROJELER\EMT\CONTROLBOARD\CONTROLBOARD\MISC.SchDoc with RES_GEN_SMD from MareLux24Lib.SchLib
Replace Part R138 RES_GEN_SMD in D:\BTR\-KARAKAPLI-  $$$\MareLux\PROJELER\EMT\CONTROLBOARD\CONTROLBOARD\MISC.SchDoc with RES_GEN_SMD from MareLux24Lib.SchLib
Replace Part R139 RES_GEN_SMD in D:\BTR\-KARAKAPLI-  $$$\MareLux\PROJELER\EMT\CONTROLBOARD\CONTROLBOARD\MISC.SchDoc with RES_GEN_SMD from MareLux24Lib.SchLib
Replace Part R140 RES_GEN_SMD in D:\BTR\-KARAKAPLI-  $$$\MareLux\PROJELER\EMT\CONTROLBOARD\CONTROLBOARD\MISC.SchDoc with RES_GEN_SMD from MareLux24Lib.SchLib
Replace Part R141 RES_GEN_SMD in D:\BTR\-KARAKAPLI-  $$$\MareLux\PROJELER\EMT\CONTROLBOARD\CONTROLBOARD\MISC.SchDoc with RES_GEN_SMD from MareLux24Lib.SchLib
Replace Part R142 RES_GEN_SMD in D:\BTR\-KARAKAPLI-  $$$\MareLux\PROJELER\EMT\CONTROLBOARD\CONTROLBOARD\MISC.SchDoc with RES_GEN_SMD from MareLux24Lib.SchLib
Replace Part R143 RES_GEN_SMD in D:\BTR\-KARAKAPLI-  $$$\MareLux\PROJELER\EMT\CONTROLBOARD\CONTROLBOARD\MISC.SchDoc with RES_GEN_SMD from MareLux24Lib.SchLib
Replace Part R144 RES_GEN_SMD in D:\BTR\-KARAKAPLI-  $$$\MareLux\PROJELER\EMT\CONTROLBOARD\CONTROLBOARD\MISC.SchDoc with RES_GEN_SMD from MareLux24Lib.SchLib
Replace Part R145 RES_GEN_SMD in D:\BTR\-KARAKAPLI-  $$$\MareLux\PROJELER\EMT\CONTROLBOARD\CONTROLBOARD\MISC.SchDoc with RES_GEN_SMD from MareLux24Lib.SchLib
Replace Part R146 RES_GEN_SMD in D:\BTR\-KARAKAPLI-  $$$\MareLux\PROJELER\EMT\CONTROLBOARD\CONTROLBOARD\MISC.SchDoc with RES_GEN_SMD from MareLux24Lib.SchLib
Replace Part R147 RES_GEN_SMD in D:\BTR\-KARAKAPLI-  $$$\MareLux\PROJELER\EMT\CONTROLBOARD\CONTROLBOARD\MISC.SchDoc with RES_GEN_SMD from MareLux24Lib.SchLib
Replace Part R148 RES_GEN_SMD in D:\BTR\-KARAKAPLI-  $$$\MareLux\PROJELER\EMT\CONTROLBOARD\CONTROLBOARD\MISC.SchDoc with RES_GEN_SMD from MareLux24Lib.SchLib
Replace Part R149 RES_GEN_SMD in D:\BTR\-KARAKAPLI-  $$$\MareLux\PROJELER\EMT\CONTROLBOARD\CONTROLBOARD\MISC.SchDoc with RES_GEN_SMD from MareLux24Lib.SchLib
Replace Part R150 RES_GEN_SMD in D:\BTR\-KARAKAPLI-  $$$\MareLux\PROJELER\EMT\CONTROLBOARD\CONTROLBOARD\MISC.SchDoc with RES_GEN_SMD from MareLux24Lib.SchLib
Replace Part R151 RES_GEN_SMD in D:\BTR\-KARAKAPLI-  $$$\MareLux\PROJELER\EMT\CONTROLBOARD\CONTROLBOARD\MISC.SchDoc with RES_GEN_SMD from MareLux24Lib.SchLib
Replace Part R152 RES_GEN_SMD in D:\BTR\-KARAKAPLI-  $$$\MareLux\PROJELER\EMT\CONTROLBOARD\CONTROLBOARD\MISC.SchDoc with RES_GEN_SMD from MareLux24Lib.SchLib
Replace Part R153 RES_GEN_SMD in D:\BTR\-KARAKAPLI-  $$$\MareLux\PROJELER\EMT\CONTROLBOARD\CONTROLBOARD\MISC.SchDoc with RES_GEN_SMD from MareLux24Lib.SchLib
Replace Part R154 RES_GEN_SMD in D:\BTR\-KARAKAPLI-  $$$\MareLux\PROJELER\EMT\CONTROLBOARD\CONTROLBOARD\MISC.SchDoc with RES_GEN_SMD from MareLux24Lib.SchLib
Replace Part R155 RES_GEN_SMD in D:\BTR\-KARAKAPLI-  $$$\MareLux\PROJELER\EMT\CONTROLBOARD\CONTROLBOARD\MISC.SchDoc with RES_GEN_SMD from MareLux24Lib.SchLib
Replace Part R156 RES_GEN_SMD in D:\BTR\-KARAKAPLI-  $$$\MareLux\PROJELER\EMT\CONTROLBOARD\CONTROLBOARD\MISC.SchDoc with RES_GEN_SMD from MareLux24Lib.SchLib
Replace Part R157 RES_GEN_SMD in D:\BTR\-KARAKAPLI-  $$$\MareLux\PROJELER\EMT\CONTROLBOARD\CONTROLBOARD\MISC.SchDoc with RES_GEN_SMD from MareLux24Lib.SchLib
Replace Part R158 RES_GEN_SMD in D:\BTR\-KARAKAPLI-  $$$\MareLux\PROJELER\EMT\CONTROLBOARD\CONTROLBOARD\MISC.SchDoc with RES_GEN_SMD from MareLux24Lib.SchLib
Replace Part R159 RES_GEN_SMD in D:\BTR\-KARAKAPLI-  $$$\MareLux\PROJELER\EMT\CONTROLBOARD\CONTROLBOARD\MISC.SchDoc with RES_GEN_SMD from MareLux24Lib.SchLib
Replace Part R160 RES_GEN_SMD in D:\BTR\-KARAKAPLI-  $$$\MareLux\PROJELER\EMT\CONTROLBOARD\CONTROLBOARD\MISC.SchDoc with RES_GEN_SMD from MareLux24Lib.SchLib
Replace Part R161 RES_GEN_SMD in D:\BTR\-KARAKAPLI-  $$$\MareLux\PROJELER\EMT\CONTROLBOARD\CONTROLBOARD\MISC.SchDoc with RES_GEN_SMD from MareLux24Lib.SchLib
Replace Part R_TERM1 RES_GEN_SMD in D:\BTR\-KARAKAPLI-  $$$\MareLux\PROJELER\EMT\CONTROLBOARD\CONTROLBOARD\MISC.SchDoc with RES_GEN_SMD from MareLux24Lib.SchLib
Replace Part R_TERM2 RES_GEN_SMD in D:\BTR\-KARAKAPLI-  $$$\MareLux\PROJELER\EMT\CONTROLBOARD\CONTROLBOARD\MISC.SchDoc with RES_GEN_SMD from MareLux24Lib.SchLib
Replace Part R_TERM3 RES_GEN_SMD in D:\BTR\-KARAKAPLI-  $$$\MareLux\PROJELER\EMT\CONTROLBOARD\CONTROLBOARD\MISC.SchDoc with RES_GEN_SMD from MareLux24Lib.SchLib
Replace Part R_TERM4 RES_GEN_SMD in D:\BTR\-KARAKAPLI-  $$$\MareLux\PROJELER\EMT\CONTROLBOARD\CONTROLBOARD\MISC.SchDoc with RES_GEN_SMD from MareLux24Lib.SchLib
Replace Part SW1 218-8LPST in D:\BTR\-KARAKAPLI-  $$$\MareLux\PROJELER\EMT\CONTROLBOARD\CONTROLBOARD\MISC.SchDoc with 218-8LPST from MareLux24Lib.SchLib
Replace Part U2 TMP100AQDBVRQ1 in D:\BTR\-KARAKAPLI-  $$$\MareLux\PROJELER\EMT\CONTROLBOARD\CONTROLBOARD\MISC.SchDoc with TMP100AQDBVRQ1 from MareLux24Lib.SchLib
Replace Part U3 M24256E-FMN6TP in D:\BTR\-KARAKAPLI-  $$$\MareLux\PROJELER\EMT\CONTROLBOARD\CONTROLBOARD\MISC.SchDoc with M24256E-FMN6TP from MareLux24Lib.SchLib
Replace Part U4 SP3082EEN-L in D:\BTR\-KARAKAPLI-  $$$\MareLux\PROJELER\EMT\CONTROLBOARD\CONTROLBOARD\MISC.SchDoc with SP3082EEN-L from MareLux24Lib.SchLib
Replace Part U5 SP3082EEN-L in D:\BTR\-KARAKAPLI-  $$$\MareLux\PROJELER\EMT\CONTROLBOARD\CONTROLBOARD\MISC.SchDoc with SP3082EEN-L from MareLux24Lib.SchLib
Replace Part U6 SP3082EEN-L in D:\BTR\-KARAKAPLI-  $$$\MareLux\PROJELER\EMT\CONTROLBOARD\CONTROLBOARD\MISC.SchDoc with SP3082EEN-L from MareLux24Lib.SchLib
Replace Part U7 SP3082EEN-L in D:\BTR\-KARAKAPLI-  $$$\MareLux\PROJELER\EMT\CONTROLBOARD\CONTROLBOARD\MISC.SchDoc with SP3082EEN-L from MareLux24Lib.SchLib
