Change Component Designator: Old Designator=C32 New Designator=C29
Change Component Designator: Old Designator=C33 New Designator=C30
Change Component Designator: Old Designator=C? New Designator=C28
Change Component Designator: Old Designator=C? New Designator=C31
Change Component Designator: Old Designator=C? New Designator=C32
Change Component Designator: Old Designator=C? New Designator=C33
Change Component Designator: Old Designator=D2 New Designator=D3
Change Component Designator: Old Designator=D? New Designator=D2
Change Component Designator: Old Designator=D? New Designator=D4
Change Component Designator: Old Designator=D? New Designator=D5
Change Component Designator: Old Designator=D? New Designator=D6
Change Component Designator: Old Designator=D? New Designator=D7
Change Component Designator: Old Designator=D? New Designator=D8
Change Component Designator: Old Designator=D? New Designator=D9
Change Component Designator: Old Designator=D? New Designator=D10
Change Component Designator: Old Designator=D? New Designator=D11
Change Component Designator: Old Designator=EXTRA New Designator=EXTRA1
Change Component Designator: Old Designator=PROG? New Designator=PROG1
Change Component Designator: Old Designator=R136 New Designator=R132
Change Component Designator: Old Designator=R137 New Designator=R133
Change Component Designator: Old Designator=R138 New Designator=R134
Change Component Designator: Old Designator=R139 New Designator=R135
Change Component Designator: Old Designator=R140 New Designator=R136
Change Component Designator: Old Designator=R141 New Designator=R137
Change Component Designator: Old Designator=R142 New Designator=R138
Change Component Designator: Old Designator=R143 New Designator=R139
Change Component Designator: Old Designator=R144 New Designator=R140
Change Component Designator: Old Designator=R145 New Designator=R141
Change Component Designator: Old Designator=R148 New Designator=R149
Change Component Designator: Old Designator=R149 New Designator=R151
Change Component Designator: Old Designator=R? New Designator=R142
Change Component Designator: Old Designator=R? New Designator=R143
Change Component Designator: Old Designator=R? New Designator=R144
Change Component Designator: Old Designator=R? New Designator=R145
Change Component Designator: Old Designator=R? New Designator=R148
Change Component Designator: Old Designator=R? New Designator=R150
Change Component Designator: Old Designator=R? New Designator=R152
Change Component Designator: Old Designator=R? New Designator=R153
Change Component Designator: Old Designator=R? New Designator=R154
Change Component Designator: Old Designator=R? New Designator=R155
Change Component Designator: Old Designator=R? New Designator=R156
Change Component Designator: Old Designator=R? New Designator=R157
Change Component Designator: Old Designator=R? New Designator=R158
Change Component Designator: Old Designator=R? New Designator=R159
Change Component Designator: Old Designator=R? New Designator=R160
Change Component Designator: Old Designator=R? New Designator=R161
Change Component Designator: Old Designator=R_TERM New Designator=R_TERM1
Change Component Designator: Old Designator=R_TERM? New Designator=R_TERM2
Change Component Designator: Old Designator=R_TERM? New Designator=R_TERM3
Change Component Designator: Old Designator=R_TERM? New Designator=R_TERM4
Change Component Designator: Old Designator=SW? New Designator=SW1
Change Component Designator: Old Designator=U6 New Designator=U3
Change Component Designator: Old Designator=U7 New Designator=U4
Change Component Designator: Old Designator=U? New Designator=U2
Change Component Designator: Old Designator=U? New Designator=U5
Change Component Designator: Old Designator=U? New Designator=U6
Change Component Designator: Old Designator=U? New Designator=U7
