Change Component Designator: Old Designator=C35 New Designator=C37
Change Component Designator: Old Designator=C36 New Designator=C38
Change Component Designator: Old Designator=C37 New Designator=C39
Change Component Designator: Old Designator=C38 New Designator=C35
Change Component Designator: Old Designator=C39 New Designator=C36
Change Component Designator: Old Designator=D4 New Designator=D14
Change Component Designator: Old Designator=D5 New Designator=D13
Change Component Designator: Old Designator=D? New Designator=D12
Change Component Designator: Old Designator=GND New Designator=GND1
Change Component Designator: Old Designator=Q? New Designator=Q65
Change Component Designator: Old Designator=R151 New Designator=R169
Change Component Designator: Old Designator=R152 New Designator=R170
Change Component Designator: Old Designator=R154 New Designator=R172
Change Component Designator: Old Designator=R155 New Designator=R167
Change Component Designator: Old Designator=R156 New Designator=R168
Change Component Designator: Old Designator=R157 New Designator=R171
Change Component Designator: Old Designator=R? New Designator=R162
Change Component Designator: Old Designator=R? New Designator=R163
Change Component Designator: Old Designator=R? New Designator=R164
Change Component Designator: Old Designator=R? New Designator=R165
Change Component Designator: Old Designator=R? New Designator=R166
Change Component Designator: Old Designator=U8 New Designator=U9
Change Component Designator: Old Designator=U9 New Designator=U8
Change Component Designator: Old Designator=VIN+ New Designator=VIN+1
