Change Component Designator: Old Designator=C34 New Designator=C21
Change Component Designator: Old Designator=C35 New Designator=C22
Change Component Designator: Old Designator=C36 New Designator=C23
Change Component Designator: Old Designator=C37 New Designator=C24
Change Component Designator: Old Designator=C38 New Designator=C25
Change Component Designator: Old Designator=C39 New Designator=C26
Change Component Designator: Old Designator=D13 New Designator=D14
Change Component Designator: Old Designator=D1001 New Designator=D13
Change Component Designator: Old Designator=J6 New Designator=J7
Change Component Designator: Old Designator=J7 New Designator=J8
Change Component Designator: Old Designator=J8 New Designator=J6
Change Component Designator: Old Designator=Q2 New Designator=Q3
Change Component Designator: Old Designator=Q3 New Designator=Q4
Change Component Designator: Old Designator=Q1001 New Designator=Q2
Change Component Designator: Old Designator=R34 New Designator=R48
Change Component Designator: Old Designator=R35 New Designator=R50
Change Component Designator: Old Designator=R36 New Designator=R49
Change Component Designator: Old Designator=R37 New Designator=R52
Change Component Designator: Old Designator=R38 New Designator=R53
Change Component Designator: Old Designator=R39 New Designator=R54
Change Component Designator: Old Designator=R40 New Designator=R55
Change Component Designator: Old Designator=R41 New Designator=R56
Change Component Designator: Old Designator=R42 New Designator=R57
Change Component Designator: Old Designator=R43 New Designator=R58
Change Component Designator: Old Designator=R44 New Designator=R59
Change Component Designator: Old Designator=R1001 New Designator=R51
