Replace Part C34 CAP_GEN_CER in D:\BTR\-KARAKAPLI-  $$$\MareLux\PROJELER\EMT\CONTROLBOARD\CONTROLBOARD\POWER.SchDoc with CAP_GEN_CER from MareLux24Lib.SchLib
Replace Part C35 CAP_GEN_CER in D:\BTR\-KARAKAPLI-  $$$\MareLux\PROJELER\EMT\CONTROLBOARD\CONTROLBOARD\POWER.SchDoc with CAP_GEN_CER from MareLux24Lib.SchLib
Replace Part C36 CAP_GEN_CER in D:\BTR\-KARAKAPLI-  $$$\MareLux\PROJELER\EMT\CONTROLBOARD\CONTROLBOARD\POWER.SchDoc with CAP_GEN_CER from MareLux24Lib.SchLib
Replace Part C37 CAP_GEN_CER in D:\BTR\-KARAKAPLI-  $$$\MareLux\PROJELER\EMT\CONTROLBOARD\CONTROLBOARD\POWER.SchDoc with CAP_GEN_CER from MareLux24Lib.SchLib
Replace Part C38 CAP_GEN_CER in D:\BTR\-KARAKAPLI-  $$$\MareLux\PROJELER\EMT\CONTROLBOARD\CONTROLBOARD\POWER.SchDoc with CAP_GEN_CER from MareLux24Lib.SchLib
Replace Part C39 CAP_GEN_CER in D:\BTR\-KARAKAPLI-  $$$\MareLux\PROJELER\EMT\CONTROLBOARD\CONTROLBOARD\POWER.SchDoc with CAP_GEN_CER from MareLux24Lib.SchLib
Replace Part D12 SMF13A in D:\BTR\-KARAKAPLI-  $$$\MareLux\PROJELER\EMT\CONTROLBOARD\CONTROLBOARD\POWER.SchDoc with SMF13A from MareLux24Lib.SchLib
Replace Part D13 LED_GEN in D:\BTR\-KARAKAPLI-  $$$\MareLux\PROJELER\EMT\CONTROLBOARD\CONTROLBOARD\POWER.SchDoc with LED_GEN from MareLux24Lib.SchLib
Replace Part D14 LED_GEN in D:\BTR\-KARAKAPLI-  $$$\MareLux\PROJELER\EMT\CONTROLBOARD\CONTROLBOARD\POWER.SchDoc with LED_GEN from MareLux24Lib.SchLib
Replace Part D? DMG1012TQ-7 in D:\BTR\-KARAKAPLI-  $$$\MareLux\PROJELER\EMT\CONTROLBOARD\CONTROLBOARD\POWER.SchDoc with DMG1012TQ-7 from MareLux24Lib.SchLib
Replace Part D? SMLJ13CA in D:\BTR\-KARAKAPLI-  $$$\MareLux\PROJELER\EMT\CONTROLBOARD\CONTROLBOARD\POWER.SchDoc with SMLJ13CA from MareLux24Lib.SchLib
Replace Part J? SBDK 5,08-E1/2 MR in D:\BTR\-KARAKAPLI-  $$$\MareLux\PROJELER\EMT\CONTROLBOARD\CONTROLBOARD\POWER.SchDoc with SBDK 5,08-E1/2 MR from MareLux24Lib.SchLib
Replace Part J? SBDK 5,08-E1/2 MR in D:\BTR\-KARAKAPLI-  $$$\MareLux\PROJELER\EMT\CONTROLBOARD\CONTROLBOARD\POWER.SchDoc with SBDK 5,08-E1/2 MR from MareLux24Lib.SchLib
Replace Part J? SBDK 5,08-E1/2 MR in D:\BTR\-KARAKAPLI-  $$$\MareLux\PROJELER\EMT\CONTROLBOARD\CONTROLBOARD\POWER.SchDoc with SBDK 5,08-E1/2 MR from MareLux24Lib.SchLib
Replace Part J? SBDK 5,08-E1/2 MR in D:\BTR\-KARAKAPLI-  $$$\MareLux\PROJELER\EMT\CONTROLBOARD\CONTROLBOARD\POWER.SchDoc with SBDK 5,08-E1/2 MR from MareLux24Lib.SchLib
Replace Part L2 BMRB00060630100MA1 in D:\BTR\-KARAKAPLI-  $$$\MareLux\PROJELER\EMT\CONTROLBOARD\CONTROLBOARD\POWER.SchDoc with BMRB00060630100MA1 from MareLux24Lib.SchLib
Replace Part Q65 SQM110P06-8M9L_GE3 in D:\BTR\-KARAKAPLI-  $$$\MareLux\PROJELER\EMT\CONTROLBOARD\CONTROLBOARD\POWER.SchDoc with SQM110P06-8M9L_GE3 from MareLux24Lib.SchLib
Replace Part Q? SQM110P06-8M9L_GE3 in D:\BTR\-KARAKAPLI-  $$$\MareLux\PROJELER\EMT\CONTROLBOARD\CONTROLBOARD\POWER.SchDoc with SQM110P06-8M9L_GE3 from MareLux24Lib.SchLib
Replace Part R165 RES_GEN_SMD in D:\BTR\-KARAKAPLI-  $$$\MareLux\PROJELER\EMT\CONTROLBOARD\CONTROLBOARD\POWER.SchDoc with RES_GEN_SMD from MareLux24Lib.SchLib
Replace Part R167 RES_GEN_SMD in D:\BTR\-KARAKAPLI-  $$$\MareLux\PROJELER\EMT\CONTROLBOARD\CONTROLBOARD\POWER.SchDoc with RES_GEN_SMD from MareLux24Lib.SchLib
Replace Part R168 RES_GEN_SMD in D:\BTR\-KARAKAPLI-  $$$\MareLux\PROJELER\EMT\CONTROLBOARD\CONTROLBOARD\POWER.SchDoc with RES_GEN_SMD from MareLux24Lib.SchLib
Replace Part R169 RES_GEN_SMD in D:\BTR\-KARAKAPLI-  $$$\MareLux\PROJELER\EMT\CONTROLBOARD\CONTROLBOARD\POWER.SchDoc with RES_GEN_SMD from MareLux24Lib.SchLib
Replace Part R170 RES_GEN_SMD in D:\BTR\-KARAKAPLI-  $$$\MareLux\PROJELER\EMT\CONTROLBOARD\CONTROLBOARD\POWER.SchDoc with RES_GEN_SMD from MareLux24Lib.SchLib
Replace Part R171 RES_GEN_SMD in D:\BTR\-KARAKAPLI-  $$$\MareLux\PROJELER\EMT\CONTROLBOARD\CONTROLBOARD\POWER.SchDoc with RES_GEN_SMD from MareLux24Lib.SchLib
Replace Part R172 RES_GEN_SMD in D:\BTR\-KARAKAPLI-  $$$\MareLux\PROJELER\EMT\CONTROLBOARD\CONTROLBOARD\POWER.SchDoc with RES_GEN_SMD from MareLux24Lib.SchLib
Replace Part R? RES_GEN_SMD in D:\BTR\-KARAKAPLI-  $$$\MareLux\PROJELER\EMT\CONTROLBOARD\CONTROLBOARD\POWER.SchDoc with RES_GEN_SMD from MareLux24Lib.SchLib
Replace Part R? RES_GEN_SMD in D:\BTR\-KARAKAPLI-  $$$\MareLux\PROJELER\EMT\CONTROLBOARD\CONTROLBOARD\POWER.SchDoc with RES_GEN_SMD from MareLux24Lib.SchLib
Replace Part R? PMR100HZPFU5L00 in D:\BTR\-KARAKAPLI-  $$$\MareLux\PROJELER\EMT\CONTROLBOARD\CONTROLBOARD\POWER.SchDoc with PMR100HZPFU5L00 from MareLux24Lib.SchLib
Replace Part R? SL32 0R530 in D:\BTR\-KARAKAPLI-  $$$\MareLux\PROJELER\EMT\CONTROLBOARD\CONTROLBOARD\POWER.SchDoc with SL32 0R530 from MareLux24Lib.SchLib
Replace Part U INA180A2IDBVR in D:\BTR\-KARAKAPLI-  $$$\MareLux\PROJELER\EMT\CONTROLBOARD\CONTROLBOARD\POWER.SchDoc with INA180A2IDBVR from MareLux24Lib.SchLib
Replace Part U8 AMS1117-ADJ in D:\BTR\-KARAKAPLI-  $$$\MareLux\PROJELER\EMT\CONTROLBOARD\CONTROLBOARD\POWER.SchDoc with AMS1117-ADJ from MareLux24Lib.SchLib
Replace Part U9 AP63200WU-7 in D:\BTR\-KARAKAPLI-  $$$\MareLux\PROJELER\EMT\CONTROLBOARD\CONTROLBOARD\POWER.SchDoc with AP63200WU-7 from MareLux24Lib.SchLib
